[ 2016-03-14T00:39:08+08:00 ] 192.168.1.4 /movier/api/Publish/works?token=asdqwe
INFO: [ app_init ] --START--
INFO: Run Behavior\BuildLiteBehavior [ RunTime:0.000017s ]
INFO: [ app_init ] --END-- [ RunTime:0.000935s ]
INFO: [ app_begin ] --START--
INFO: Run Behavior\ReadHtmlCacheBehavior [ RunTime:0.001440s ]
INFO: [ app_begin ] --END-- [ RunTime:0.001507s ]
NOTIC: [2048] Declaration of Api\Controller\CommonController::error() should be compatible with Think\Controller::error($message = '', $jumpUrl = '', $ajax = false) D:\Develop\WWW\movier\api\Application\Api\Controller\CommonController.class.php 第 142 行.
NOTIC: [2048] Declaration of Api\Controller\CommonController::success() should be compatible with Think\Controller::success($message = '', $jumpUrl = '', $ajax = false) D:\Develop\WWW\movier\api\Application\Api\Controller\CommonController.class.php 第 142 行.
SQL: SHOW COLUMNS FROM `works` [ RunTime:1.6969s ]
SQL: INSERT INTO `works` (`title`,`description`,`style`,`cost`,`unit`,`from`,`user_id`,`create_time`) VALUES ('哈哈','轰轰烈烈','','','','0','31','1457887148') [ RunTime:0.0802s ]
SQL: SHOW COLUMNS FROM `photos` [ RunTime:0.0082s ]
SQL: INSERT INTO `photos` (`photo_name`,`photo_folder`,`photo_type`,`user_id`,`source_type`,`source_id`,`create_time`) VALUES ('56e597aca5b65','works/2016-03-14/','jpeg','31','works','39','1457887148') [ RunTime:0.0539s ]

[ 2016-03-14T00:40:11+08:00 ] 192.168.1.4 /movier/api/Publish/works?token=asdqwe
INFO: [ app_init ] --START--
INFO: Run Behavior\BuildLiteBehavior [ RunTime:0.000018s ]
INFO: [ app_init ] --END-- [ RunTime:0.000870s ]
INFO: [ app_begin ] --START--
INFO: Run Behavior\ReadHtmlCacheBehavior [ RunTime:0.001482s ]
INFO: [ app_begin ] --END-- [ RunTime:0.001554s ]
NOTIC: [2048] Declaration of Api\Controller\CommonController::error() should be compatible with Think\Controller::error($message = '', $jumpUrl = '', $ajax = false) D:\Develop\WWW\movier\api\Application\Api\Controller\CommonController.class.php 第 142 行.
NOTIC: [2048] Declaration of Api\Controller\CommonController::success() should be compatible with Think\Controller::success($message = '', $jumpUrl = '', $ajax = false) D:\Develop\WWW\movier\api\Application\Api\Controller\CommonController.class.php 第 142 行.
SQL: SHOW COLUMNS FROM `works` [ RunTime:0.0043s ]
SQL: INSERT INTO `works` (`title`,`description`,`style`,`cost`,`unit`,`from`,`user_id`,`create_time`) VALUES ('出来了','踢','','','','0','31','1457887210') [ RunTime:0.3660s ]
SQL: SHOW COLUMNS FROM `photos` [ RunTime:0.0083s ]
SQL: INSERT INTO `photos` (`photo_name`,`photo_folder`,`photo_type`,`user_id`,`source_type`,`source_id`,`create_time`) VALUES ('56e597eb00b53','works/2016-03-14/','jpeg','31','works','40','1457887211') [ RunTime:0.0695s ]

[ 2016-03-14T00:49:24+08:00 ] 192.168.1.4 /movier/api/Publish/works?token=asdqwe
INFO: [ app_init ] --START--
INFO: Run Behavior\BuildLiteBehavior [ RunTime:0.000023s ]
INFO: [ app_init ] --END-- [ RunTime:0.001225s ]
INFO: [ app_begin ] --START--
INFO: Run Behavior\ReadHtmlCacheBehavior [ RunTime:0.001462s ]
INFO: [ app_begin ] --END-- [ RunTime:0.001536s ]
NOTIC: [2048] Declaration of Api\Controller\CommonController::error() should be compatible with Think\Controller::error($message = '', $jumpUrl = '', $ajax = false) D:\Develop\WWW\movier\api\Application\Api\Controller\CommonController.class.php 第 142 行.
NOTIC: [2048] Declaration of Api\Controller\CommonController::success() should be compatible with Think\Controller::success($message = '', $jumpUrl = '', $ajax = false) D:\Develop\WWW\movier\api\Application\Api\Controller\CommonController.class.php 第 142 行.
SQL: SHOW COLUMNS FROM `works` [ RunTime:0.0042s ]
SQL: INSERT INTO `works` (`title`,`description`,`style`,`cost`,`unit`,`from`,`user_id`,`create_time`) VALUES ('','','','','','0','31','1457887762') [ RunTime:1.5941s ]
SQL: SHOW COLUMNS FROM `photos` [ RunTime:0.0100s ]

[ 2016-03-14T01:01:14+08:00 ] 192.168.1.4 /movier/api/Publish/works?token=asdqwe
INFO: [ app_init ] --START--
INFO: Run Behavior\BuildLiteBehavior [ RunTime:0.000019s ]
INFO: [ app_init ] --END-- [ RunTime:0.001044s ]
INFO: [ app_begin ] --START--
INFO: Run Behavior\ReadHtmlCacheBehavior [ RunTime:0.001752s ]
INFO: [ app_begin ] --END-- [ RunTime:0.001826s ]
NOTIC: [2048] Declaration of Api\Controller\CommonController::error() should be compatible with Think\Controller::error($message = '', $jumpUrl = '', $ajax = false) D:\Develop\WWW\movier\api\Application\Api\Controller\CommonController.class.php 第 142 行.
NOTIC: [2048] Declaration of Api\Controller\CommonController::success() should be compatible with Think\Controller::success($message = '', $jumpUrl = '', $ajax = false) D:\Develop\WWW\movier\api\Application\Api\Controller\CommonController.class.php 第 142 行.
SQL: SHOW COLUMNS FROM `works` [ RunTime:0.0045s ]
SQL: INSERT INTO `works` (`title`,`description`,`style`,`cost`,`unit`,`from`,`user_id`,`create_time`) VALUES ('米经理接龙米经理可口','','','','','0','31','1457888472') [ RunTime:1.7601s ]
SQL: SHOW COLUMNS FROM `photos` [ RunTime:0.0514s ]

[ 2016-03-14T02:34:30+08:00 ] 192.168.1.4 /movier/api/Publish/works?token=asdqwe
INFO: [ app_init ] --START--
INFO: Run Behavior\BuildLiteBehavior [ RunTime:0.000033s ]
INFO: [ app_init ] --END-- [ RunTime:0.001854s ]
INFO: [ app_begin ] --START--
INFO: Run Behavior\ReadHtmlCacheBehavior [ RunTime:0.002034s ]
INFO: [ app_begin ] --END-- [ RunTime:0.002132s ]
NOTIC: [2048] Declaration of Api\Controller\CommonController::error() should be compatible with Think\Controller::error($message = '', $jumpUrl = '', $ajax = false) D:\Develop\WWW\movier\api\Application\Api\Controller\CommonController.class.php 第 142 行.
NOTIC: [2048] Declaration of Api\Controller\CommonController::success() should be compatible with Think\Controller::success($message = '', $jumpUrl = '', $ajax = false) D:\Develop\WWW\movier\api\Application\Api\Controller\CommonController.class.php 第 142 行.
SQL: SHOW COLUMNS FROM `works` [ RunTime:0.0053s ]
SQL: INSERT INTO `works` (`title`,`description`,`style`,`cost`,`unit`,`from`,`user_id`,`create_time`) VALUES ('哈哈','家里来','','','','2','31','1457894070') [ RunTime:0.0854s ]
SQL: SHOW COLUMNS FROM `photos` [ RunTime:0.0082s ]

[ 2016-03-14T02:39:15+08:00 ] 192.168.1.4 /movier/api/Publish/works?token=asdqwe
INFO: [ app_init ] --START--
INFO: Run Behavior\BuildLiteBehavior [ RunTime:0.000030s ]
INFO: [ app_init ] --END-- [ RunTime:0.001245s ]
INFO: [ app_begin ] --START--
INFO: Run Behavior\ReadHtmlCacheBehavior [ RunTime:0.001868s ]
INFO: [ app_begin ] --END-- [ RunTime:0.001950s ]
NOTIC: [2048] Declaration of Api\Controller\CommonController::error() should be compatible with Think\Controller::error($message = '', $jumpUrl = '', $ajax = false) D:\Develop\WWW\movier\api\Application\Api\Controller\CommonController.class.php 第 142 行.
NOTIC: [2048] Declaration of Api\Controller\CommonController::success() should be compatible with Think\Controller::success($message = '', $jumpUrl = '', $ajax = false) D:\Develop\WWW\movier\api\Application\Api\Controller\CommonController.class.php 第 142 行.
SQL: SHOW COLUMNS FROM `works` [ RunTime:0.0270s ]
SQL: INSERT INTO `works` (`title`,`description`,`style`,`cost`,`unit`,`from`,`user_id`,`create_time`) VALUES ('第一件作品','APP测试作品','自拍作品','10','元','1','31','1457894355') [ RunTime:0.1044s ]
SQL: SHOW COLUMNS FROM `photos` [ RunTime:0.0088s ]
SQL: INSERT INTO `photos` (`photo_name`,`photo_folder`,`photo_type`,`user_id`,`source_type`,`source_id`,`create_time`) VALUES ('56e5b3d34f01b','works/2016-03-14/','jpeg','31','works','44','1457894355') [ RunTime:0.0361s ]
SQL: INSERT INTO `photos` (`photo_name`,`photo_folder`,`photo_type`,`user_id`,`source_type`,`source_id`,`create_time`) VALUES ('56e5b3d359808','works/2016-03-14/','jpeg','31','works','44','1457894355') [ RunTime:0.0480s ]

[ 2016-03-14T14:53:16+08:00 ] 192.168.1.4 /movier/api/User/userinfo?token=asdqwe
INFO: [ app_init ] --START--
INFO: Run Behavior\BuildLiteBehavior [ RunTime:0.000023s ]
INFO: [ app_init ] --END-- [ RunTime:0.018224s ]
INFO: [ app_begin ] --START--
INFO: Run Behavior\ReadHtmlCacheBehavior [ RunTime:0.015690s ]
INFO: [ app_begin ] --END-- [ RunTime:0.015796s ]
NOTIC: [2048] Declaration of Api\Controller\CommonController::error() should be compatible with Think\Controller::error($message = '', $jumpUrl = '', $ajax = false) D:\Develop\WWW\movier\api\Application\Api\Controller\CommonController.class.php 第 142 行.
NOTIC: [2048] Declaration of Api\Controller\CommonController::success() should be compatible with Think\Controller::success($message = '', $jumpUrl = '', $ajax = false) D:\Develop\WWW\movier\api\Application\Api\Controller\CommonController.class.php 第 142 行.
SQL: SHOW COLUMNS FROM `users` [ RunTime:0.1492s ]
SQL: SELECT * FROM `users` WHERE ( user_id=31 ) LIMIT 1   [ RunTime:0.0007s ]

[ 2016-03-14T15:02:04+08:00 ] 192.168.1.4 /movier/api/User/userinfo?token=asdqwe
INFO: [ app_init ] --START--
INFO: Run Behavior\BuildLiteBehavior [ RunTime:0.000020s ]
INFO: [ app_init ] --END-- [ RunTime:0.001043s ]
INFO: [ app_begin ] --START--
INFO: Run Behavior\ReadHtmlCacheBehavior [ RunTime:0.002169s ]
INFO: [ app_begin ] --END-- [ RunTime:0.002280s ]
NOTIC: [2048] Declaration of Api\Controller\CommonController::error() should be compatible with Think\Controller::error($message = '', $jumpUrl = '', $ajax = false) D:\Develop\WWW\movier\api\Application\Api\Controller\CommonController.class.php 第 142 行.
NOTIC: [2048] Declaration of Api\Controller\CommonController::success() should be compatible with Think\Controller::success($message = '', $jumpUrl = '', $ajax = false) D:\Develop\WWW\movier\api\Application\Api\Controller\CommonController.class.php 第 142 行.
SQL: SHOW COLUMNS FROM `users` [ RunTime:0.0437s ]
SQL: SELECT * FROM `users` WHERE ( user_id=31 ) LIMIT 1   [ RunTime:0.0004s ]

