[ 2016-03-13T05:52:39+08:00 ] 192.168.1.6 /movier/api/Publish/works?token=asdqwe
INFO: [ app_init ] --START--
INFO: Run Behavior\BuildLiteBehavior [ RunTime:0.000017s ]
INFO: [ app_init ] --END-- [ RunTime:0.000837s ]
INFO: [ app_begin ] --START--
INFO: Run Behavior\ReadHtmlCacheBehavior [ RunTime:0.001498s ]
INFO: [ app_begin ] --END-- [ RunTime:0.001569s ]
NOTIC: [2048] Declaration of Api\Controller\CommonController::error() should be compatible with Think\Controller::error($message = '', $jumpUrl = '', $ajax = false) D:\Develop\WWW\movier\api\Application\Api\Controller\CommonController.class.php 第 142 行.
NOTIC: [2048] Declaration of Api\Controller\CommonController::success() should be compatible with Think\Controller::success($message = '', $jumpUrl = '', $ajax = false) D:\Develop\WWW\movier\api\Application\Api\Controller\CommonController.class.php 第 142 行.
SQL: SHOW COLUMNS FROM `works` [ RunTime:0.0426s ]
SQL: INSERT INTO `works` (`title`,`description`,`style`,`cost`,`unit`,`from`,`user_id`,`create_time`) VALUES ('','','','','','0','31','1457819559') [ RunTime:0.0605s ]
SQL: SHOW COLUMNS FROM `photos` [ RunTime:0.0100s ]
ERR: 测试用户ID:31
ERR: 作品ID:33
ERR: 测试日志信息:a:5:{s:3:"ext";s:4:"jpeg";s:4:"name";s:18:"201603130552397933";s:8:"savename";s:13:"56e48fa71db9b";s:12:"savefullname";s:18:"56e48fa71db9b.jpeg";s:8:"savepath";s:17:"works/2016-03-13/";}

[ 2016-03-13T05:52:57+08:00 ] 192.168.1.6 /movier/api/Publish/works?token=asdqwe
INFO: [ app_init ] --START--
INFO: Run Behavior\BuildLiteBehavior [ RunTime:0.000018s ]
INFO: [ app_init ] --END-- [ RunTime:0.001145s ]
INFO: [ app_begin ] --START--
INFO: Run Behavior\ReadHtmlCacheBehavior [ RunTime:0.001646s ]
INFO: [ app_begin ] --END-- [ RunTime:0.001720s ]
NOTIC: [2048] Declaration of Api\Controller\CommonController::error() should be compatible with Think\Controller::error($message = '', $jumpUrl = '', $ajax = false) D:\Develop\WWW\movier\api\Application\Api\Controller\CommonController.class.php 第 142 行.
NOTIC: [2048] Declaration of Api\Controller\CommonController::success() should be compatible with Think\Controller::success($message = '', $jumpUrl = '', $ajax = false) D:\Develop\WWW\movier\api\Application\Api\Controller\CommonController.class.php 第 142 行.
SQL: SHOW COLUMNS FROM `works` [ RunTime:0.0043s ]
SQL: INSERT INTO `works` (`title`,`description`,`style`,`cost`,`unit`,`from`,`user_id`,`create_time`) VALUES ('','','','','','0','31','1457819577') [ RunTime:0.1010s ]
SQL: SHOW COLUMNS FROM `photos` [ RunTime:0.0101s ]
ERR: 测试用户ID:31
ERR: 作品ID:34
ERR: 测试日志信息:a:5:{s:3:"ext";s:4:"jpeg";s:4:"name";s:18:"201603130552578187";s:8:"savename";s:13:"56e48fb97ea89";s:12:"savefullname";s:18:"56e48fb97ea89.jpeg";s:8:"savepath";s:17:"works/2016-03-13/";}

[ 2016-03-13T17:52:15+08:00 ] 192.168.1.6 /movier/api/Publish/works?token=asdqwe
INFO: [ app_init ] --START--
INFO: Run Behavior\BuildLiteBehavior [ RunTime:0.000048s ]
INFO: [ app_init ] --END-- [ RunTime:0.000998s ]
INFO: [ app_begin ] --START--
INFO: Run Behavior\ReadHtmlCacheBehavior [ RunTime:0.001626s ]
INFO: [ app_begin ] --END-- [ RunTime:0.001713s ]
NOTIC: [2048] Declaration of Api\Controller\CommonController::error() should be compatible with Think\Controller::error($message = '', $jumpUrl = '', $ajax = false) D:\Develop\WWW\movier\api\Application\Api\Controller\CommonController.class.php 第 142 行.
NOTIC: [2048] Declaration of Api\Controller\CommonController::success() should be compatible with Think\Controller::success($message = '', $jumpUrl = '', $ajax = false) D:\Develop\WWW\movier\api\Application\Api\Controller\CommonController.class.php 第 142 行.
SQL: SHOW COLUMNS FROM `works` [ RunTime:0.0045s ]
SQL: INSERT INTO `works` (`title`,`description`,`style`,`cost`,`unit`,`from`,`user_id`,`create_time`) VALUES ('','','','','','0','31','1457862735') [ RunTime:0.0788s ]
SQL: SHOW COLUMNS FROM `photos` [ RunTime:0.0052s ]

[ 2016-03-13T17:53:06+08:00 ] 192.168.1.6 /movier/api/Publish/works?token=asdqwe
INFO: [ app_init ] --START--
INFO: Run Behavior\BuildLiteBehavior [ RunTime:0.000017s ]
INFO: [ app_init ] --END-- [ RunTime:0.000896s ]
INFO: [ app_begin ] --START--
INFO: Run Behavior\ReadHtmlCacheBehavior [ RunTime:0.001419s ]
INFO: [ app_begin ] --END-- [ RunTime:0.001485s ]
NOTIC: [2048] Declaration of Api\Controller\CommonController::error() should be compatible with Think\Controller::error($message = '', $jumpUrl = '', $ajax = false) D:\Develop\WWW\movier\api\Application\Api\Controller\CommonController.class.php 第 142 行.
NOTIC: [2048] Declaration of Api\Controller\CommonController::success() should be compatible with Think\Controller::success($message = '', $jumpUrl = '', $ajax = false) D:\Develop\WWW\movier\api\Application\Api\Controller\CommonController.class.php 第 142 行.
SQL: SHOW COLUMNS FROM `works` [ RunTime:0.0047s ]
SQL: INSERT INTO `works` (`title`,`description`,`style`,`cost`,`unit`,`from`,`user_id`,`create_time`) VALUES ('','','','','','0','31','1457862786') [ RunTime:0.0878s ]
SQL: SHOW COLUMNS FROM `photos` [ RunTime:0.0094s ]

[ 2016-03-13T17:53:56+08:00 ] 192.168.1.6 /movier/api/Publish/works?token=asdqwe
INFO: [ app_init ] --START--
INFO: Run Behavior\BuildLiteBehavior [ RunTime:0.000019s ]
INFO: [ app_init ] --END-- [ RunTime:0.000918s ]
INFO: [ app_begin ] --START--
INFO: Run Behavior\ReadHtmlCacheBehavior [ RunTime:0.001772s ]
INFO: [ app_begin ] --END-- [ RunTime:0.001878s ]
NOTIC: [2048] Declaration of Api\Controller\CommonController::error() should be compatible with Think\Controller::error($message = '', $jumpUrl = '', $ajax = false) D:\Develop\WWW\movier\api\Application\Api\Controller\CommonController.class.php 第 142 行.
NOTIC: [2048] Declaration of Api\Controller\CommonController::success() should be compatible with Think\Controller::success($message = '', $jumpUrl = '', $ajax = false) D:\Develop\WWW\movier\api\Application\Api\Controller\CommonController.class.php 第 142 行.
SQL: SHOW COLUMNS FROM `works` [ RunTime:0.0044s ]
SQL: INSERT INTO `works` (`title`,`description`,`style`,`cost`,`unit`,`from`,`user_id`,`create_time`) VALUES ('','','','','','0','31','1457862836') [ RunTime:0.0828s ]
SQL: SHOW COLUMNS FROM `photos` [ RunTime:0.0044s ]
SQL: INSERT INTO `photos` (`photo_name`,`photo_folder`,`photo_type`,`user_id`,`source_type`,`source_id`,`create_time`) VALUES ('56e538b445f42','works/2016-03-13/','jpeg','31','works','37','1457862836') [ RunTime:0.0675s ]

[ 2016-03-13T17:55:40+08:00 ] 192.168.1.4 /movier/api/Publish/works?token=asdqwe
INFO: [ app_init ] --START--
INFO: Run Behavior\BuildLiteBehavior [ RunTime:0.000017s ]
INFO: [ app_init ] --END-- [ RunTime:0.000935s ]
INFO: [ app_begin ] --START--
INFO: Run Behavior\ReadHtmlCacheBehavior [ RunTime:0.001960s ]
INFO: [ app_begin ] --END-- [ RunTime:0.002061s ]
NOTIC: [2048] Declaration of Api\Controller\CommonController::error() should be compatible with Think\Controller::error($message = '', $jumpUrl = '', $ajax = false) D:\Develop\WWW\movier\api\Application\Api\Controller\CommonController.class.php 第 142 行.
NOTIC: [2048] Declaration of Api\Controller\CommonController::success() should be compatible with Think\Controller::success($message = '', $jumpUrl = '', $ajax = false) D:\Develop\WWW\movier\api\Application\Api\Controller\CommonController.class.php 第 142 行.
SQL: SHOW COLUMNS FROM `works` [ RunTime:0.0047s ]
SQL: INSERT INTO `works` (`title`,`description`,`style`,`cost`,`unit`,`from`,`user_id`,`create_time`) VALUES ('还','退','','','','0','31','1457862940') [ RunTime:0.3770s ]
SQL: SHOW COLUMNS FROM `photos` [ RunTime:0.0082s ]
SQL: INSERT INTO `photos` (`photo_name`,`photo_folder`,`photo_type`,`user_id`,`source_type`,`source_id`,`create_time`) VALUES ('56e5391c712bc','works/2016-03-13/','jpeg','31','works','38','1457862940') [ RunTime:0.1003s ]
SQL: INSERT INTO `photos` (`photo_name`,`photo_folder`,`photo_type`,`user_id`,`source_type`,`source_id`,`create_time`) VALUES ('56e5391c8aa59','works/2016-03-13/','jpeg','31','works','38','1457862940') [ RunTime:0.0836s ]
SQL: INSERT INTO `photos` (`photo_name`,`photo_folder`,`photo_type`,`user_id`,`source_type`,`source_id`,`create_time`) VALUES ('56e5391ca0439','works/2016-03-13/','jpeg','31','works','38','1457862940') [ RunTime:0.0314s ]
SQL: INSERT INTO `photos` (`photo_name`,`photo_folder`,`photo_type`,`user_id`,`source_type`,`source_id`,`create_time`) VALUES ('56e5391ca9541','works/2016-03-13/','jpeg','31','works','38','1457862940') [ RunTime:0.0351s ]
SQL: INSERT INTO `photos` (`photo_name`,`photo_folder`,`photo_type`,`user_id`,`source_type`,`source_id`,`create_time`) VALUES ('56e5391cb35e3','works/2016-03-13/','jpeg','31','works','38','1457862940') [ RunTime:0.0860s ]
SQL: INSERT INTO `photos` (`photo_name`,`photo_folder`,`photo_type`,`user_id`,`source_type`,`source_id`,`create_time`) VALUES ('56e5391cc9f4d','works/2016-03-13/','jpeg','31','works','38','1457862940') [ RunTime:0.0344s ]

