[ 2016-05-05T03:16:28+08:00 ] 192.168.1.4 /movier/api/Publish/create?token=asdqwe
INFO: [ app_init ] --START--
INFO: Run Behavior\BuildLiteBehavior [ RunTime:0.000021s ]
INFO: [ app_init ] --END-- [ RunTime:0.001261s ]
INFO: [ app_begin ] --START--
INFO: Run Behavior\ReadHtmlCacheBehavior [ RunTime:0.002049s ]
INFO: [ app_begin ] --END-- [ RunTime:0.002144s ]
NOTIC: [2048] Declaration of Api\Controller\CommonController::error() should be compatible with Think\Controller::error($message = '', $jumpUrl = '', $ajax = false) D:\Develop\WWW\movier\api\Application\Api\Controller\CommonController.class.php 第 142 行.
NOTIC: [2048] Declaration of Api\Controller\CommonController::success() should be compatible with Think\Controller::success($message = '', $jumpUrl = '', $ajax = false) D:\Develop\WWW\movier\api\Application\Api\Controller\CommonController.class.php 第 142 行.
SQL: SHOW COLUMNS FROM `publish` [ RunTime:0.0057s ]
SQL: INSERT INTO `publish` (`publishtype`,`style`,`cost`,`unit`,`user_id`,`create_time`,`title`,`description`) VALUES ('works','莫急咯了','4595','元','31','1462389388','敏敏姐','固体') [ RunTime:0.1025s ]
SQL: SHOW COLUMNS FROM `photos` [ RunTime:0.0048s ]
SQL: INSERT INTO `photos` (`photo_name`,`photo_folder`,`photo_type`,`user_id`,`source_type`,`source_id`,`create_time`) VALUES ('572a4a8cdc90b','publish/2016-05-05/','jpeg','31','works','6','1462389388') [ RunTime:0.0418s ]

[ 2016-05-05T03:22:15+08:00 ] 192.168.1.4 /movier/api/Publish/create?token=asdqwe
INFO: [ app_init ] --START--
INFO: Run Behavior\BuildLiteBehavior [ RunTime:0.000018s ]
INFO: [ app_init ] --END-- [ RunTime:0.000929s ]
INFO: [ app_begin ] --START--
INFO: Run Behavior\ReadHtmlCacheBehavior [ RunTime:0.001613s ]
INFO: [ app_begin ] --END-- [ RunTime:0.001688s ]
NOTIC: [2048] Declaration of Api\Controller\CommonController::error() should be compatible with Think\Controller::error($message = '', $jumpUrl = '', $ajax = false) D:\Develop\WWW\movier\api\Application\Api\Controller\CommonController.class.php 第 142 行.
NOTIC: [2048] Declaration of Api\Controller\CommonController::success() should be compatible with Think\Controller::success($message = '', $jumpUrl = '', $ajax = false) D:\Develop\WWW\movier\api\Application\Api\Controller\CommonController.class.php 第 142 行.
SQL: SHOW COLUMNS FROM `publish` [ RunTime:0.0052s ]
SQL: INSERT INTO `publish` (`publishtype`,`user_id`,`create_time`,`title`,`description`) VALUES ('trade','31','1462389734','您米','你女') [ RunTime:1.0745s ]
SQL: SHOW COLUMNS FROM `photos` [ RunTime:0.0090s ]
SQL: INSERT INTO `photos` (`photo_name`,`photo_folder`,`photo_type`,`user_id`,`source_type`,`source_id`,`create_time`) VALUES ('572a4be7cfdd1','publish/2016-05-05/','jpeg','31','trade','7','1462389735') [ RunTime:0.0746s ]

[ 2016-05-05T03:23:12+08:00 ] 192.168.1.4 /movier/api/Publish/create?token=asdqwe
INFO: [ app_init ] --START--
INFO: Run Behavior\BuildLiteBehavior [ RunTime:0.000028s ]
INFO: [ app_init ] --END-- [ RunTime:0.001119s ]
INFO: [ app_begin ] --START--
INFO: Run Behavior\ReadHtmlCacheBehavior [ RunTime:0.001678s ]
INFO: [ app_begin ] --END-- [ RunTime:0.001758s ]
NOTIC: [2048] Declaration of Api\Controller\CommonController::error() should be compatible with Think\Controller::error($message = '', $jumpUrl = '', $ajax = false) D:\Develop\WWW\movier\api\Application\Api\Controller\CommonController.class.php 第 142 行.
NOTIC: [2048] Declaration of Api\Controller\CommonController::success() should be compatible with Think\Controller::success($message = '', $jumpUrl = '', $ajax = false) D:\Develop\WWW\movier\api\Application\Api\Controller\CommonController.class.php 第 142 行.
SQL: SHOW COLUMNS FROM `publish` [ RunTime:0.0060s ]
SQL: INSERT INTO `publish` (`publishtype`,`contact`,`user_id`,`create_time`,`title`,`description`) VALUES ('demand','18620081053','31','1462389791','你没看见','具体') [ RunTime:1.1970s ]
SQL: SHOW COLUMNS FROM `photos` [ RunTime:0.0078s ]
SQL: INSERT INTO `photos` (`photo_name`,`photo_folder`,`photo_type`,`user_id`,`source_type`,`source_id`,`create_time`) VALUES ('572a4c208f6ce','publish/2016-05-05/','jpeg','31','demand','8','1462389792') [ RunTime:0.0620s ]

[ 2016-05-05T03:24:01+08:00 ] 192.168.1.4 /movier/api/Publish/create?token=asdqwe
INFO: [ app_init ] --START--
INFO: Run Behavior\BuildLiteBehavior [ RunTime:0.000020s ]
INFO: [ app_init ] --END-- [ RunTime:0.000927s ]
INFO: [ app_begin ] --START--
INFO: Run Behavior\ReadHtmlCacheBehavior [ RunTime:0.001903s ]
INFO: [ app_begin ] --END-- [ RunTime:0.001997s ]
NOTIC: [2048] Declaration of Api\Controller\CommonController::error() should be compatible with Think\Controller::error($message = '', $jumpUrl = '', $ajax = false) D:\Develop\WWW\movier\api\Application\Api\Controller\CommonController.class.php 第 142 行.
NOTIC: [2048] Declaration of Api\Controller\CommonController::success() should be compatible with Think\Controller::success($message = '', $jumpUrl = '', $ajax = false) D:\Develop\WWW\movier\api\Application\Api\Controller\CommonController.class.php 第 142 行.
SQL: SHOW COLUMNS FROM `publish` [ RunTime:0.0057s ]
SQL: INSERT INTO `publish` (`publishtype`,`attribute`,`location`,`preference_sex`,`preference_member`,`preference_job`,`contact`,`cost`,`user_id`,`create_time`,`title`,`description`) VALUES ('event','1','图看看','1','1','1','18620081053','0','31','1462389840','哈','兔兔') [ RunTime:0.3791s ]
SQL: SHOW COLUMNS FROM `photos` [ RunTime:0.0056s ]
SQL: INSERT INTO `photos` (`photo_name`,`photo_folder`,`photo_type`,`user_id`,`source_type`,`source_id`,`create_time`) VALUES ('572a4c511c737','publish/2016-05-05/','jpeg','31','event','9','1462389841') [ RunTime:0.0658s ]

