[ 2016-02-25T04:08:48+08:00 ] 192.168.1.106 /mlbspa/api/User/getmyinfo?token=asdqwe
INFO: [ app_init ] --START--
INFO: Run Behavior\BuildLiteBehavior [ RunTime:0.000024s ]
INFO: [ app_init ] --END-- [ RunTime:0.011870s ]
INFO: [ app_begin ] --START--
INFO: Run Behavior\ReadHtmlCacheBehavior [ RunTime:0.021484s ]
INFO: [ app_begin ] --END-- [ RunTime:0.021590s ]
NOTIC: [2048] Declaration of Api\Controller\CommonController::error() should be compatible with Think\Controller::error($message = '', $jumpUrl = '', $ajax = false) D:\Develop\WWW\mlbspa\api\Application\Api\Controller\CommonController.class.php 第 142 行.
NOTIC: [2048] Declaration of Api\Controller\CommonController::success() should be compatible with Think\Controller::success($message = '', $jumpUrl = '', $ajax = false) D:\Develop\WWW\mlbspa\api\Application\Api\Controller\CommonController.class.php 第 142 行.
SQL: SHOW COLUMNS FROM `members` [ RunTime:0.0119s ]
SQL: SHOW COLUMNS FROM `members` [ RunTime:0.0097s ]
SQL: SELECT * FROM `members` WHERE `user_id` = 9 LIMIT 1   [ RunTime:0.0012s ]

[ 2016-02-25T04:08:54+08:00 ] 192.168.1.106 /mlbspa/api/User/getmyinfo?token=asdqwe
INFO: [ app_init ] --START--
INFO: Run Behavior\BuildLiteBehavior [ RunTime:0.000030s ]
INFO: [ app_init ] --END-- [ RunTime:0.001431s ]
INFO: [ app_begin ] --START--
INFO: Run Behavior\ReadHtmlCacheBehavior [ RunTime:0.000918s ]
INFO: [ app_begin ] --END-- [ RunTime:0.001023s ]
NOTIC: [2048] Declaration of Api\Controller\CommonController::error() should be compatible with Think\Controller::error($message = '', $jumpUrl = '', $ajax = false) D:\Develop\WWW\mlbspa\api\Application\Api\Controller\CommonController.class.php 第 142 行.
NOTIC: [2048] Declaration of Api\Controller\CommonController::success() should be compatible with Think\Controller::success($message = '', $jumpUrl = '', $ajax = false) D:\Develop\WWW\mlbspa\api\Application\Api\Controller\CommonController.class.php 第 142 行.
SQL: SHOW COLUMNS FROM `members` [ RunTime:0.0062s ]
SQL: SHOW COLUMNS FROM `members` [ RunTime:0.0060s ]
SQL: SELECT * FROM `members` WHERE `user_id` = 9 LIMIT 1   [ RunTime:0.0006s ]

[ 2016-02-25T04:08:57+08:00 ] 192.168.1.106 /mlbspa/api/user/gettickets?token=asdqwe
INFO: [ app_init ] --START--
INFO: Run Behavior\BuildLiteBehavior [ RunTime:0.000018s ]
INFO: [ app_init ] --END-- [ RunTime:0.000906s ]
INFO: [ app_begin ] --START--
INFO: Run Behavior\ReadHtmlCacheBehavior [ RunTime:0.000936s ]
INFO: [ app_begin ] --END-- [ RunTime:0.001009s ]
NOTIC: [2048] Declaration of Api\Controller\CommonController::error() should be compatible with Think\Controller::error($message = '', $jumpUrl = '', $ajax = false) D:\Develop\WWW\mlbspa\api\Application\Api\Controller\CommonController.class.php 第 142 行.
NOTIC: [2048] Declaration of Api\Controller\CommonController::success() should be compatible with Think\Controller::success($message = '', $jumpUrl = '', $ajax = false) D:\Develop\WWW\mlbspa\api\Application\Api\Controller\CommonController.class.php 第 142 行.
SQL: SHOW COLUMNS FROM `members` [ RunTime:0.0046s ]
SQL: SHOW COLUMNS FROM `adgoods` [ RunTime:0.0068s ]
SQL: SELECT * FROM `adgoods` WHERE `user_id` = 9  [ RunTime:0.0492s ]

[ 2016-02-25T04:13:11+08:00 ] 192.168.1.106 /mlbspa/api/public/getsmscode?token=asdqwe
INFO: [ app_init ] --START--
INFO: Run Behavior\BuildLiteBehavior [ RunTime:0.000019s ]
INFO: [ app_init ] --END-- [ RunTime:0.001423s ]
INFO: [ app_begin ] --START--
INFO: Run Behavior\ReadHtmlCacheBehavior [ RunTime:0.001892s ]
INFO: [ app_begin ] --END-- [ RunTime:0.002022s ]
NOTIC: [2048] Declaration of Api\Controller\CommonController::error() should be compatible with Think\Controller::error($message = '', $jumpUrl = '', $ajax = false) D:\Develop\WWW\mlbspa\api\Application\Api\Controller\CommonController.class.php 第 142 行.
NOTIC: [2048] Declaration of Api\Controller\CommonController::success() should be compatible with Think\Controller::success($message = '', $jumpUrl = '', $ajax = false) D:\Develop\WWW\mlbspa\api\Application\Api\Controller\CommonController.class.php 第 142 行.
SQL: SHOW COLUMNS FROM `smscode` [ RunTime:0.0064s ]
SQL: SELECT * FROM `smscode` WHERE ( mobile=18578623828 ) LIMIT 1   [ RunTime:0.0003s ]
NOTIC: [8] Undefined variable: rand D:\Develop\WWW\mlbspa\api\Application\Common\Common\function.php 第 161 行.
SQL: UPDATE `smscode` SET `code`='9050',`time`='1456344791' WHERE `mobile` = '18578623828' [ RunTime:0.0386s ]

[ 2016-02-25T04:13:27+08:00 ] 192.168.1.106 /mlbspa/api/spa/getlist?token=asdqwe
INFO: [ app_init ] --START--
INFO: Run Behavior\BuildLiteBehavior [ RunTime:0.000022s ]
INFO: [ app_init ] --END-- [ RunTime:0.001093s ]
INFO: [ app_begin ] --START--
INFO: Run Behavior\ReadHtmlCacheBehavior [ RunTime:0.000889s ]
INFO: [ app_begin ] --END-- [ RunTime:0.000959s ]
NOTIC: [2048] Declaration of Api\Controller\CommonController::error() should be compatible with Think\Controller::error($message = '', $jumpUrl = '', $ajax = false) D:\Develop\WWW\mlbspa\api\Application\Api\Controller\CommonController.class.php 第 142 行.
NOTIC: [2048] Declaration of Api\Controller\CommonController::success() should be compatible with Think\Controller::success($message = '', $jumpUrl = '', $ajax = false) D:\Develop\WWW\mlbspa\api\Application\Api\Controller\CommonController.class.php 第 142 行.
NOTIC: [8] Undefined index: cate_id D:\Develop\WWW\mlbspa\api\Application\Api\Controller\SpaController.class.php 第 33 行.
NOTIC: [8] Undefined index: sort D:\Develop\WWW\mlbspa\api\Application\Api\Controller\SpaController.class.php 第 40 行.
SQL: SHOW COLUMNS FROM `spa` [ RunTime:0.0073s ]
SQL: SELECT spa.*,images.folder as cover_folder,images.name as cover_name,images.type as cover_type FROM `spa` LEFT JOIN images on images.img_id = spa.spa_cover  WHERE `city_id` = '1' AND `order_type` = 1 ORDER BY `spa_id` desc LIMIT 0,10   [ RunTime:0.0359s ]

[ 2016-02-25T04:24:49+08:00 ] 192.168.1.106 /mlbspa/api/spa/getlist?token=asdqwe
INFO: [ app_init ] --START--
INFO: Run Behavior\BuildLiteBehavior [ RunTime:0.000020s ]
INFO: [ app_init ] --END-- [ RunTime:0.001094s ]
INFO: [ app_begin ] --START--
INFO: Run Behavior\ReadHtmlCacheBehavior [ RunTime:0.001887s ]
INFO: [ app_begin ] --END-- [ RunTime:0.002266s ]
NOTIC: [2048] Declaration of Api\Controller\CommonController::error() should be compatible with Think\Controller::error($message = '', $jumpUrl = '', $ajax = false) D:\Develop\WWW\mlbspa\api\Application\Api\Controller\CommonController.class.php 第 142 行.
NOTIC: [2048] Declaration of Api\Controller\CommonController::success() should be compatible with Think\Controller::success($message = '', $jumpUrl = '', $ajax = false) D:\Develop\WWW\mlbspa\api\Application\Api\Controller\CommonController.class.php 第 142 行.
NOTIC: [8] Undefined index: city_id D:\Develop\WWW\mlbspa\api\Application\Api\Controller\SpaController.class.php 第 29 行.
NOTIC: [8] Undefined index: cate_id D:\Develop\WWW\mlbspa\api\Application\Api\Controller\SpaController.class.php 第 33 行.
NOTIC: [8] Undefined index: sort D:\Develop\WWW\mlbspa\api\Application\Api\Controller\SpaController.class.php 第 40 行.
SQL: SHOW COLUMNS FROM `spa` [ RunTime:0.0050s ]
SQL: SELECT spa.*,images.folder as cover_folder,images.name as cover_name,images.type as cover_type FROM `spa` LEFT JOIN images on images.img_id = spa.spa_cover  WHERE `order_type` = 1 ORDER BY `spa_id` desc LIMIT 0,10   [ RunTime:0.0008s ]

[ 2016-02-25T04:25:15+08:00 ] 192.168.1.106 /mlbspa/api/spa/getlist?token=asdqwe
INFO: [ app_init ] --START--
INFO: Run Behavior\BuildLiteBehavior [ RunTime:0.000017s ]
INFO: [ app_init ] --END-- [ RunTime:0.000719s ]
INFO: [ app_begin ] --START--
INFO: Run Behavior\ReadHtmlCacheBehavior [ RunTime:0.000900s ]
INFO: [ app_begin ] --END-- [ RunTime:0.000972s ]
NOTIC: [2048] Declaration of Api\Controller\CommonController::error() should be compatible with Think\Controller::error($message = '', $jumpUrl = '', $ajax = false) D:\Develop\WWW\mlbspa\api\Application\Api\Controller\CommonController.class.php 第 142 行.
NOTIC: [2048] Declaration of Api\Controller\CommonController::success() should be compatible with Think\Controller::success($message = '', $jumpUrl = '', $ajax = false) D:\Develop\WWW\mlbspa\api\Application\Api\Controller\CommonController.class.php 第 142 行.
NOTIC: [8] Undefined index: city_id D:\Develop\WWW\mlbspa\api\Application\Api\Controller\SpaController.class.php 第 29 行.
NOTIC: [8] Undefined index: cate_id D:\Develop\WWW\mlbspa\api\Application\Api\Controller\SpaController.class.php 第 33 行.
NOTIC: [8] Undefined index: sort D:\Develop\WWW\mlbspa\api\Application\Api\Controller\SpaController.class.php 第 40 行.
SQL: SHOW COLUMNS FROM `spa` [ RunTime:0.0045s ]
SQL: SELECT spa.*,images.folder as cover_folder,images.name as cover_name,images.type as cover_type FROM `spa` LEFT JOIN images on images.img_id = spa.spa_cover  WHERE `order_type` = 1 ORDER BY `spa_id` desc LIMIT 0,10   [ RunTime:0.0007s ]

[ 2016-02-25T04:26:07+08:00 ] 192.168.1.106 /mlbspa/api/merchant/getlist?token=asdqwe
INFO: [ app_init ] --START--
INFO: Run Behavior\BuildLiteBehavior [ RunTime:0.000018s ]
INFO: [ app_init ] --END-- [ RunTime:0.000778s ]
INFO: [ app_begin ] --START--
INFO: Run Behavior\ReadHtmlCacheBehavior [ RunTime:0.000842s ]
INFO: [ app_begin ] --END-- [ RunTime:0.000902s ]
NOTIC: [2048] Declaration of Api\Controller\CommonController::error() should be compatible with Think\Controller::error($message = '', $jumpUrl = '', $ajax = false) D:\Develop\WWW\mlbspa\api\Application\Api\Controller\CommonController.class.php 第 142 行.
NOTIC: [2048] Declaration of Api\Controller\CommonController::success() should be compatible with Think\Controller::success($message = '', $jumpUrl = '', $ajax = false) D:\Develop\WWW\mlbspa\api\Application\Api\Controller\CommonController.class.php 第 142 行.
SQL: SHOW COLUMNS FROM `merchant` [ RunTime:0.0105s ]
SQL: SELECT merchant.*,images.folder as cover_folder,images.name as cover_name,images.type as cover_type FROM `merchant` LEFT JOIN images on images.img_id = merchant.merchant_cover  WHERE ( merchant_id=20 ) LIMIT 1   [ RunTime:0.0468s ]
SQL: SELECT merchant.*,images.folder as cover_folder,images.name as cover_name,images.type as cover_type FROM `merchant` LEFT JOIN images on images.img_id = merchant.merchant_cover  WHERE ( merchant_id=1 ) LIMIT 1   [ RunTime:0.0006s ]
SQL: SELECT merchant.*,images.folder as cover_folder,images.name as cover_name,images.type as cover_type FROM `merchant` LEFT JOIN images on images.img_id = merchant.merchant_cover  WHERE ( merchant_id=3 ) LIMIT 1   [ RunTime:0.0005s ]
SQL: SELECT merchant.*,images.folder as cover_folder,images.name as cover_name,images.type as cover_type FROM `merchant` LEFT JOIN images on images.img_id = merchant.merchant_cover  WHERE ( merchant_id=20 ) LIMIT 1   [ RunTime:0.0005s ]
SQL: SELECT merchant.*,images.folder as cover_folder,images.name as cover_name,images.type as cover_type FROM `merchant` LEFT JOIN images on images.img_id = merchant.merchant_cover  WHERE ( merchant_id=2 ) LIMIT 1   [ RunTime:0.0005s ]
SQL: SELECT merchant.*,images.folder as cover_folder,images.name as cover_name,images.type as cover_type FROM `merchant` LEFT JOIN images on images.img_id = merchant.merchant_cover  WHERE ( merchant_id=19 ) LIMIT 1   [ RunTime:0.0006s ]
SQL: SELECT merchant.*,images.folder as cover_folder,images.name as cover_name,images.type as cover_type FROM `merchant` LEFT JOIN images on images.img_id = merchant.merchant_cover  WHERE ( merchant_id=17 ) LIMIT 1   [ RunTime:0.0006s ]
SQL: SELECT merchant.*,images.folder as cover_folder,images.name as cover_name,images.type as cover_type FROM `merchant` LEFT JOIN images on images.img_id = merchant.merchant_cover  WHERE ( merchant_id=21 ) LIMIT 1   [ RunTime:0.0005s ]
SQL: SELECT merchant.*,images.folder as cover_folder,images.name as cover_name,images.type as cover_type FROM `merchant` LEFT JOIN images on images.img_id = merchant.merchant_cover  WHERE ( merchant_id=22 ) LIMIT 1   [ RunTime:0.0005s ]
SQL: SELECT merchant.*,images.folder as cover_folder,images.name as cover_name,images.type as cover_type FROM `merchant` LEFT JOIN images on images.img_id = merchant.merchant_cover  WHERE ( merchant_id=23 ) LIMIT 1   [ RunTime:0.0005s ]

[ 2016-02-25T04:30:21+08:00 ] 192.168.1.106 /mlbspa/api/spa/getlist?token=asdqwe
INFO: [ app_init ] --START--
INFO: Run Behavior\BuildLiteBehavior [ RunTime:0.000018s ]
INFO: [ app_init ] --END-- [ RunTime:0.000948s ]
INFO: [ app_begin ] --START--
INFO: Run Behavior\ReadHtmlCacheBehavior [ RunTime:0.001282s ]
INFO: [ app_begin ] --END-- [ RunTime:0.001357s ]
NOTIC: [2048] Declaration of Api\Controller\CommonController::error() should be compatible with Think\Controller::error($message = '', $jumpUrl = '', $ajax = false) D:\Develop\WWW\mlbspa\api\Application\Api\Controller\CommonController.class.php 第 142 行.
NOTIC: [2048] Declaration of Api\Controller\CommonController::success() should be compatible with Think\Controller::success($message = '', $jumpUrl = '', $ajax = false) D:\Develop\WWW\mlbspa\api\Application\Api\Controller\CommonController.class.php 第 142 行.
NOTIC: [8] Undefined index: cate_id D:\Develop\WWW\mlbspa\api\Application\Api\Controller\SpaController.class.php 第 33 行.
NOTIC: [8] Undefined index: sort D:\Develop\WWW\mlbspa\api\Application\Api\Controller\SpaController.class.php 第 40 行.
SQL: SHOW COLUMNS FROM `spa` [ RunTime:0.0067s ]
SQL: SELECT spa.*,images.folder as cover_folder,images.name as cover_name,images.type as cover_type FROM `spa` LEFT JOIN images on images.img_id = spa.spa_cover  WHERE `city_id` = '1' AND `order_type` = 1 ORDER BY `spa_id` desc LIMIT 0,10   [ RunTime:0.0007s ]

[ 2016-02-25T04:33:09+08:00 ] 192.168.1.106 /mlbspa/api/merchant/getlist?token=asdqwe
INFO: [ app_init ] --START--
INFO: Run Behavior\BuildLiteBehavior [ RunTime:0.000038s ]
INFO: [ app_init ] --END-- [ RunTime:0.001442s ]
INFO: [ app_begin ] --START--
INFO: Run Behavior\ReadHtmlCacheBehavior [ RunTime:0.001258s ]
INFO: [ app_begin ] --END-- [ RunTime:0.001336s ]
NOTIC: [2048] Declaration of Api\Controller\CommonController::error() should be compatible with Think\Controller::error($message = '', $jumpUrl = '', $ajax = false) D:\Develop\WWW\mlbspa\api\Application\Api\Controller\CommonController.class.php 第 142 行.
NOTIC: [2048] Declaration of Api\Controller\CommonController::success() should be compatible with Think\Controller::success($message = '', $jumpUrl = '', $ajax = false) D:\Develop\WWW\mlbspa\api\Application\Api\Controller\CommonController.class.php 第 142 行.
SQL: SHOW COLUMNS FROM `merchant` [ RunTime:0.0057s ]
SQL: SELECT merchant.*,images.folder as cover_folder,images.name as cover_name,images.type as cover_type FROM `merchant` LEFT JOIN images on images.img_id = merchant.merchant_cover  WHERE ( merchant_id=20 ) LIMIT 1   [ RunTime:0.0006s ]
SQL: SELECT merchant.*,images.folder as cover_folder,images.name as cover_name,images.type as cover_type FROM `merchant` LEFT JOIN images on images.img_id = merchant.merchant_cover  WHERE ( merchant_id=1 ) LIMIT 1   [ RunTime:0.0006s ]
SQL: SELECT merchant.*,images.folder as cover_folder,images.name as cover_name,images.type as cover_type FROM `merchant` LEFT JOIN images on images.img_id = merchant.merchant_cover  WHERE ( merchant_id=3 ) LIMIT 1   [ RunTime:0.0005s ]
SQL: SELECT merchant.*,images.folder as cover_folder,images.name as cover_name,images.type as cover_type FROM `merchant` LEFT JOIN images on images.img_id = merchant.merchant_cover  WHERE ( merchant_id=20 ) LIMIT 1   [ RunTime:0.0005s ]
SQL: SELECT merchant.*,images.folder as cover_folder,images.name as cover_name,images.type as cover_type FROM `merchant` LEFT JOIN images on images.img_id = merchant.merchant_cover  WHERE ( merchant_id=2 ) LIMIT 1   [ RunTime:0.0005s ]
SQL: SELECT merchant.*,images.folder as cover_folder,images.name as cover_name,images.type as cover_type FROM `merchant` LEFT JOIN images on images.img_id = merchant.merchant_cover  WHERE ( merchant_id=19 ) LIMIT 1   [ RunTime:0.0005s ]
SQL: SELECT merchant.*,images.folder as cover_folder,images.name as cover_name,images.type as cover_type FROM `merchant` LEFT JOIN images on images.img_id = merchant.merchant_cover  WHERE ( merchant_id=17 ) LIMIT 1   [ RunTime:0.0005s ]
SQL: SELECT merchant.*,images.folder as cover_folder,images.name as cover_name,images.type as cover_type FROM `merchant` LEFT JOIN images on images.img_id = merchant.merchant_cover  WHERE ( merchant_id=21 ) LIMIT 1   [ RunTime:0.0005s ]
SQL: SELECT merchant.*,images.folder as cover_folder,images.name as cover_name,images.type as cover_type FROM `merchant` LEFT JOIN images on images.img_id = merchant.merchant_cover  WHERE ( merchant_id=22 ) LIMIT 1   [ RunTime:0.0005s ]
SQL: SELECT merchant.*,images.folder as cover_folder,images.name as cover_name,images.type as cover_type FROM `merchant` LEFT JOIN images on images.img_id = merchant.merchant_cover  WHERE ( merchant_id=23 ) LIMIT 1   [ RunTime:0.0005s ]

[ 2016-02-25T04:33:13+08:00 ] 192.168.1.106 /mlbspa/api/spa/getlist?token=asdqwe
INFO: [ app_init ] --START--
INFO: Run Behavior\BuildLiteBehavior [ RunTime:0.000033s ]
INFO: [ app_init ] --END-- [ RunTime:0.001598s ]
INFO: [ app_begin ] --START--
INFO: Run Behavior\ReadHtmlCacheBehavior [ RunTime:0.001934s ]
INFO: [ app_begin ] --END-- [ RunTime:0.002078s ]
NOTIC: [2048] Declaration of Api\Controller\CommonController::error() should be compatible with Think\Controller::error($message = '', $jumpUrl = '', $ajax = false) D:\Develop\WWW\mlbspa\api\Application\Api\Controller\CommonController.class.php 第 142 行.
NOTIC: [2048] Declaration of Api\Controller\CommonController::success() should be compatible with Think\Controller::success($message = '', $jumpUrl = '', $ajax = false) D:\Develop\WWW\mlbspa\api\Application\Api\Controller\CommonController.class.php 第 142 行.
NOTIC: [8] Undefined index: cate_id D:\Develop\WWW\mlbspa\api\Application\Api\Controller\SpaController.class.php 第 33 行.
NOTIC: [8] Undefined index: sort D:\Develop\WWW\mlbspa\api\Application\Api\Controller\SpaController.class.php 第 40 行.
SQL: SHOW COLUMNS FROM `spa` [ RunTime:0.0063s ]
SQL: SELECT spa.*,images.folder as cover_folder,images.name as cover_name,images.type as cover_type FROM `spa` LEFT JOIN images on images.img_id = spa.spa_cover  WHERE `city_id` = '1' AND `order_type` = 1 ORDER BY `spa_id` desc LIMIT 0,10   [ RunTime:0.0009s ]

[ 2016-02-25T04:35:37+08:00 ] 192.168.1.106 /mlbspa/api/spa/getlist?token=asdqwe
INFO: [ app_init ] --START--
INFO: Run Behavior\BuildLiteBehavior [ RunTime:0.000070s ]
INFO: [ app_init ] --END-- [ RunTime:0.001370s ]
INFO: [ app_begin ] --START--
INFO: Run Behavior\ReadHtmlCacheBehavior [ RunTime:0.001544s ]
INFO: [ app_begin ] --END-- [ RunTime:0.001633s ]
NOTIC: [2048] Declaration of Api\Controller\CommonController::error() should be compatible with Think\Controller::error($message = '', $jumpUrl = '', $ajax = false) D:\Develop\WWW\mlbspa\api\Application\Api\Controller\CommonController.class.php 第 142 行.
NOTIC: [2048] Declaration of Api\Controller\CommonController::success() should be compatible with Think\Controller::success($message = '', $jumpUrl = '', $ajax = false) D:\Develop\WWW\mlbspa\api\Application\Api\Controller\CommonController.class.php 第 142 行.
NOTIC: [8] Undefined index: city_id D:\Develop\WWW\mlbspa\api\Application\Api\Controller\SpaController.class.php 第 29 行.
NOTIC: [8] Undefined index: cate_id D:\Develop\WWW\mlbspa\api\Application\Api\Controller\SpaController.class.php 第 33 行.
NOTIC: [8] Undefined index: sort D:\Develop\WWW\mlbspa\api\Application\Api\Controller\SpaController.class.php 第 40 行.
SQL: SHOW COLUMNS FROM `spa` [ RunTime:0.0051s ]
SQL: SELECT spa.*,images.folder as cover_folder,images.name as cover_name,images.type as cover_type FROM `spa` LEFT JOIN images on images.img_id = spa.spa_cover  WHERE `order_type` = 1 ORDER BY `spa_id` desc LIMIT 0,10   [ RunTime:0.0009s ]

[ 2016-02-25T04:37:06+08:00 ] 192.168.1.106 /mlbspa/api/spa/getlist?token=asdqwe
INFO: [ app_init ] --START--
INFO: Run Behavior\BuildLiteBehavior [ RunTime:0.000019s ]
INFO: [ app_init ] --END-- [ RunTime:0.000918s ]
INFO: [ app_begin ] --START--
INFO: Run Behavior\ReadHtmlCacheBehavior [ RunTime:0.000989s ]
INFO: [ app_begin ] --END-- [ RunTime:0.001074s ]
NOTIC: [2048] Declaration of Api\Controller\CommonController::error() should be compatible with Think\Controller::error($message = '', $jumpUrl = '', $ajax = false) D:\Develop\WWW\mlbspa\api\Application\Api\Controller\CommonController.class.php 第 142 行.
NOTIC: [2048] Declaration of Api\Controller\CommonController::success() should be compatible with Think\Controller::success($message = '', $jumpUrl = '', $ajax = false) D:\Develop\WWW\mlbspa\api\Application\Api\Controller\CommonController.class.php 第 142 行.
NOTIC: [8] Undefined index: city_id D:\Develop\WWW\mlbspa\api\Application\Api\Controller\SpaController.class.php 第 29 行.
NOTIC: [8] Undefined index: cate_id D:\Develop\WWW\mlbspa\api\Application\Api\Controller\SpaController.class.php 第 33 行.
NOTIC: [8] Undefined index: sort D:\Develop\WWW\mlbspa\api\Application\Api\Controller\SpaController.class.php 第 40 行.
SQL: SHOW COLUMNS FROM `spa` [ RunTime:0.0045s ]
SQL: SELECT spa.*,images.folder as cover_folder,images.name as cover_name,images.type as cover_type FROM `spa` LEFT JOIN images on images.img_id = spa.spa_cover  WHERE `order_type` = 1 ORDER BY `spa_id` desc LIMIT 0,10   [ RunTime:0.0007s ]

[ 2016-02-25T04:37:09+08:00 ] 192.168.1.106 /mlbspa/api/spa/getinfo?token=asdqwe
INFO: [ app_init ] --START--
INFO: Run Behavior\BuildLiteBehavior [ RunTime:0.000033s ]
INFO: [ app_init ] --END-- [ RunTime:0.001118s ]
INFO: [ app_begin ] --START--
INFO: Run Behavior\ReadHtmlCacheBehavior [ RunTime:0.000969s ]
INFO: [ app_begin ] --END-- [ RunTime:0.001074s ]
NOTIC: [2048] Declaration of Api\Controller\CommonController::error() should be compatible with Think\Controller::error($message = '', $jumpUrl = '', $ajax = false) D:\Develop\WWW\mlbspa\api\Application\Api\Controller\CommonController.class.php 第 142 行.
NOTIC: [2048] Declaration of Api\Controller\CommonController::success() should be compatible with Think\Controller::success($message = '', $jumpUrl = '', $ajax = false) D:\Develop\WWW\mlbspa\api\Application\Api\Controller\CommonController.class.php 第 142 行.
SQL: SHOW COLUMNS FROM `spa` [ RunTime:0.0049s ]
SQL: SELECT spa.*,merchant.merchant_name,merchant.address,merchant.phone,images.folder as cover_folder,images.name as cover_name,images.type as cover_type FROM `spa` LEFT JOIN merchant on merchant.merchant_id = spa.merchant_id LEFT JOIN images on images.img_id = spa.spa_cover  WHERE ( spa_id=10 ) LIMIT 1   [ RunTime:0.0006s ]

[ 2016-02-25T04:37:09+08:00 ] 192.168.1.106 /mlbspa/api/spa/getgallery?token=asdqwe
INFO: [ app_init ] --START--
INFO: Run Behavior\BuildLiteBehavior [ RunTime:0.000024s ]
INFO: [ app_init ] --END-- [ RunTime:0.001278s ]
INFO: [ app_begin ] --START--
INFO: Run Behavior\ReadHtmlCacheBehavior [ RunTime:0.001191s ]
INFO: [ app_begin ] --END-- [ RunTime:0.001284s ]
NOTIC: [2048] Declaration of Api\Controller\CommonController::error() should be compatible with Think\Controller::error($message = '', $jumpUrl = '', $ajax = false) D:\Develop\WWW\mlbspa\api\Application\Api\Controller\CommonController.class.php 第 142 行.
NOTIC: [2048] Declaration of Api\Controller\CommonController::success() should be compatible with Think\Controller::success($message = '', $jumpUrl = '', $ajax = false) D:\Develop\WWW\mlbspa\api\Application\Api\Controller\CommonController.class.php 第 142 行.
SQL: SHOW COLUMNS FROM `spa` [ RunTime:0.0050s ]
SQL: SHOW COLUMNS FROM `spa_gallery` [ RunTime:0.0057s ]
SQL: SELECT * FROM `spa_gallery` LEFT JOIN images on images.img_id = spa_gallery.img_id  WHERE ( spa_id=10 )  [ RunTime:0.1163s ]

