[ 2016-01-14T18:00:20+08:00 ] 192.168.1.6 /mlbspa/api/
INFO: [ app_init ] --START--
INFO: Run Behavior\BuildLiteBehavior [ RunTime:0.000019s ]
INFO: [ app_init ] --END-- [ RunTime:0.001062s ]
INFO: [ app_begin ] --START--
INFO: Run Behavior\ReadHtmlCacheBehavior [ RunTime:0.001476s ]
INFO: [ app_begin ] --END-- [ RunTime:0.001581s ]

[ 2016-01-14T18:00:52+08:00 ] 192.168.1.6 /mlbspa/api/
INFO: [ app_init ] --START--
INFO: Run Behavior\BuildLiteBehavior [ RunTime:0.000017s ]
INFO: [ app_init ] --END-- [ RunTime:0.000805s ]
INFO: [ app_begin ] --START--
INFO: Run Behavior\ReadHtmlCacheBehavior [ RunTime:0.001009s ]
INFO: [ app_begin ] --END-- [ RunTime:0.001121s ]

[ 2016-01-14T18:01:28+08:00 ] 192.168.1.6 /mlbspa/api/
INFO: [ app_init ] --START--
INFO: Run Behavior\BuildLiteBehavior [ RunTime:0.000018s ]
INFO: [ app_init ] --END-- [ RunTime:0.000915s ]
INFO: [ app_begin ] --START--
INFO: Run Behavior\ReadHtmlCacheBehavior [ RunTime:0.001432s ]
INFO: [ app_begin ] --END-- [ RunTime:0.001516s ]

[ 2016-01-14T18:26:34+08:00 ] 192.168.1.6 /mlbspa/api/spa/getlist?token=asdqwe
INFO: [ app_init ] --START--
INFO: Run Behavior\BuildLiteBehavior [ RunTime:0.000027s ]
INFO: [ app_init ] --END-- [ RunTime:0.001216s ]
INFO: [ app_begin ] --START--
INFO: Run Behavior\ReadHtmlCacheBehavior [ RunTime:0.001005s ]
INFO: [ app_begin ] --END-- [ RunTime:0.001082s ]
NOTIC: [2048] Declaration of Api\Controller\CommonController::error() should be compatible with Think\Controller::error($message = '', $jumpUrl = '', $ajax = false) D:\Develop\WWW\mlbspa\api\Application\Api\Controller\CommonController.class.php 第 131 行.
NOTIC: [2048] Declaration of Api\Controller\CommonController::success() should be compatible with Think\Controller::success($message = '', $jumpUrl = '', $ajax = false) D:\Develop\WWW\mlbspa\api\Application\Api\Controller\CommonController.class.php 第 131 行.
NOTIC: [8] Undefined index: city_id D:\Develop\WWW\mlbspa\api\Application\Api\Controller\SpaController.class.php 第 29 行.
NOTIC: [8] Undefined index: cate_id D:\Develop\WWW\mlbspa\api\Application\Api\Controller\SpaController.class.php 第 33 行.
NOTIC: [8] Undefined index: sort D:\Develop\WWW\mlbspa\api\Application\Api\Controller\SpaController.class.php 第 40 行.
SQL: SHOW COLUMNS FROM `spa` [ RunTime:0.0043s ]
SQL: SELECT spa.*,images.folder as cover_folder,images.name as cover_name,images.type as cover_type FROM `spa` LEFT JOIN images on images.img_id = spa.spa_cover  WHERE `order_type` = 1 ORDER BY `spa_id` desc LIMIT 0,10   [ RunTime:0.0008s ]

[ 2016-01-14T21:51:19+08:00 ] 192.168.1.5 /mlbspa/api/spa/getlist?token=asdqwe
INFO: [ app_init ] --START--
INFO: Run Behavior\BuildLiteBehavior [ RunTime:0.000037s ]
INFO: [ app_init ] --END-- [ RunTime:0.001001s ]
INFO: [ app_begin ] --START--
INFO: Run Behavior\ReadHtmlCacheBehavior [ RunTime:0.001608s ]
INFO: [ app_begin ] --END-- [ RunTime:0.001675s ]
NOTIC: [2048] Declaration of Api\Controller\CommonController::error() should be compatible with Think\Controller::error($message = '', $jumpUrl = '', $ajax = false) D:\Develop\WWW\mlbspa\api\Application\Api\Controller\CommonController.class.php 第 131 行.
NOTIC: [2048] Declaration of Api\Controller\CommonController::success() should be compatible with Think\Controller::success($message = '', $jumpUrl = '', $ajax = false) D:\Develop\WWW\mlbspa\api\Application\Api\Controller\CommonController.class.php 第 131 行.
NOTIC: [8] Undefined index: city_id D:\Develop\WWW\mlbspa\api\Application\Api\Controller\SpaController.class.php 第 29 行.
NOTIC: [8] Undefined index: cate_id D:\Develop\WWW\mlbspa\api\Application\Api\Controller\SpaController.class.php 第 33 行.
NOTIC: [8] Undefined index: sort D:\Develop\WWW\mlbspa\api\Application\Api\Controller\SpaController.class.php 第 40 行.
SQL: SHOW COLUMNS FROM `spa` [ RunTime:0.0046s ]
SQL: SELECT spa.*,images.folder as cover_folder,images.name as cover_name,images.type as cover_type FROM `spa` LEFT JOIN images on images.img_id = spa.spa_cover  WHERE `order_type` = 1 ORDER BY `spa_id` desc LIMIT 0,10   [ RunTime:0.0010s ]

[ 2016-01-14T21:51:36+08:00 ] 192.168.1.5 /mlbspa/api/spa/getlist?token=asdqwe
INFO: [ app_init ] --START--
INFO: Run Behavior\BuildLiteBehavior [ RunTime:0.000023s ]
INFO: [ app_init ] --END-- [ RunTime:0.001165s ]
INFO: [ app_begin ] --START--
INFO: Run Behavior\ReadHtmlCacheBehavior [ RunTime:0.002105s ]
INFO: [ app_begin ] --END-- [ RunTime:0.002197s ]
NOTIC: [2048] Declaration of Api\Controller\CommonController::error() should be compatible with Think\Controller::error($message = '', $jumpUrl = '', $ajax = false) D:\Develop\WWW\mlbspa\api\Application\Api\Controller\CommonController.class.php 第 131 行.
NOTIC: [2048] Declaration of Api\Controller\CommonController::success() should be compatible with Think\Controller::success($message = '', $jumpUrl = '', $ajax = false) D:\Develop\WWW\mlbspa\api\Application\Api\Controller\CommonController.class.php 第 131 行.
NOTIC: [8] Undefined index: city_id D:\Develop\WWW\mlbspa\api\Application\Api\Controller\SpaController.class.php 第 29 行.
NOTIC: [8] Undefined index: cate_id D:\Develop\WWW\mlbspa\api\Application\Api\Controller\SpaController.class.php 第 33 行.
NOTIC: [8] Undefined index: sort D:\Develop\WWW\mlbspa\api\Application\Api\Controller\SpaController.class.php 第 40 行.
SQL: SHOW COLUMNS FROM `spa` [ RunTime:0.0046s ]
SQL: SELECT spa.*,images.folder as cover_folder,images.name as cover_name,images.type as cover_type FROM `spa` LEFT JOIN images on images.img_id = spa.spa_cover  WHERE `order_type` = 1 ORDER BY `spa_id` desc LIMIT 0,10   [ RunTime:0.0007s ]

[ 2016-01-14T21:57:09+08:00 ] 192.168.1.6 /mlbspa/api/spa/getlist?token=asdqwe
INFO: [ app_init ] --START--
INFO: Run Behavior\BuildLiteBehavior [ RunTime:0.000017s ]
INFO: [ app_init ] --END-- [ RunTime:0.001002s ]
INFO: [ app_begin ] --START--
INFO: Run Behavior\ReadHtmlCacheBehavior [ RunTime:0.002717s ]
INFO: [ app_begin ] --END-- [ RunTime:0.002841s ]
NOTIC: [2048] Declaration of Api\Controller\CommonController::error() should be compatible with Think\Controller::error($message = '', $jumpUrl = '', $ajax = false) D:\Develop\WWW\mlbspa\api\Application\Api\Controller\CommonController.class.php 第 131 行.
NOTIC: [2048] Declaration of Api\Controller\CommonController::success() should be compatible with Think\Controller::success($message = '', $jumpUrl = '', $ajax = false) D:\Develop\WWW\mlbspa\api\Application\Api\Controller\CommonController.class.php 第 131 行.
NOTIC: [8] Undefined index: city_id D:\Develop\WWW\mlbspa\api\Application\Api\Controller\SpaController.class.php 第 29 行.
NOTIC: [8] Undefined index: cate_id D:\Develop\WWW\mlbspa\api\Application\Api\Controller\SpaController.class.php 第 33 行.
NOTIC: [8] Undefined index: sort D:\Develop\WWW\mlbspa\api\Application\Api\Controller\SpaController.class.php 第 40 行.
SQL: SHOW COLUMNS FROM `spa` [ RunTime:0.0046s ]
SQL: SELECT spa.*,images.folder as cover_folder,images.name as cover_name,images.type as cover_type FROM `spa` LEFT JOIN images on images.img_id = spa.spa_cover  WHERE `order_type` = 1 ORDER BY `spa_id` desc LIMIT 0,10   [ RunTime:0.0009s ]

[ 2016-01-14T21:59:07+08:00 ] 192.168.1.6 /mlbspa/api/spa/getlist?token=asdqwe
INFO: [ app_init ] --START--
INFO: Run Behavior\BuildLiteBehavior [ RunTime:0.000016s ]
INFO: [ app_init ] --END-- [ RunTime:0.000912s ]
INFO: [ app_begin ] --START--
INFO: Run Behavior\ReadHtmlCacheBehavior [ RunTime:0.002244s ]
INFO: [ app_begin ] --END-- [ RunTime:0.002348s ]
NOTIC: [2048] Declaration of Api\Controller\CommonController::error() should be compatible with Think\Controller::error($message = '', $jumpUrl = '', $ajax = false) D:\Develop\WWW\mlbspa\api\Application\Api\Controller\CommonController.class.php 第 131 行.
NOTIC: [2048] Declaration of Api\Controller\CommonController::success() should be compatible with Think\Controller::success($message = '', $jumpUrl = '', $ajax = false) D:\Develop\WWW\mlbspa\api\Application\Api\Controller\CommonController.class.php 第 131 行.
NOTIC: [8] Undefined index: city_id D:\Develop\WWW\mlbspa\api\Application\Api\Controller\SpaController.class.php 第 29 行.
NOTIC: [8] Undefined index: cate_id D:\Develop\WWW\mlbspa\api\Application\Api\Controller\SpaController.class.php 第 33 行.
NOTIC: [8] Undefined index: sort D:\Develop\WWW\mlbspa\api\Application\Api\Controller\SpaController.class.php 第 40 行.
SQL: SHOW COLUMNS FROM `spa` [ RunTime:0.0045s ]
SQL: SELECT spa.*,images.folder as cover_folder,images.name as cover_name,images.type as cover_type FROM `spa` LEFT JOIN images on images.img_id = spa.spa_cover  WHERE `order_type` = 1 ORDER BY `spa_id` desc LIMIT 0,10   [ RunTime:0.0012s ]

[ 2016-01-14T22:00:12+08:00 ] 192.168.1.6 /mlbspa/api/spa/getlist?token=asdqwe
INFO: [ app_init ] --START--
INFO: Run Behavior\BuildLiteBehavior [ RunTime:0.000020s ]
INFO: [ app_init ] --END-- [ RunTime:0.001218s ]
INFO: [ app_begin ] --START--
INFO: Run Behavior\ReadHtmlCacheBehavior [ RunTime:0.001905s ]
INFO: [ app_begin ] --END-- [ RunTime:0.001989s ]
NOTIC: [2048] Declaration of Api\Controller\CommonController::error() should be compatible with Think\Controller::error($message = '', $jumpUrl = '', $ajax = false) D:\Develop\WWW\mlbspa\api\Application\Api\Controller\CommonController.class.php 第 131 行.
NOTIC: [2048] Declaration of Api\Controller\CommonController::success() should be compatible with Think\Controller::success($message = '', $jumpUrl = '', $ajax = false) D:\Develop\WWW\mlbspa\api\Application\Api\Controller\CommonController.class.php 第 131 行.
NOTIC: [8] Undefined index: city_id D:\Develop\WWW\mlbspa\api\Application\Api\Controller\SpaController.class.php 第 29 行.
NOTIC: [8] Undefined index: cate_id D:\Develop\WWW\mlbspa\api\Application\Api\Controller\SpaController.class.php 第 33 行.
NOTIC: [8] Undefined index: sort D:\Develop\WWW\mlbspa\api\Application\Api\Controller\SpaController.class.php 第 40 行.
SQL: SHOW COLUMNS FROM `spa` [ RunTime:0.0046s ]
SQL: SELECT spa.*,images.folder as cover_folder,images.name as cover_name,images.type as cover_type FROM `spa` LEFT JOIN images on images.img_id = spa.spa_cover  WHERE `order_type` = 1 ORDER BY `spa_id` desc LIMIT 0,10   [ RunTime:0.0006s ]

[ 2016-01-14T22:05:28+08:00 ] 192.168.1.6 /mlbspa/api/spa/getlist?token=asdqwe
INFO: [ app_init ] --START--
INFO: Run Behavior\BuildLiteBehavior [ RunTime:0.000017s ]
INFO: [ app_init ] --END-- [ RunTime:0.000855s ]
INFO: [ app_begin ] --START--
INFO: Run Behavior\ReadHtmlCacheBehavior [ RunTime:0.002718s ]
INFO: [ app_begin ] --END-- [ RunTime:0.002839s ]
NOTIC: [2048] Declaration of Api\Controller\CommonController::error() should be compatible with Think\Controller::error($message = '', $jumpUrl = '', $ajax = false) D:\Develop\WWW\mlbspa\api\Application\Api\Controller\CommonController.class.php 第 131 行.
NOTIC: [2048] Declaration of Api\Controller\CommonController::success() should be compatible with Think\Controller::success($message = '', $jumpUrl = '', $ajax = false) D:\Develop\WWW\mlbspa\api\Application\Api\Controller\CommonController.class.php 第 131 行.
NOTIC: [8] Undefined index: city_id D:\Develop\WWW\mlbspa\api\Application\Api\Controller\SpaController.class.php 第 29 行.
NOTIC: [8] Undefined index: cate_id D:\Develop\WWW\mlbspa\api\Application\Api\Controller\SpaController.class.php 第 33 行.
NOTIC: [8] Undefined index: sort D:\Develop\WWW\mlbspa\api\Application\Api\Controller\SpaController.class.php 第 40 行.
SQL: SHOW COLUMNS FROM `spa` [ RunTime:0.0051s ]
SQL: SELECT spa.*,images.folder as cover_folder,images.name as cover_name,images.type as cover_type FROM `spa` LEFT JOIN images on images.img_id = spa.spa_cover  WHERE `order_type` = 1 ORDER BY `spa_id` desc LIMIT 0,10   [ RunTime:0.0006s ]

[ 2016-01-14T22:06:47+08:00 ] 192.168.1.6 /mlbspa/api/spa/getlist?token=asdqwe
INFO: [ app_init ] --START--
INFO: Run Behavior\BuildLiteBehavior [ RunTime:0.000018s ]
INFO: [ app_init ] --END-- [ RunTime:0.000955s ]
INFO: [ app_begin ] --START--
INFO: Run Behavior\ReadHtmlCacheBehavior [ RunTime:0.002509s ]
INFO: [ app_begin ] --END-- [ RunTime:0.002623s ]
NOTIC: [2048] Declaration of Api\Controller\CommonController::error() should be compatible with Think\Controller::error($message = '', $jumpUrl = '', $ajax = false) D:\Develop\WWW\mlbspa\api\Application\Api\Controller\CommonController.class.php 第 131 行.
NOTIC: [2048] Declaration of Api\Controller\CommonController::success() should be compatible with Think\Controller::success($message = '', $jumpUrl = '', $ajax = false) D:\Develop\WWW\mlbspa\api\Application\Api\Controller\CommonController.class.php 第 131 行.
NOTIC: [8] Undefined index: city_id D:\Develop\WWW\mlbspa\api\Application\Api\Controller\SpaController.class.php 第 29 行.
NOTIC: [8] Undefined index: cate_id D:\Develop\WWW\mlbspa\api\Application\Api\Controller\SpaController.class.php 第 33 行.
NOTIC: [8] Undefined index: sort D:\Develop\WWW\mlbspa\api\Application\Api\Controller\SpaController.class.php 第 40 行.
SQL: SHOW COLUMNS FROM `spa` [ RunTime:0.0055s ]
SQL: SELECT spa.*,images.folder as cover_folder,images.name as cover_name,images.type as cover_type FROM `spa` LEFT JOIN images on images.img_id = spa.spa_cover  WHERE `order_type` = 1 ORDER BY `spa_id` desc LIMIT 0,10   [ RunTime:0.0008s ]

[ 2016-01-14T22:07:41+08:00 ] 192.168.1.5 /mlbspa/api/spa/getlist?token=asdqwe
INFO: [ app_init ] --START--
INFO: Run Behavior\BuildLiteBehavior [ RunTime:0.000021s ]
INFO: [ app_init ] --END-- [ RunTime:0.001018s ]
INFO: [ app_begin ] --START--
INFO: Run Behavior\ReadHtmlCacheBehavior [ RunTime:0.001059s ]
INFO: [ app_begin ] --END-- [ RunTime:0.001136s ]
NOTIC: [2048] Declaration of Api\Controller\CommonController::error() should be compatible with Think\Controller::error($message = '', $jumpUrl = '', $ajax = false) D:\Develop\WWW\mlbspa\api\Application\Api\Controller\CommonController.class.php 第 131 行.
NOTIC: [2048] Declaration of Api\Controller\CommonController::success() should be compatible with Think\Controller::success($message = '', $jumpUrl = '', $ajax = false) D:\Develop\WWW\mlbspa\api\Application\Api\Controller\CommonController.class.php 第 131 行.
NOTIC: [8] Undefined index: city_id D:\Develop\WWW\mlbspa\api\Application\Api\Controller\SpaController.class.php 第 29 行.
NOTIC: [8] Undefined index: cate_id D:\Develop\WWW\mlbspa\api\Application\Api\Controller\SpaController.class.php 第 33 行.
NOTIC: [8] Undefined index: sort D:\Develop\WWW\mlbspa\api\Application\Api\Controller\SpaController.class.php 第 40 行.
SQL: SHOW COLUMNS FROM `spa` [ RunTime:0.0053s ]
SQL: SELECT spa.*,images.folder as cover_folder,images.name as cover_name,images.type as cover_type FROM `spa` LEFT JOIN images on images.img_id = spa.spa_cover  WHERE `order_type` = 1 ORDER BY `spa_id` desc LIMIT 0,10   [ RunTime:0.0007s ]

[ 2016-01-14T22:08:21+08:00 ] 192.168.1.5 /mlbspa/api/spa/getinfo?token=asdqwe
INFO: [ app_init ] --START--
INFO: Run Behavior\BuildLiteBehavior [ RunTime:0.000019s ]
INFO: [ app_init ] --END-- [ RunTime:0.001061s ]
INFO: [ app_begin ] --START--
INFO: Run Behavior\ReadHtmlCacheBehavior [ RunTime:0.001460s ]
INFO: [ app_begin ] --END-- [ RunTime:0.001540s ]
NOTIC: [2048] Declaration of Api\Controller\CommonController::error() should be compatible with Think\Controller::error($message = '', $jumpUrl = '', $ajax = false) D:\Develop\WWW\mlbspa\api\Application\Api\Controller\CommonController.class.php 第 131 行.
NOTIC: [2048] Declaration of Api\Controller\CommonController::success() should be compatible with Think\Controller::success($message = '', $jumpUrl = '', $ajax = false) D:\Develop\WWW\mlbspa\api\Application\Api\Controller\CommonController.class.php 第 131 行.
SQL: SHOW COLUMNS FROM `spa` [ RunTime:0.0045s ]
SQL: SELECT * FROM `spa` WHERE ( spa_id=10 ) LIMIT 1   [ RunTime:0.0004s ]

[ 2016-01-14T22:08:25+08:00 ] 192.168.1.5 /mlbspa/api/spa/getinfo?token=asdqwe
INFO: [ app_init ] --START--
INFO: Run Behavior\BuildLiteBehavior [ RunTime:0.000022s ]
INFO: [ app_init ] --END-- [ RunTime:0.001061s ]
INFO: [ app_begin ] --START--
INFO: Run Behavior\ReadHtmlCacheBehavior [ RunTime:0.001195s ]
INFO: [ app_begin ] --END-- [ RunTime:0.001297s ]
NOTIC: [2048] Declaration of Api\Controller\CommonController::error() should be compatible with Think\Controller::error($message = '', $jumpUrl = '', $ajax = false) D:\Develop\WWW\mlbspa\api\Application\Api\Controller\CommonController.class.php 第 131 行.
NOTIC: [2048] Declaration of Api\Controller\CommonController::success() should be compatible with Think\Controller::success($message = '', $jumpUrl = '', $ajax = false) D:\Develop\WWW\mlbspa\api\Application\Api\Controller\CommonController.class.php 第 131 行.
SQL: SHOW COLUMNS FROM `spa` [ RunTime:0.0050s ]
SQL: SELECT * FROM `spa` WHERE ( spa_id=9 ) LIMIT 1   [ RunTime:0.0004s ]

[ 2016-01-14T22:08:38+08:00 ] 192.168.1.5 /mlbspa/api/spa/getinfo?token=asdqwe
INFO: [ app_init ] --START--
INFO: Run Behavior\BuildLiteBehavior [ RunTime:0.000033s ]
INFO: [ app_init ] --END-- [ RunTime:0.001595s ]
INFO: [ app_begin ] --START--
INFO: Run Behavior\ReadHtmlCacheBehavior [ RunTime:0.001843s ]
INFO: [ app_begin ] --END-- [ RunTime:0.001982s ]
NOTIC: [2048] Declaration of Api\Controller\CommonController::error() should be compatible with Think\Controller::error($message = '', $jumpUrl = '', $ajax = false) D:\Develop\WWW\mlbspa\api\Application\Api\Controller\CommonController.class.php 第 131 行.
NOTIC: [2048] Declaration of Api\Controller\CommonController::success() should be compatible with Think\Controller::success($message = '', $jumpUrl = '', $ajax = false) D:\Develop\WWW\mlbspa\api\Application\Api\Controller\CommonController.class.php 第 131 行.
SQL: SHOW COLUMNS FROM `spa` [ RunTime:0.0067s ]
SQL: SELECT * FROM `spa` WHERE ( spa_id=10 ) LIMIT 1   [ RunTime:0.0006s ]

[ 2016-01-14T22:10:34+08:00 ] 192.168.1.6 /mlbspa/api/spa/getinfo?token=asdqwe
INFO: [ app_init ] --START--
INFO: Run Behavior\BuildLiteBehavior [ RunTime:0.000016s ]
INFO: [ app_init ] --END-- [ RunTime:0.000864s ]
INFO: [ app_begin ] --START--
INFO: Run Behavior\ReadHtmlCacheBehavior [ RunTime:0.002287s ]
INFO: [ app_begin ] --END-- [ RunTime:0.002387s ]
NOTIC: [2048] Declaration of Api\Controller\CommonController::error() should be compatible with Think\Controller::error($message = '', $jumpUrl = '', $ajax = false) D:\Develop\WWW\mlbspa\api\Application\Api\Controller\CommonController.class.php 第 131 行.
NOTIC: [2048] Declaration of Api\Controller\CommonController::success() should be compatible with Think\Controller::success($message = '', $jumpUrl = '', $ajax = false) D:\Develop\WWW\mlbspa\api\Application\Api\Controller\CommonController.class.php 第 131 行.

[ 2016-01-14T22:10:53+08:00 ] 192.168.1.6 /mlbspa/api/spa/getinfo?token=asdqwe
INFO: [ app_init ] --START--
INFO: Run Behavior\BuildLiteBehavior [ RunTime:0.000017s ]
INFO: [ app_init ] --END-- [ RunTime:0.001026s ]
INFO: [ app_begin ] --START--
INFO: Run Behavior\ReadHtmlCacheBehavior [ RunTime:0.001107s ]
INFO: [ app_begin ] --END-- [ RunTime:0.001195s ]
NOTIC: [2048] Declaration of Api\Controller\CommonController::error() should be compatible with Think\Controller::error($message = '', $jumpUrl = '', $ajax = false) D:\Develop\WWW\mlbspa\api\Application\Api\Controller\CommonController.class.php 第 131 行.
NOTIC: [2048] Declaration of Api\Controller\CommonController::success() should be compatible with Think\Controller::success($message = '', $jumpUrl = '', $ajax = false) D:\Develop\WWW\mlbspa\api\Application\Api\Controller\CommonController.class.php 第 131 行.

[ 2016-01-14T22:11:05+08:00 ] 192.168.1.6 /mlbspa/api/spa/getinfo?token=asdqwe
INFO: [ app_init ] --START--
INFO: Run Behavior\BuildLiteBehavior [ RunTime:0.000016s ]
INFO: [ app_init ] --END-- [ RunTime:0.000719s ]
INFO: [ app_begin ] --START--
INFO: Run Behavior\ReadHtmlCacheBehavior [ RunTime:0.001195s ]
INFO: [ app_begin ] --END-- [ RunTime:0.001288s ]
NOTIC: [2048] Declaration of Api\Controller\CommonController::error() should be compatible with Think\Controller::error($message = '', $jumpUrl = '', $ajax = false) D:\Develop\WWW\mlbspa\api\Application\Api\Controller\CommonController.class.php 第 131 行.
NOTIC: [2048] Declaration of Api\Controller\CommonController::success() should be compatible with Think\Controller::success($message = '', $jumpUrl = '', $ajax = false) D:\Develop\WWW\mlbspa\api\Application\Api\Controller\CommonController.class.php 第 131 行.
SQL: SHOW COLUMNS FROM `spa` [ RunTime:0.0059s ]
SQL: SELECT * FROM `spa` LEFT JOIN images on images.img_id = spa.spa_cover  WHERE ( spa_id=10 ) LIMIT 1   [ RunTime:0.0005s ]

[ 2016-01-14T22:12:45+08:00 ] 192.168.1.6 /mlbspa/api/spa/getinfo?token=asdqwe
INFO: [ app_init ] --START--
INFO: Run Behavior\BuildLiteBehavior [ RunTime:0.000017s ]
INFO: [ app_init ] --END-- [ RunTime:0.000930s ]
INFO: [ app_begin ] --START--
INFO: Run Behavior\ReadHtmlCacheBehavior [ RunTime:0.002088s ]
INFO: [ app_begin ] --END-- [ RunTime:0.002212s ]
NOTIC: [2048] Declaration of Api\Controller\CommonController::error() should be compatible with Think\Controller::error($message = '', $jumpUrl = '', $ajax = false) D:\Develop\WWW\mlbspa\api\Application\Api\Controller\CommonController.class.php 第 131 行.
NOTIC: [2048] Declaration of Api\Controller\CommonController::success() should be compatible with Think\Controller::success($message = '', $jumpUrl = '', $ajax = false) D:\Develop\WWW\mlbspa\api\Application\Api\Controller\CommonController.class.php 第 131 行.
SQL: SHOW COLUMNS FROM `spa` [ RunTime:0.0052s ]
SQL: SELECT spa.*,merchant.merchant_name FROM `spa` LEFT JOIN merchant on merchant.merchant_id = spa.merchant_id  WHERE ( spa_id=10 ) LIMIT 1   [ RunTime:0.0005s ]

[ 2016-01-14T22:12:57+08:00 ] 192.168.1.5 /mlbspa/api/spa/getinfo?token=asdqwe
INFO: [ app_init ] --START--
INFO: Run Behavior\BuildLiteBehavior [ RunTime:0.000020s ]
INFO: [ app_init ] --END-- [ RunTime:0.001189s ]
INFO: [ app_begin ] --START--
INFO: Run Behavior\ReadHtmlCacheBehavior [ RunTime:0.000943s ]
INFO: [ app_begin ] --END-- [ RunTime:0.001008s ]
NOTIC: [2048] Declaration of Api\Controller\CommonController::error() should be compatible with Think\Controller::error($message = '', $jumpUrl = '', $ajax = false) D:\Develop\WWW\mlbspa\api\Application\Api\Controller\CommonController.class.php 第 131 行.
NOTIC: [2048] Declaration of Api\Controller\CommonController::success() should be compatible with Think\Controller::success($message = '', $jumpUrl = '', $ajax = false) D:\Develop\WWW\mlbspa\api\Application\Api\Controller\CommonController.class.php 第 131 行.
SQL: SHOW COLUMNS FROM `spa` [ RunTime:0.0059s ]
SQL: SELECT spa.*,merchant.merchant_name FROM `spa` LEFT JOIN merchant on merchant.merchant_id = spa.merchant_id  WHERE ( spa_id=1 ) LIMIT 1   [ RunTime:0.0005s ]

[ 2016-01-14T22:13:10+08:00 ] 192.168.1.6 /mlbspa/api/spa/getinfo?token=asdqwe
INFO: [ app_init ] --START--
INFO: Run Behavior\BuildLiteBehavior [ RunTime:0.000029s ]
INFO: [ app_init ] --END-- [ RunTime:0.001609s ]
INFO: [ app_begin ] --START--
INFO: Run Behavior\ReadHtmlCacheBehavior [ RunTime:0.001251s ]
INFO: [ app_begin ] --END-- [ RunTime:0.001362s ]
NOTIC: [2048] Declaration of Api\Controller\CommonController::error() should be compatible with Think\Controller::error($message = '', $jumpUrl = '', $ajax = false) D:\Develop\WWW\mlbspa\api\Application\Api\Controller\CommonController.class.php 第 131 行.
NOTIC: [2048] Declaration of Api\Controller\CommonController::success() should be compatible with Think\Controller::success($message = '', $jumpUrl = '', $ajax = false) D:\Develop\WWW\mlbspa\api\Application\Api\Controller\CommonController.class.php 第 131 行.
SQL: SHOW COLUMNS FROM `spa` [ RunTime:0.0068s ]
SQL: SELECT spa.*,merchant.merchant_name FROM `spa` LEFT JOIN merchant on merchant.merchant_id = spa.merchant_id  WHERE ( spa_id=1 ) LIMIT 1   [ RunTime:0.0010s ]

[ 2016-01-14T22:13:43+08:00 ] 192.168.1.6 /mlbspa/api/spa/getinfo?token=asdqwe
INFO: [ app_init ] --START--
INFO: Run Behavior\BuildLiteBehavior [ RunTime:0.000017s ]
INFO: [ app_init ] --END-- [ RunTime:0.000759s ]
INFO: [ app_begin ] --START--
INFO: Run Behavior\ReadHtmlCacheBehavior [ RunTime:0.001018s ]
INFO: [ app_begin ] --END-- [ RunTime:0.001101s ]
NOTIC: [2048] Declaration of Api\Controller\CommonController::error() should be compatible with Think\Controller::error($message = '', $jumpUrl = '', $ajax = false) D:\Develop\WWW\mlbspa\api\Application\Api\Controller\CommonController.class.php 第 131 行.
NOTIC: [2048] Declaration of Api\Controller\CommonController::success() should be compatible with Think\Controller::success($message = '', $jumpUrl = '', $ajax = false) D:\Develop\WWW\mlbspa\api\Application\Api\Controller\CommonController.class.php 第 131 行.
SQL: SHOW COLUMNS FROM `spa` [ RunTime:0.0045s ]
SQL: SELECT spa.*,merchant.merchant_name FROM `spa` LEFT JOIN merchant on merchant.merchant_id = spa.merchant_id  WHERE ( spa_id=2 ) LIMIT 1   [ RunTime:0.0005s ]

[ 2016-01-14T22:14:56+08:00 ] 192.168.1.6 /mlbspa/api/spa/getinfo?token=asdqwe
INFO: [ app_init ] --START--
INFO: Run Behavior\BuildLiteBehavior [ RunTime:0.000017s ]
INFO: [ app_init ] --END-- [ RunTime:0.000993s ]
INFO: [ app_begin ] --START--
INFO: Run Behavior\ReadHtmlCacheBehavior [ RunTime:0.001678s ]
INFO: [ app_begin ] --END-- [ RunTime:0.001840s ]
NOTIC: [2048] Declaration of Api\Controller\CommonController::error() should be compatible with Think\Controller::error($message = '', $jumpUrl = '', $ajax = false) D:\Develop\WWW\mlbspa\api\Application\Api\Controller\CommonController.class.php 第 131 行.
NOTIC: [2048] Declaration of Api\Controller\CommonController::success() should be compatible with Think\Controller::success($message = '', $jumpUrl = '', $ajax = false) D:\Develop\WWW\mlbspa\api\Application\Api\Controller\CommonController.class.php 第 131 行.
SQL: SHOW COLUMNS FROM `spa` [ RunTime:0.0056s ]
ERR: SQLSTATE[42S22]: Column not found: 1054 Unknown column 'merchant.address，merchant.phone' in 'field list'

[ 2016-01-14T22:15:40+08:00 ] 192.168.1.6 /mlbspa/api/spa/getinfo?token=asdqwe
INFO: [ app_init ] --START--
INFO: Run Behavior\BuildLiteBehavior [ RunTime:0.000025s ]
INFO: [ app_init ] --END-- [ RunTime:0.000864s ]
INFO: [ app_begin ] --START--
INFO: Run Behavior\ReadHtmlCacheBehavior [ RunTime:0.001192s ]
INFO: [ app_begin ] --END-- [ RunTime:0.001265s ]
NOTIC: [2048] Declaration of Api\Controller\CommonController::error() should be compatible with Think\Controller::error($message = '', $jumpUrl = '', $ajax = false) D:\Develop\WWW\mlbspa\api\Application\Api\Controller\CommonController.class.php 第 131 行.
NOTIC: [2048] Declaration of Api\Controller\CommonController::success() should be compatible with Think\Controller::success($message = '', $jumpUrl = '', $ajax = false) D:\Develop\WWW\mlbspa\api\Application\Api\Controller\CommonController.class.php 第 131 行.
SQL: SHOW COLUMNS FROM `spa` [ RunTime:0.0062s ]
SQL: SELECT spa.*,merchant.merchant_name,merchant.address,merchant.phone FROM `spa` LEFT JOIN merchant on merchant.merchant_id = spa.merchant_id  WHERE ( spa_id=2 ) LIMIT 1   [ RunTime:0.0004s ]

[ 2016-01-14T22:16:39+08:00 ] 192.168.1.5 /mlbspa/api/spa/getinfo?token=asdqwe
INFO: [ app_init ] --START--
INFO: Run Behavior\BuildLiteBehavior [ RunTime:0.000018s ]
INFO: [ app_init ] --END-- [ RunTime:0.000939s ]
INFO: [ app_begin ] --START--
INFO: Run Behavior\ReadHtmlCacheBehavior [ RunTime:0.001290s ]
INFO: [ app_begin ] --END-- [ RunTime:0.001447s ]
NOTIC: [2048] Declaration of Api\Controller\CommonController::error() should be compatible with Think\Controller::error($message = '', $jumpUrl = '', $ajax = false) D:\Develop\WWW\mlbspa\api\Application\Api\Controller\CommonController.class.php 第 131 行.
NOTIC: [2048] Declaration of Api\Controller\CommonController::success() should be compatible with Think\Controller::success($message = '', $jumpUrl = '', $ajax = false) D:\Develop\WWW\mlbspa\api\Application\Api\Controller\CommonController.class.php 第 131 行.
SQL: SHOW COLUMNS FROM `spa` [ RunTime:0.0067s ]
SQL: SELECT spa.*,merchant.merchant_name,merchant.address,merchant.phone FROM `spa` LEFT JOIN merchant on merchant.merchant_id = spa.merchant_id  WHERE ( spa_id=1 ) LIMIT 1   [ RunTime:0.0005s ]

[ 2016-01-14T22:16:48+08:00 ] 192.168.1.5 /mlbspa/api/spa/getinfo?token=asdqwe
INFO: [ app_init ] --START--
INFO: Run Behavior\BuildLiteBehavior [ RunTime:0.000035s ]
INFO: [ app_init ] --END-- [ RunTime:0.001836s ]
INFO: [ app_begin ] --START--
INFO: Run Behavior\ReadHtmlCacheBehavior [ RunTime:0.002461s ]
INFO: [ app_begin ] --END-- [ RunTime:0.002612s ]
NOTIC: [2048] Declaration of Api\Controller\CommonController::error() should be compatible with Think\Controller::error($message = '', $jumpUrl = '', $ajax = false) D:\Develop\WWW\mlbspa\api\Application\Api\Controller\CommonController.class.php 第 131 行.
NOTIC: [2048] Declaration of Api\Controller\CommonController::success() should be compatible with Think\Controller::success($message = '', $jumpUrl = '', $ajax = false) D:\Develop\WWW\mlbspa\api\Application\Api\Controller\CommonController.class.php 第 131 行.
SQL: SHOW COLUMNS FROM `spa` [ RunTime:0.0076s ]
SQL: SELECT spa.*,merchant.merchant_name,merchant.address,merchant.phone FROM `spa` LEFT JOIN merchant on merchant.merchant_id = spa.merchant_id  WHERE ( spa_id=2 ) LIMIT 1   [ RunTime:0.0006s ]

[ 2016-01-14T22:17:22+08:00 ] 192.168.1.5 /mlbspa/api/spa/getinfo?token=asdqwe
INFO: [ app_init ] --START--
INFO: Run Behavior\BuildLiteBehavior [ RunTime:0.000033s ]
INFO: [ app_init ] --END-- [ RunTime:0.001931s ]
INFO: [ app_begin ] --START--
INFO: Run Behavior\ReadHtmlCacheBehavior [ RunTime:0.002718s ]
INFO: [ app_begin ] --END-- [ RunTime:0.002878s ]
NOTIC: [2048] Declaration of Api\Controller\CommonController::error() should be compatible with Think\Controller::error($message = '', $jumpUrl = '', $ajax = false) D:\Develop\WWW\mlbspa\api\Application\Api\Controller\CommonController.class.php 第 131 行.
NOTIC: [2048] Declaration of Api\Controller\CommonController::success() should be compatible with Think\Controller::success($message = '', $jumpUrl = '', $ajax = false) D:\Develop\WWW\mlbspa\api\Application\Api\Controller\CommonController.class.php 第 131 行.
SQL: SHOW COLUMNS FROM `spa` [ RunTime:0.0051s ]
SQL: SELECT spa.*,merchant.merchant_name,merchant.address,merchant.phone FROM `spa` LEFT JOIN merchant on merchant.merchant_id = spa.merchant_id  WHERE ( spa_id=2 ) LIMIT 1   [ RunTime:0.0005s ]

[ 2016-01-14T22:17:43+08:00 ] 192.168.1.5 /mlbspa/api/spa/getinfo?token=asdqwe
INFO: [ app_init ] --START--
INFO: Run Behavior\BuildLiteBehavior [ RunTime:0.000032s ]
INFO: [ app_init ] --END-- [ RunTime:0.001249s ]
INFO: [ app_begin ] --START--
INFO: Run Behavior\ReadHtmlCacheBehavior [ RunTime:0.001156s ]
INFO: [ app_begin ] --END-- [ RunTime:0.001240s ]
NOTIC: [2048] Declaration of Api\Controller\CommonController::error() should be compatible with Think\Controller::error($message = '', $jumpUrl = '', $ajax = false) D:\Develop\WWW\mlbspa\api\Application\Api\Controller\CommonController.class.php 第 131 行.
NOTIC: [2048] Declaration of Api\Controller\CommonController::success() should be compatible with Think\Controller::success($message = '', $jumpUrl = '', $ajax = false) D:\Develop\WWW\mlbspa\api\Application\Api\Controller\CommonController.class.php 第 131 行.
SQL: SHOW COLUMNS FROM `spa` [ RunTime:0.0048s ]
SQL: SELECT spa.*,merchant.merchant_name,merchant.address,merchant.phone FROM `spa` LEFT JOIN merchant on merchant.merchant_id = spa.merchant_id  WHERE ( spa_id=2 ) LIMIT 1   [ RunTime:0.0005s ]

[ 2016-01-14T22:22:40+08:00 ] 192.168.1.5 /mlbspa/api/spa/getinfo?token=asdqwe
INFO: [ app_init ] --START--
INFO: Run Behavior\BuildLiteBehavior [ RunTime:0.000022s ]
INFO: [ app_init ] --END-- [ RunTime:0.001492s ]
INFO: [ app_begin ] --START--
INFO: Run Behavior\ReadHtmlCacheBehavior [ RunTime:0.001592s ]
INFO: [ app_begin ] --END-- [ RunTime:0.001679s ]
NOTIC: [2048] Declaration of Api\Controller\CommonController::error() should be compatible with Think\Controller::error($message = '', $jumpUrl = '', $ajax = false) D:\Develop\WWW\mlbspa\api\Application\Api\Controller\CommonController.class.php 第 131 行.
NOTIC: [2048] Declaration of Api\Controller\CommonController::success() should be compatible with Think\Controller::success($message = '', $jumpUrl = '', $ajax = false) D:\Develop\WWW\mlbspa\api\Application\Api\Controller\CommonController.class.php 第 131 行.
SQL: SHOW COLUMNS FROM `spa` [ RunTime:0.0047s ]
SQL: SELECT spa.*,merchant.merchant_name,merchant.address,merchant.phone FROM `spa` LEFT JOIN merchant on merchant.merchant_id = spa.merchant_id  WHERE ( spa_id=2 ) LIMIT 1   [ RunTime:0.0005s ]

[ 2016-01-14T22:23:45+08:00 ] 192.168.1.5 /mlbspa/api/spa/getinfo?token=asdqwe
INFO: [ app_init ] --START--
INFO: Run Behavior\BuildLiteBehavior [ RunTime:0.000028s ]
INFO: [ app_init ] --END-- [ RunTime:0.001139s ]
INFO: [ app_begin ] --START--
INFO: Run Behavior\ReadHtmlCacheBehavior [ RunTime:0.001116s ]
INFO: [ app_begin ] --END-- [ RunTime:0.001226s ]
NOTIC: [2048] Declaration of Api\Controller\CommonController::error() should be compatible with Think\Controller::error($message = '', $jumpUrl = '', $ajax = false) D:\Develop\WWW\mlbspa\api\Application\Api\Controller\CommonController.class.php 第 131 行.
NOTIC: [2048] Declaration of Api\Controller\CommonController::success() should be compatible with Think\Controller::success($message = '', $jumpUrl = '', $ajax = false) D:\Develop\WWW\mlbspa\api\Application\Api\Controller\CommonController.class.php 第 131 行.
SQL: SHOW COLUMNS FROM `spa` [ RunTime:0.0054s ]
SQL: SELECT spa.*,merchant.merchant_name,merchant.address,merchant.phone FROM `spa` LEFT JOIN merchant on merchant.merchant_id = spa.merchant_id  WHERE ( spa_id=2 ) LIMIT 1   [ RunTime:0.0005s ]

[ 2016-01-14T22:24:05+08:00 ] 192.168.1.5 /mlbspa/api/spa/getinfo?token=asdqwe
INFO: [ app_init ] --START--
INFO: Run Behavior\BuildLiteBehavior [ RunTime:0.000031s ]
INFO: [ app_init ] --END-- [ RunTime:0.002014s ]
INFO: [ app_begin ] --START--
INFO: Run Behavior\ReadHtmlCacheBehavior [ RunTime:0.002605s ]
INFO: [ app_begin ] --END-- [ RunTime:0.002767s ]
NOTIC: [2048] Declaration of Api\Controller\CommonController::error() should be compatible with Think\Controller::error($message = '', $jumpUrl = '', $ajax = false) D:\Develop\WWW\mlbspa\api\Application\Api\Controller\CommonController.class.php 第 131 行.
NOTIC: [2048] Declaration of Api\Controller\CommonController::success() should be compatible with Think\Controller::success($message = '', $jumpUrl = '', $ajax = false) D:\Develop\WWW\mlbspa\api\Application\Api\Controller\CommonController.class.php 第 131 行.
SQL: SHOW COLUMNS FROM `spa` [ RunTime:0.0067s ]
SQL: SELECT spa.*,merchant.merchant_name,merchant.address,merchant.phone FROM `spa` LEFT JOIN merchant on merchant.merchant_id = spa.merchant_id  WHERE ( spa_id=2 ) LIMIT 1   [ RunTime:0.0007s ]

[ 2016-01-14T22:24:50+08:00 ] 192.168.1.5 /mlbspa/api/spa/getinfo?token=asdqwe
INFO: [ app_init ] --START--
INFO: Run Behavior\BuildLiteBehavior [ RunTime:0.000021s ]
INFO: [ app_init ] --END-- [ RunTime:0.001062s ]
INFO: [ app_begin ] --START--
INFO: Run Behavior\ReadHtmlCacheBehavior [ RunTime:0.001430s ]
INFO: [ app_begin ] --END-- [ RunTime:0.001522s ]
NOTIC: [2048] Declaration of Api\Controller\CommonController::error() should be compatible with Think\Controller::error($message = '', $jumpUrl = '', $ajax = false) D:\Develop\WWW\mlbspa\api\Application\Api\Controller\CommonController.class.php 第 131 行.
NOTIC: [2048] Declaration of Api\Controller\CommonController::success() should be compatible with Think\Controller::success($message = '', $jumpUrl = '', $ajax = false) D:\Develop\WWW\mlbspa\api\Application\Api\Controller\CommonController.class.php 第 131 行.
SQL: SHOW COLUMNS FROM `spa` [ RunTime:0.0052s ]
SQL: SELECT spa.*,merchant.merchant_name,merchant.address,merchant.phone FROM `spa` LEFT JOIN merchant on merchant.merchant_id = spa.merchant_id  WHERE ( spa_id=2 ) LIMIT 1   [ RunTime:0.0005s ]

[ 2016-01-14T22:25:11+08:00 ] 192.168.1.5 /mlbspa/api/spa/getinfo?token=asdqwe
INFO: [ app_init ] --START--
INFO: Run Behavior\BuildLiteBehavior [ RunTime:0.000022s ]
INFO: [ app_init ] --END-- [ RunTime:0.001078s ]
INFO: [ app_begin ] --START--
INFO: Run Behavior\ReadHtmlCacheBehavior [ RunTime:0.001055s ]
INFO: [ app_begin ] --END-- [ RunTime:0.001136s ]
NOTIC: [2048] Declaration of Api\Controller\CommonController::error() should be compatible with Think\Controller::error($message = '', $jumpUrl = '', $ajax = false) D:\Develop\WWW\mlbspa\api\Application\Api\Controller\CommonController.class.php 第 131 行.
NOTIC: [2048] Declaration of Api\Controller\CommonController::success() should be compatible with Think\Controller::success($message = '', $jumpUrl = '', $ajax = false) D:\Develop\WWW\mlbspa\api\Application\Api\Controller\CommonController.class.php 第 131 行.
SQL: SHOW COLUMNS FROM `spa` [ RunTime:0.0071s ]
SQL: SELECT spa.*,merchant.merchant_name,merchant.address,merchant.phone FROM `spa` LEFT JOIN merchant on merchant.merchant_id = spa.merchant_id  WHERE ( spa_id=2 ) LIMIT 1   [ RunTime:0.0006s ]

[ 2016-01-14T22:25:11+08:00 ] 192.168.1.5 /mlbspa/api/spa/getinfo?token=asdqwe
INFO: [ app_init ] --START--
INFO: Run Behavior\BuildLiteBehavior [ RunTime:0.000021s ]
INFO: [ app_init ] --END-- [ RunTime:0.001294s ]
INFO: [ app_begin ] --START--
INFO: Run Behavior\ReadHtmlCacheBehavior [ RunTime:0.001248s ]
INFO: [ app_begin ] --END-- [ RunTime:0.001313s ]
NOTIC: [2048] Declaration of Api\Controller\CommonController::error() should be compatible with Think\Controller::error($message = '', $jumpUrl = '', $ajax = false) D:\Develop\WWW\mlbspa\api\Application\Api\Controller\CommonController.class.php 第 131 行.
NOTIC: [2048] Declaration of Api\Controller\CommonController::success() should be compatible with Think\Controller::success($message = '', $jumpUrl = '', $ajax = false) D:\Develop\WWW\mlbspa\api\Application\Api\Controller\CommonController.class.php 第 131 行.
SQL: SHOW COLUMNS FROM `spa` [ RunTime:0.0045s ]
SQL: SELECT spa.*,merchant.merchant_name,merchant.address,merchant.phone FROM `spa` LEFT JOIN merchant on merchant.merchant_id = spa.merchant_id  WHERE ( spa_id=2 ) LIMIT 1   [ RunTime:0.0004s ]

[ 2016-01-14T22:25:12+08:00 ] 192.168.1.5 /mlbspa/api/spa/getlist?token=asdqwe
INFO: [ app_init ] --START--
INFO: Run Behavior\BuildLiteBehavior [ RunTime:0.000018s ]
INFO: [ app_init ] --END-- [ RunTime:0.000768s ]
INFO: [ app_begin ] --START--
INFO: Run Behavior\ReadHtmlCacheBehavior [ RunTime:0.000963s ]
INFO: [ app_begin ] --END-- [ RunTime:0.001032s ]
NOTIC: [2048] Declaration of Api\Controller\CommonController::error() should be compatible with Think\Controller::error($message = '', $jumpUrl = '', $ajax = false) D:\Develop\WWW\mlbspa\api\Application\Api\Controller\CommonController.class.php 第 131 行.
NOTIC: [2048] Declaration of Api\Controller\CommonController::success() should be compatible with Think\Controller::success($message = '', $jumpUrl = '', $ajax = false) D:\Develop\WWW\mlbspa\api\Application\Api\Controller\CommonController.class.php 第 131 行.
NOTIC: [8] Undefined index: city_id D:\Develop\WWW\mlbspa\api\Application\Api\Controller\SpaController.class.php 第 29 行.
NOTIC: [8] Undefined index: cate_id D:\Develop\WWW\mlbspa\api\Application\Api\Controller\SpaController.class.php 第 33 行.
NOTIC: [8] Undefined index: sort D:\Develop\WWW\mlbspa\api\Application\Api\Controller\SpaController.class.php 第 40 行.
SQL: SHOW COLUMNS FROM `spa` [ RunTime:0.0047s ]
SQL: SELECT spa.*,images.folder as cover_folder,images.name as cover_name,images.type as cover_type FROM `spa` LEFT JOIN images on images.img_id = spa.spa_cover  WHERE `order_type` = 1 ORDER BY `spa_id` desc LIMIT 0,10   [ RunTime:0.0007s ]

[ 2016-01-14T22:25:27+08:00 ] 192.168.1.5 /mlbspa/api/order/spacommit?token=asdqwe
INFO: [ app_init ] --START--
INFO: Run Behavior\BuildLiteBehavior [ RunTime:0.000021s ]
INFO: [ app_init ] --END-- [ RunTime:0.000964s ]
INFO: [ app_begin ] --START--
INFO: Run Behavior\ReadHtmlCacheBehavior [ RunTime:0.001113s ]
INFO: [ app_begin ] --END-- [ RunTime:0.001204s ]
NOTIC: [2048] Declaration of Api\Controller\CommonController::error() should be compatible with Think\Controller::error($message = '', $jumpUrl = '', $ajax = false) D:\Develop\WWW\mlbspa\api\Application\Api\Controller\CommonController.class.php 第 131 行.
NOTIC: [2048] Declaration of Api\Controller\CommonController::success() should be compatible with Think\Controller::success($message = '', $jumpUrl = '', $ajax = false) D:\Develop\WWW\mlbspa\api\Application\Api\Controller\CommonController.class.php 第 131 行.
SQL: SHOW COLUMNS FROM `spa_order` [ RunTime:0.0601s ]
SQL: SHOW COLUMNS FROM `users` [ RunTime:0.0127s ]
ERR: SQLSTATE[42S22]: Column not found: 1054 Unknown column 'nickname' in 'field list'

[ 2016-01-14T22:26:03+08:00 ] 192.168.1.6 /mlbspa/api/order/spacommit?token=asdqwe
INFO: [ app_init ] --START--
INFO: Run Behavior\BuildLiteBehavior [ RunTime:0.000019s ]
INFO: [ app_init ] --END-- [ RunTime:0.001087s ]
INFO: [ app_begin ] --START--
INFO: Run Behavior\ReadHtmlCacheBehavior [ RunTime:0.000926s ]
INFO: [ app_begin ] --END-- [ RunTime:0.001004s ]
NOTIC: [2048] Declaration of Api\Controller\CommonController::error() should be compatible with Think\Controller::error($message = '', $jumpUrl = '', $ajax = false) D:\Develop\WWW\mlbspa\api\Application\Api\Controller\CommonController.class.php 第 131 行.
NOTIC: [2048] Declaration of Api\Controller\CommonController::success() should be compatible with Think\Controller::success($message = '', $jumpUrl = '', $ajax = false) D:\Develop\WWW\mlbspa\api\Application\Api\Controller\CommonController.class.php 第 131 行.

[ 2016-01-14T22:26:18+08:00 ] 192.168.1.6 /mlbspa/api/order/spacommit?token=asdqwe
INFO: [ app_init ] --START--
INFO: Run Behavior\BuildLiteBehavior [ RunTime:0.000016s ]
INFO: [ app_init ] --END-- [ RunTime:0.000780s ]
INFO: [ app_begin ] --START--
INFO: Run Behavior\ReadHtmlCacheBehavior [ RunTime:0.001392s ]
INFO: [ app_begin ] --END-- [ RunTime:0.001488s ]
NOTIC: [2048] Declaration of Api\Controller\CommonController::error() should be compatible with Think\Controller::error($message = '', $jumpUrl = '', $ajax = false) D:\Develop\WWW\mlbspa\api\Application\Api\Controller\CommonController.class.php 第 131 行.
NOTIC: [2048] Declaration of Api\Controller\CommonController::success() should be compatible with Think\Controller::success($message = '', $jumpUrl = '', $ajax = false) D:\Develop\WWW\mlbspa\api\Application\Api\Controller\CommonController.class.php 第 131 行.
SQL: SHOW COLUMNS FROM `spa_order` [ RunTime:0.0076s ]
SQL: SHOW COLUMNS FROM `users` [ RunTime:0.0069s ]
ERR: SQLSTATE[42S22]: Column not found: 1054 Unknown column 'nickname' in 'field list'

[ 2016-01-14T23:01:08+08:00 ] 192.168.1.6 /mlbspa/api/order/spacommit?token=asdqwe
INFO: [ app_init ] --START--
INFO: Run Behavior\BuildLiteBehavior [ RunTime:0.000017s ]
INFO: [ app_init ] --END-- [ RunTime:0.000885s ]
INFO: [ app_begin ] --START--
INFO: Run Behavior\ReadHtmlCacheBehavior [ RunTime:0.002722s ]
INFO: [ app_begin ] --END-- [ RunTime:0.002823s ]
NOTIC: [2048] Declaration of Api\Controller\CommonController::error() should be compatible with Think\Controller::error($message = '', $jumpUrl = '', $ajax = false) D:\Develop\WWW\mlbspa\api\Application\Api\Controller\CommonController.class.php 第 131 行.
NOTIC: [2048] Declaration of Api\Controller\CommonController::success() should be compatible with Think\Controller::success($message = '', $jumpUrl = '', $ajax = false) D:\Develop\WWW\mlbspa\api\Application\Api\Controller\CommonController.class.php 第 131 行.
SQL: SHOW COLUMNS FROM `spa_order` [ RunTime:0.0060s ]
SQL: SHOW COLUMNS FROM `members` [ RunTime:0.0061s ]
ERR: SQLSTATE[42S22]: Column not found: 1054 Unknown column 'nickname' in 'field list'

[ 2016-01-14T23:05:02+08:00 ] 192.168.1.6 /mlbspa/api/order/spacommit?token=asdqwe
INFO: [ app_init ] --START--
INFO: Run Behavior\BuildLiteBehavior [ RunTime:0.000017s ]
INFO: [ app_init ] --END-- [ RunTime:0.001177s ]
INFO: [ app_begin ] --START--
INFO: Run Behavior\ReadHtmlCacheBehavior [ RunTime:0.002057s ]
INFO: [ app_begin ] --END-- [ RunTime:0.002165s ]
NOTIC: [2048] Declaration of Api\Controller\CommonController::error() should be compatible with Think\Controller::error($message = '', $jumpUrl = '', $ajax = false) D:\Develop\WWW\mlbspa\api\Application\Api\Controller\CommonController.class.php 第 131 行.
NOTIC: [2048] Declaration of Api\Controller\CommonController::success() should be compatible with Think\Controller::success($message = '', $jumpUrl = '', $ajax = false) D:\Develop\WWW\mlbspa\api\Application\Api\Controller\CommonController.class.php 第 131 行.
SQL: SHOW COLUMNS FROM `spa_order` [ RunTime:0.0060s ]
SQL: SHOW COLUMNS FROM `members` [ RunTime:0.0047s ]
SQL: SELECT `nickname` FROM `members` WHERE ( user_id=2 ) LIMIT 1   [ RunTime:0.0003s ]
SQL: SHOW COLUMNS FROM `spa` [ RunTime:0.0042s ]
SQL: SELECT * FROM `spa` WHERE ( spa_id=2 ) LIMIT 1   [ RunTime:0.0004s ]
SQL: INSERT INTO `spa_order` (`order_sn`,`create_time`,`user_id`,`user_name`,`order_type`,`spa_id`,`spa_name`,`merchant_id`,`order_amount`,`pay_amount`) VALUES ('2016011410152495','1452783902','2',NULL,'1','2','全身泰式按摩SPA','4','98.00','98.00') [ RunTime:0.0919s ]

[ 2016-01-14T23:05:55+08:00 ] 192.168.1.5 /mlbspa/api/order/spacommit?token=asdqwe
INFO: [ app_init ] --START--
INFO: Run Behavior\BuildLiteBehavior [ RunTime:0.000022s ]
INFO: [ app_init ] --END-- [ RunTime:0.001031s ]
INFO: [ app_begin ] --START--
INFO: Run Behavior\ReadHtmlCacheBehavior [ RunTime:0.001228s ]
INFO: [ app_begin ] --END-- [ RunTime:0.001318s ]
NOTIC: [2048] Declaration of Api\Controller\CommonController::error() should be compatible with Think\Controller::error($message = '', $jumpUrl = '', $ajax = false) D:\Develop\WWW\mlbspa\api\Application\Api\Controller\CommonController.class.php 第 131 行.
NOTIC: [2048] Declaration of Api\Controller\CommonController::success() should be compatible with Think\Controller::success($message = '', $jumpUrl = '', $ajax = false) D:\Develop\WWW\mlbspa\api\Application\Api\Controller\CommonController.class.php 第 131 行.
SQL: SHOW COLUMNS FROM `spa_order` [ RunTime:0.0048s ]
SQL: SHOW COLUMNS FROM `members` [ RunTime:0.0045s ]
SQL: SELECT `nickname` FROM `members` WHERE ( user_id=2 ) LIMIT 1   [ RunTime:0.0003s ]
SQL: SHOW COLUMNS FROM `spa` [ RunTime:0.0050s ]
SQL: SELECT * FROM `spa` WHERE ( spa_id=2 ) LIMIT 1   [ RunTime:0.0005s ]
SQL: INSERT INTO `spa_order` (`order_sn`,`create_time`,`user_id`,`user_name`,`order_type`,`spa_id`,`spa_name`,`merchant_id`,`order_amount`,`pay_amount`) VALUES ('2016011451535599','1452783955','2',NULL,'1','2','全身泰式按摩SPA','4','98.00','98.00') [ RunTime:0.3844s ]

[ 2016-01-14T23:06:12+08:00 ] 192.168.1.5 /mlbspa/api/spa/getinfo?token=asdqwe
INFO: [ app_init ] --START--
INFO: Run Behavior\BuildLiteBehavior [ RunTime:0.000022s ]
INFO: [ app_init ] --END-- [ RunTime:0.001108s ]
INFO: [ app_begin ] --START--
INFO: Run Behavior\ReadHtmlCacheBehavior [ RunTime:0.001231s ]
INFO: [ app_begin ] --END-- [ RunTime:0.001338s ]
NOTIC: [2048] Declaration of Api\Controller\CommonController::error() should be compatible with Think\Controller::error($message = '', $jumpUrl = '', $ajax = false) D:\Develop\WWW\mlbspa\api\Application\Api\Controller\CommonController.class.php 第 131 行.
NOTIC: [2048] Declaration of Api\Controller\CommonController::success() should be compatible with Think\Controller::success($message = '', $jumpUrl = '', $ajax = false) D:\Develop\WWW\mlbspa\api\Application\Api\Controller\CommonController.class.php 第 131 行.
SQL: SHOW COLUMNS FROM `spa` [ RunTime:0.0063s ]
SQL: SELECT spa.*,merchant.merchant_name,merchant.address,merchant.phone FROM `spa` LEFT JOIN merchant on merchant.merchant_id = spa.merchant_id  WHERE ( spa_id=2 ) LIMIT 1   [ RunTime:0.0006s ]

[ 2016-01-14T23:06:15+08:00 ] 192.168.1.5 /mlbspa/api/order/spacommit?token=asdqwe
INFO: [ app_init ] --START--
INFO: Run Behavior\BuildLiteBehavior [ RunTime:0.000017s ]
INFO: [ app_init ] --END-- [ RunTime:0.000807s ]
INFO: [ app_begin ] --START--
INFO: Run Behavior\ReadHtmlCacheBehavior [ RunTime:0.000844s ]
INFO: [ app_begin ] --END-- [ RunTime:0.000903s ]
NOTIC: [2048] Declaration of Api\Controller\CommonController::error() should be compatible with Think\Controller::error($message = '', $jumpUrl = '', $ajax = false) D:\Develop\WWW\mlbspa\api\Application\Api\Controller\CommonController.class.php 第 131 行.
NOTIC: [2048] Declaration of Api\Controller\CommonController::success() should be compatible with Think\Controller::success($message = '', $jumpUrl = '', $ajax = false) D:\Develop\WWW\mlbspa\api\Application\Api\Controller\CommonController.class.php 第 131 行.
SQL: SHOW COLUMNS FROM `spa_order` [ RunTime:0.0044s ]
SQL: SHOW COLUMNS FROM `members` [ RunTime:0.0048s ]
SQL: SELECT `nickname` FROM `members` WHERE ( user_id=2 ) LIMIT 1   [ RunTime:0.0003s ]
SQL: SHOW COLUMNS FROM `spa` [ RunTime:0.0051s ]
SQL: SELECT * FROM `spa` WHERE ( spa_id=2 ) LIMIT 1   [ RunTime:0.0004s ]
SQL: INSERT INTO `spa_order` (`order_sn`,`create_time`,`user_id`,`user_name`,`order_type`,`spa_id`,`spa_name`,`merchant_id`,`order_amount`,`pay_amount`) VALUES ('2016011455565354','1452783975','2',NULL,'1','2','全身泰式按摩SPA','4','98.00','98.00') [ RunTime:0.0977s ]

[ 2016-01-14T23:06:41+08:00 ] 192.168.1.5 /mlbspa/api/spa/getinfo?token=asdqwe
INFO: [ app_init ] --START--
INFO: Run Behavior\BuildLiteBehavior [ RunTime:0.000088s ]
INFO: [ app_init ] --END-- [ RunTime:0.003346s ]
INFO: [ app_begin ] --START--
INFO: Run Behavior\ReadHtmlCacheBehavior [ RunTime:0.001418s ]
INFO: [ app_begin ] --END-- [ RunTime:0.001529s ]
NOTIC: [2048] Declaration of Api\Controller\CommonController::error() should be compatible with Think\Controller::error($message = '', $jumpUrl = '', $ajax = false) D:\Develop\WWW\mlbspa\api\Application\Api\Controller\CommonController.class.php 第 131 行.
NOTIC: [2048] Declaration of Api\Controller\CommonController::success() should be compatible with Think\Controller::success($message = '', $jumpUrl = '', $ajax = false) D:\Develop\WWW\mlbspa\api\Application\Api\Controller\CommonController.class.php 第 131 行.
SQL: SHOW COLUMNS FROM `spa` [ RunTime:0.0047s ]
SQL: SELECT spa.*,merchant.merchant_name,merchant.address,merchant.phone FROM `spa` LEFT JOIN merchant on merchant.merchant_id = spa.merchant_id  WHERE ( spa_id=2 ) LIMIT 1   [ RunTime:0.0005s ]

[ 2016-01-14T23:06:43+08:00 ] 192.168.1.5 /mlbspa/api/order/spacommit?token=asdqwe
INFO: [ app_init ] --START--
INFO: Run Behavior\BuildLiteBehavior [ RunTime:0.000019s ]
INFO: [ app_init ] --END-- [ RunTime:0.001035s ]
INFO: [ app_begin ] --START--
INFO: Run Behavior\ReadHtmlCacheBehavior [ RunTime:0.000880s ]
INFO: [ app_begin ] --END-- [ RunTime:0.000950s ]
NOTIC: [2048] Declaration of Api\Controller\CommonController::error() should be compatible with Think\Controller::error($message = '', $jumpUrl = '', $ajax = false) D:\Develop\WWW\mlbspa\api\Application\Api\Controller\CommonController.class.php 第 131 行.
NOTIC: [2048] Declaration of Api\Controller\CommonController::success() should be compatible with Think\Controller::success($message = '', $jumpUrl = '', $ajax = false) D:\Develop\WWW\mlbspa\api\Application\Api\Controller\CommonController.class.php 第 131 行.
SQL: SHOW COLUMNS FROM `spa_order` [ RunTime:0.0044s ]
SQL: SHOW COLUMNS FROM `members` [ RunTime:0.0044s ]
SQL: SELECT `nickname` FROM `members` WHERE ( user_id=2 ) LIMIT 1   [ RunTime:0.0002s ]
SQL: SHOW COLUMNS FROM `spa` [ RunTime:0.0043s ]
SQL: SELECT * FROM `spa` WHERE ( spa_id=2 ) LIMIT 1   [ RunTime:0.0004s ]
SQL: INSERT INTO `spa_order` (`order_sn`,`create_time`,`user_id`,`user_name`,`order_type`,`spa_id`,`spa_name`,`merchant_id`,`order_amount`,`pay_amount`) VALUES ('2016011451975798','1452784003','2',NULL,'1','2','全身泰式按摩SPA','4','98.00','98.00') [ RunTime:0.0923s ]

[ 2016-01-14T23:06:44+08:00 ] 192.168.1.5 /mlbspa/api/order/spainfo?token=asdqwe
INFO: [ app_init ] --START--
INFO: Run Behavior\BuildLiteBehavior [ RunTime:0.000035s ]
INFO: [ app_init ] --END-- [ RunTime:0.002226s ]
INFO: [ app_begin ] --START--
INFO: Run Behavior\ReadHtmlCacheBehavior [ RunTime:0.001838s ]
INFO: [ app_begin ] --END-- [ RunTime:0.001972s ]
NOTIC: [2048] Declaration of Api\Controller\CommonController::error() should be compatible with Think\Controller::error($message = '', $jumpUrl = '', $ajax = false) D:\Develop\WWW\mlbspa\api\Application\Api\Controller\CommonController.class.php 第 131 行.
NOTIC: [2048] Declaration of Api\Controller\CommonController::success() should be compatible with Think\Controller::success($message = '', $jumpUrl = '', $ajax = false) D:\Develop\WWW\mlbspa\api\Application\Api\Controller\CommonController.class.php 第 131 行.
SQL: SHOW COLUMNS FROM `spa_order` [ RunTime:0.0061s ]
SQL: SELECT * FROM `spa_order` WHERE ( order_sn=2016011451975798 ) LIMIT 1   [ RunTime:0.0350s ]

[ 2016-01-14T23:07:42+08:00 ] 192.168.1.5 /mlbspa/api/spa/getinfo?token=asdqwe
INFO: [ app_init ] --START--
INFO: Run Behavior\BuildLiteBehavior [ RunTime:0.000018s ]
INFO: [ app_init ] --END-- [ RunTime:0.000949s ]
INFO: [ app_begin ] --START--
INFO: Run Behavior\ReadHtmlCacheBehavior [ RunTime:0.001321s ]
INFO: [ app_begin ] --END-- [ RunTime:0.001394s ]
NOTIC: [2048] Declaration of Api\Controller\CommonController::error() should be compatible with Think\Controller::error($message = '', $jumpUrl = '', $ajax = false) D:\Develop\WWW\mlbspa\api\Application\Api\Controller\CommonController.class.php 第 131 行.
NOTIC: [2048] Declaration of Api\Controller\CommonController::success() should be compatible with Think\Controller::success($message = '', $jumpUrl = '', $ajax = false) D:\Develop\WWW\mlbspa\api\Application\Api\Controller\CommonController.class.php 第 131 行.
SQL: SHOW COLUMNS FROM `spa` [ RunTime:0.0058s ]
SQL: SELECT spa.*,merchant.merchant_name,merchant.address,merchant.phone FROM `spa` LEFT JOIN merchant on merchant.merchant_id = spa.merchant_id  WHERE ( spa_id=10 ) LIMIT 1   [ RunTime:0.0006s ]

[ 2016-01-14T23:07:46+08:00 ] 192.168.1.5 /mlbspa/api/spa/getinfo?token=asdqwe
INFO: [ app_init ] --START--
INFO: Run Behavior\BuildLiteBehavior [ RunTime:0.000029s ]
INFO: [ app_init ] --END-- [ RunTime:0.001227s ]
INFO: [ app_begin ] --START--
INFO: Run Behavior\ReadHtmlCacheBehavior [ RunTime:0.001552s ]
INFO: [ app_begin ] --END-- [ RunTime:0.001674s ]
NOTIC: [2048] Declaration of Api\Controller\CommonController::error() should be compatible with Think\Controller::error($message = '', $jumpUrl = '', $ajax = false) D:\Develop\WWW\mlbspa\api\Application\Api\Controller\CommonController.class.php 第 131 行.
NOTIC: [2048] Declaration of Api\Controller\CommonController::success() should be compatible with Think\Controller::success($message = '', $jumpUrl = '', $ajax = false) D:\Develop\WWW\mlbspa\api\Application\Api\Controller\CommonController.class.php 第 131 行.
SQL: SHOW COLUMNS FROM `spa` [ RunTime:0.0063s ]
SQL: SELECT spa.*,merchant.merchant_name,merchant.address,merchant.phone FROM `spa` LEFT JOIN merchant on merchant.merchant_id = spa.merchant_id  WHERE ( spa_id=10 ) LIMIT 1   [ RunTime:0.0005s ]

[ 2016-01-14T23:07:47+08:00 ] 192.168.1.5 /mlbspa/api/order/spacommit?token=asdqwe
INFO: [ app_init ] --START--
INFO: Run Behavior\BuildLiteBehavior [ RunTime:0.000034s ]
INFO: [ app_init ] --END-- [ RunTime:0.001697s ]
INFO: [ app_begin ] --START--
INFO: Run Behavior\ReadHtmlCacheBehavior [ RunTime:0.001834s ]
INFO: [ app_begin ] --END-- [ RunTime:0.001979s ]
NOTIC: [2048] Declaration of Api\Controller\CommonController::error() should be compatible with Think\Controller::error($message = '', $jumpUrl = '', $ajax = false) D:\Develop\WWW\mlbspa\api\Application\Api\Controller\CommonController.class.php 第 131 行.
NOTIC: [2048] Declaration of Api\Controller\CommonController::success() should be compatible with Think\Controller::success($message = '', $jumpUrl = '', $ajax = false) D:\Develop\WWW\mlbspa\api\Application\Api\Controller\CommonController.class.php 第 131 行.
SQL: SHOW COLUMNS FROM `spa_order` [ RunTime:0.0080s ]
SQL: SHOW COLUMNS FROM `members` [ RunTime:0.0074s ]
SQL: SELECT `nickname` FROM `members` WHERE ( user_id=2 ) LIMIT 1   [ RunTime:0.0004s ]
SQL: SHOW COLUMNS FROM `spa` [ RunTime:0.0064s ]
SQL: SELECT * FROM `spa` WHERE ( spa_id=10 ) LIMIT 1   [ RunTime:0.0004s ]
SQL: INSERT INTO `spa_order` (`order_sn`,`create_time`,`user_id`,`user_name`,`order_type`,`spa_id`,`spa_name`,`merchant_id`,`order_amount`,`pay_amount`) VALUES ('2016011451995499','1452784067','2',NULL,'1','10','等等等','1','11.00','11.00') [ RunTime:0.1124s ]

[ 2016-01-14T23:07:48+08:00 ] 192.168.1.5 /mlbspa/api/order/spainfo?token=asdqwe
INFO: [ app_init ] --START--
INFO: Run Behavior\BuildLiteBehavior [ RunTime:0.000018s ]
INFO: [ app_init ] --END-- [ RunTime:0.001031s ]
INFO: [ app_begin ] --START--
INFO: Run Behavior\ReadHtmlCacheBehavior [ RunTime:0.001322s ]
INFO: [ app_begin ] --END-- [ RunTime:0.001432s ]
NOTIC: [2048] Declaration of Api\Controller\CommonController::error() should be compatible with Think\Controller::error($message = '', $jumpUrl = '', $ajax = false) D:\Develop\WWW\mlbspa\api\Application\Api\Controller\CommonController.class.php 第 131 行.
NOTIC: [2048] Declaration of Api\Controller\CommonController::success() should be compatible with Think\Controller::success($message = '', $jumpUrl = '', $ajax = false) D:\Develop\WWW\mlbspa\api\Application\Api\Controller\CommonController.class.php 第 131 行.
SQL: SHOW COLUMNS FROM `spa_order` [ RunTime:0.0066s ]
SQL: SELECT * FROM `spa_order` WHERE ( order_sn=2016011451995499 ) LIMIT 1   [ RunTime:0.0008s ]

[ 2016-01-14T23:10:20+08:00 ] 192.168.1.5 /mlbspa/api/order/spainfo?token=asdqwe
INFO: [ app_init ] --START--
INFO: Run Behavior\BuildLiteBehavior [ RunTime:0.000033s ]
INFO: [ app_init ] --END-- [ RunTime:0.001808s ]
INFO: [ app_begin ] --START--
INFO: Run Behavior\ReadHtmlCacheBehavior [ RunTime:0.002551s ]
INFO: [ app_begin ] --END-- [ RunTime:0.002692s ]
NOTIC: [2048] Declaration of Api\Controller\CommonController::error() should be compatible with Think\Controller::error($message = '', $jumpUrl = '', $ajax = false) D:\Develop\WWW\mlbspa\api\Application\Api\Controller\CommonController.class.php 第 131 行.
NOTIC: [2048] Declaration of Api\Controller\CommonController::success() should be compatible with Think\Controller::success($message = '', $jumpUrl = '', $ajax = false) D:\Develop\WWW\mlbspa\api\Application\Api\Controller\CommonController.class.php 第 131 行.
SQL: SHOW COLUMNS FROM `spa_order` [ RunTime:0.0059s ]
SQL: SELECT * FROM `spa_order` WHERE ( order_sn=2016011451995499 ) LIMIT 1   [ RunTime:0.0007s ]

[ 2016-01-14T23:10:34+08:00 ] 192.168.1.5 /mlbspa/api/order/spaprepay?token=asdqwe
INFO: [ app_init ] --START--
INFO: Run Behavior\BuildLiteBehavior [ RunTime:0.000020s ]
INFO: [ app_init ] --END-- [ RunTime:0.001114s ]
INFO: [ app_begin ] --START--
INFO: Run Behavior\ReadHtmlCacheBehavior [ RunTime:0.001257s ]
INFO: [ app_begin ] --END-- [ RunTime:0.001337s ]
NOTIC: [2048] Declaration of Api\Controller\CommonController::error() should be compatible with Think\Controller::error($message = '', $jumpUrl = '', $ajax = false) D:\Develop\WWW\mlbspa\api\Application\Api\Controller\CommonController.class.php 第 131 行.
NOTIC: [2048] Declaration of Api\Controller\CommonController::success() should be compatible with Think\Controller::success($message = '', $jumpUrl = '', $ajax = false) D:\Develop\WWW\mlbspa\api\Application\Api\Controller\CommonController.class.php 第 131 行.
SQL: SHOW COLUMNS FROM `spa_order` [ RunTime:0.0049s ]
SQL: SELECT * FROM `spa_order` WHERE ( order_sn=2016011451995499 ) LIMIT 1   [ RunTime:0.0007s ]
NOTIC: [8] Undefined index: appid D:\Develop\WWW\mlbspa\api\Application\Api\Common\wxpayv3\WxPay.Api.php 第 71 行.
NOTIC: [8] Undefined index: mch_id D:\Develop\WWW\mlbspa\api\Application\Api\Common\wxpayv3\WxPay.Api.php 第 72 行.
NOTIC: [8] Undefined index: prepay_id D:\Develop\WWW\mlbspa\api\Application\Api\Common\wxpayv3\WxPay.Api.php 第 73 行.
NOTIC: [8] Undefined index: nonce_str D:\Develop\WWW\mlbspa\api\Application\Api\Common\wxpayv3\WxPay.Api.php 第 74 行.

[ 2016-01-14T23:10:53+08:00 ] 192.168.1.5 /mlbspa/api/order/spacommit?token=asdqwe
INFO: [ app_init ] --START--
INFO: Run Behavior\BuildLiteBehavior [ RunTime:0.000020s ]
INFO: [ app_init ] --END-- [ RunTime:0.001079s ]
INFO: [ app_begin ] --START--
INFO: Run Behavior\ReadHtmlCacheBehavior [ RunTime:0.001061s ]
INFO: [ app_begin ] --END-- [ RunTime:0.001138s ]
NOTIC: [2048] Declaration of Api\Controller\CommonController::error() should be compatible with Think\Controller::error($message = '', $jumpUrl = '', $ajax = false) D:\Develop\WWW\mlbspa\api\Application\Api\Controller\CommonController.class.php 第 131 行.
NOTIC: [2048] Declaration of Api\Controller\CommonController::success() should be compatible with Think\Controller::success($message = '', $jumpUrl = '', $ajax = false) D:\Develop\WWW\mlbspa\api\Application\Api\Controller\CommonController.class.php 第 131 行.
SQL: SHOW COLUMNS FROM `spa_order` [ RunTime:0.0046s ]
SQL: SHOW COLUMNS FROM `members` [ RunTime:0.0047s ]
SQL: SELECT `nickname` FROM `members` WHERE ( user_id=2 ) LIMIT 1   [ RunTime:0.0003s ]
SQL: SHOW COLUMNS FROM `spa` [ RunTime:0.0046s ]
SQL: SELECT * FROM `spa` WHERE ( spa_id=10 ) LIMIT 1   [ RunTime:0.0004s ]
SQL: INSERT INTO `spa_order` (`order_sn`,`create_time`,`user_id`,`user_name`,`order_type`,`spa_id`,`spa_name`,`merchant_id`,`order_amount`,`pay_amount`) VALUES ('2016011499101571','1452784252','2',NULL,'1','10','等等等','1','11.00','11.00') [ RunTime:0.0952s ]

[ 2016-01-14T23:10:53+08:00 ] 192.168.1.5 /mlbspa/api/order/spainfo?token=asdqwe
INFO: [ app_init ] --START--
INFO: Run Behavior\BuildLiteBehavior [ RunTime:0.000074s ]
INFO: [ app_init ] --END-- [ RunTime:0.001954s ]
INFO: [ app_begin ] --START--
INFO: Run Behavior\ReadHtmlCacheBehavior [ RunTime:0.001823s ]
INFO: [ app_begin ] --END-- [ RunTime:0.001940s ]
NOTIC: [2048] Declaration of Api\Controller\CommonController::error() should be compatible with Think\Controller::error($message = '', $jumpUrl = '', $ajax = false) D:\Develop\WWW\mlbspa\api\Application\Api\Controller\CommonController.class.php 第 131 行.
NOTIC: [2048] Declaration of Api\Controller\CommonController::success() should be compatible with Think\Controller::success($message = '', $jumpUrl = '', $ajax = false) D:\Develop\WWW\mlbspa\api\Application\Api\Controller\CommonController.class.php 第 131 行.
SQL: SHOW COLUMNS FROM `spa_order` [ RunTime:0.0059s ]
SQL: SELECT * FROM `spa_order` WHERE ( order_sn=2016011499101571 ) LIMIT 1   [ RunTime:0.0010s ]

[ 2016-01-14T23:11:01+08:00 ] 192.168.1.5 /mlbspa/api/order/spaprepay?token=asdqwe
INFO: [ app_init ] --START--
INFO: Run Behavior\BuildLiteBehavior [ RunTime:0.000032s ]
INFO: [ app_init ] --END-- [ RunTime:0.002193s ]
INFO: [ app_begin ] --START--
INFO: Run Behavior\ReadHtmlCacheBehavior [ RunTime:0.000927s ]
INFO: [ app_begin ] --END-- [ RunTime:0.001001s ]
NOTIC: [2048] Declaration of Api\Controller\CommonController::error() should be compatible with Think\Controller::error($message = '', $jumpUrl = '', $ajax = false) D:\Develop\WWW\mlbspa\api\Application\Api\Controller\CommonController.class.php 第 131 行.
NOTIC: [2048] Declaration of Api\Controller\CommonController::success() should be compatible with Think\Controller::success($message = '', $jumpUrl = '', $ajax = false) D:\Develop\WWW\mlbspa\api\Application\Api\Controller\CommonController.class.php 第 131 行.
SQL: SHOW COLUMNS FROM `spa_order` [ RunTime:0.0047s ]
SQL: SELECT * FROM `spa_order` WHERE ( order_sn=2016011499101571 ) LIMIT 1   [ RunTime:0.0006s ]
NOTIC: [8] Undefined index: appid D:\Develop\WWW\mlbspa\api\Application\Api\Common\wxpayv3\WxPay.Api.php 第 71 行.
NOTIC: [8] Undefined index: mch_id D:\Develop\WWW\mlbspa\api\Application\Api\Common\wxpayv3\WxPay.Api.php 第 72 行.
NOTIC: [8] Undefined index: prepay_id D:\Develop\WWW\mlbspa\api\Application\Api\Common\wxpayv3\WxPay.Api.php 第 73 行.
NOTIC: [8] Undefined index: nonce_str D:\Develop\WWW\mlbspa\api\Application\Api\Common\wxpayv3\WxPay.Api.php 第 74 行.

[ 2016-01-14T23:11:53+08:00 ] 192.168.1.6 /mlbspa/api/order/spaprepay?token=asdqwe
INFO: [ app_init ] --START--
INFO: Run Behavior\BuildLiteBehavior [ RunTime:0.000019s ]
INFO: [ app_init ] --END-- [ RunTime:0.000971s ]
INFO: [ app_begin ] --START--
INFO: Run Behavior\ReadHtmlCacheBehavior [ RunTime:0.001144s ]
INFO: [ app_begin ] --END-- [ RunTime:0.001233s ]
NOTIC: [2048] Declaration of Api\Controller\CommonController::error() should be compatible with Think\Controller::error($message = '', $jumpUrl = '', $ajax = false) D:\Develop\WWW\mlbspa\api\Application\Api\Controller\CommonController.class.php 第 131 行.
NOTIC: [2048] Declaration of Api\Controller\CommonController::success() should be compatible with Think\Controller::success($message = '', $jumpUrl = '', $ajax = false) D:\Develop\WWW\mlbspa\api\Application\Api\Controller\CommonController.class.php 第 131 行.
SQL: SHOW COLUMNS FROM `spa_order` [ RunTime:0.0066s ]
SQL: SELECT * FROM `spa_order` WHERE ( order_sn=2016011499101571 ) LIMIT 1   [ RunTime:0.0008s ]
NOTIC: [8] Undefined index: appid D:\Develop\WWW\mlbspa\api\Application\Api\Common\wxpayv3\WxPay.Api.php 第 71 行.
NOTIC: [8] Undefined index: mch_id D:\Develop\WWW\mlbspa\api\Application\Api\Common\wxpayv3\WxPay.Api.php 第 72 行.
NOTIC: [8] Undefined index: prepay_id D:\Develop\WWW\mlbspa\api\Application\Api\Common\wxpayv3\WxPay.Api.php 第 73 行.
NOTIC: [8] Undefined index: nonce_str D:\Develop\WWW\mlbspa\api\Application\Api\Common\wxpayv3\WxPay.Api.php 第 74 行.

[ 2016-01-14T23:13:12+08:00 ] 192.168.1.6 /mlbspa/api/order/spaprepay?token=asdqwe
INFO: [ app_init ] --START--
INFO: Run Behavior\BuildLiteBehavior [ RunTime:0.000023s ]
INFO: [ app_init ] --END-- [ RunTime:0.001004s ]
INFO: [ app_begin ] --START--
INFO: Run Behavior\ReadHtmlCacheBehavior [ RunTime:0.001187s ]
INFO: [ app_begin ] --END-- [ RunTime:0.001257s ]
NOTIC: [2048] Declaration of Api\Controller\CommonController::error() should be compatible with Think\Controller::error($message = '', $jumpUrl = '', $ajax = false) D:\Develop\WWW\mlbspa\api\Application\Api\Controller\CommonController.class.php 第 131 行.
NOTIC: [2048] Declaration of Api\Controller\CommonController::success() should be compatible with Think\Controller::success($message = '', $jumpUrl = '', $ajax = false) D:\Develop\WWW\mlbspa\api\Application\Api\Controller\CommonController.class.php 第 131 行.

[ 2016-01-14T23:13:38+08:00 ] 192.168.1.6 /mlbspa/api/order/spaprepay?token=asdqwe
INFO: [ app_init ] --START--
INFO: Run Behavior\BuildLiteBehavior [ RunTime:0.000018s ]
INFO: [ app_init ] --END-- [ RunTime:0.000771s ]
INFO: [ app_begin ] --START--
INFO: Run Behavior\ReadHtmlCacheBehavior [ RunTime:0.000861s ]
INFO: [ app_begin ] --END-- [ RunTime:0.000924s ]
NOTIC: [2048] Declaration of Api\Controller\CommonController::error() should be compatible with Think\Controller::error($message = '', $jumpUrl = '', $ajax = false) D:\Develop\WWW\mlbspa\api\Application\Api\Controller\CommonController.class.php 第 131 行.
NOTIC: [2048] Declaration of Api\Controller\CommonController::success() should be compatible with Think\Controller::success($message = '', $jumpUrl = '', $ajax = false) D:\Develop\WWW\mlbspa\api\Application\Api\Controller\CommonController.class.php 第 131 行.
SQL: SHOW COLUMNS FROM `spa_order` [ RunTime:0.0054s ]
SQL: SELECT * FROM `spa_order` WHERE ( order_sn=2016011499101571 ) LIMIT 1   [ RunTime:0.0005s ]

[ 2016-01-14T23:14:19+08:00 ] 192.168.1.6 /mlbspa/api/order/spaprepay?token=asdqwe
INFO: [ app_init ] --START--
INFO: Run Behavior\BuildLiteBehavior [ RunTime:0.000016s ]
INFO: [ app_init ] --END-- [ RunTime:0.000895s ]
INFO: [ app_begin ] --START--
INFO: Run Behavior\ReadHtmlCacheBehavior [ RunTime:0.001285s ]
INFO: [ app_begin ] --END-- [ RunTime:0.001375s ]
NOTIC: [2048] Declaration of Api\Controller\CommonController::error() should be compatible with Think\Controller::error($message = '', $jumpUrl = '', $ajax = false) D:\Develop\WWW\mlbspa\api\Application\Api\Controller\CommonController.class.php 第 131 行.
NOTIC: [2048] Declaration of Api\Controller\CommonController::success() should be compatible with Think\Controller::success($message = '', $jumpUrl = '', $ajax = false) D:\Develop\WWW\mlbspa\api\Application\Api\Controller\CommonController.class.php 第 131 行.
SQL: SHOW COLUMNS FROM `spa_order` [ RunTime:0.0050s ]
SQL: SELECT * FROM `spa_order` WHERE ( order_sn=2016011499101571 ) LIMIT 1   [ RunTime:0.0005s ]

[ 2016-01-14T23:14:42+08:00 ] 192.168.1.6 /mlbspa/api/order/spaprepay?token=asdqwe
INFO: [ app_init ] --START--
INFO: Run Behavior\BuildLiteBehavior [ RunTime:0.000017s ]
INFO: [ app_init ] --END-- [ RunTime:0.000761s ]
INFO: [ app_begin ] --START--
INFO: Run Behavior\ReadHtmlCacheBehavior [ RunTime:0.000969s ]
INFO: [ app_begin ] --END-- [ RunTime:0.001054s ]
NOTIC: [2048] Declaration of Api\Controller\CommonController::error() should be compatible with Think\Controller::error($message = '', $jumpUrl = '', $ajax = false) D:\Develop\WWW\mlbspa\api\Application\Api\Controller\CommonController.class.php 第 131 行.
NOTIC: [2048] Declaration of Api\Controller\CommonController::success() should be compatible with Think\Controller::success($message = '', $jumpUrl = '', $ajax = false) D:\Develop\WWW\mlbspa\api\Application\Api\Controller\CommonController.class.php 第 131 行.
SQL: SHOW COLUMNS FROM `spa_order` [ RunTime:0.0055s ]
SQL: SELECT * FROM `spa_order` WHERE ( order_sn=2016011499101571 ) LIMIT 1   [ RunTime:0.0007s ]

[ 2016-01-14T23:15:05+08:00 ] 192.168.1.6 /mlbspa/api/order/spaprepay?token=asdqwe
INFO: [ app_init ] --START--
INFO: Run Behavior\BuildLiteBehavior [ RunTime:0.000018s ]
INFO: [ app_init ] --END-- [ RunTime:0.000958s ]
INFO: [ app_begin ] --START--
INFO: Run Behavior\ReadHtmlCacheBehavior [ RunTime:0.001027s ]
INFO: [ app_begin ] --END-- [ RunTime:0.001115s ]
NOTIC: [2048] Declaration of Api\Controller\CommonController::error() should be compatible with Think\Controller::error($message = '', $jumpUrl = '', $ajax = false) D:\Develop\WWW\mlbspa\api\Application\Api\Controller\CommonController.class.php 第 131 行.
NOTIC: [2048] Declaration of Api\Controller\CommonController::success() should be compatible with Think\Controller::success($message = '', $jumpUrl = '', $ajax = false) D:\Develop\WWW\mlbspa\api\Application\Api\Controller\CommonController.class.php 第 131 行.
SQL: SHOW COLUMNS FROM `spa_order` [ RunTime:0.0074s ]
SQL: SELECT * FROM `spa_order` WHERE ( order_sn=2016011499101571 ) LIMIT 1   [ RunTime:0.0006s ]
NOTIC: [8] Undefined index: appid D:\Develop\WWW\mlbspa\api\Application\Api\Common\wxpayv3\WxPay.Api.php 第 71 行.
NOTIC: [8] Undefined index: mch_id D:\Develop\WWW\mlbspa\api\Application\Api\Common\wxpayv3\WxPay.Api.php 第 72 行.
NOTIC: [8] Undefined index: prepay_id D:\Develop\WWW\mlbspa\api\Application\Api\Common\wxpayv3\WxPay.Api.php 第 73 行.
NOTIC: [8] Undefined index: nonce_str D:\Develop\WWW\mlbspa\api\Application\Api\Common\wxpayv3\WxPay.Api.php 第 74 行.

[ 2016-01-14T23:15:39+08:00 ] 192.168.1.6 /mlbspa/api/order/spaprepay?token=asdqwe
INFO: [ app_init ] --START--
INFO: Run Behavior\BuildLiteBehavior [ RunTime:0.000018s ]
INFO: [ app_init ] --END-- [ RunTime:0.001207s ]
INFO: [ app_begin ] --START--
INFO: Run Behavior\ReadHtmlCacheBehavior [ RunTime:0.001377s ]
INFO: [ app_begin ] --END-- [ RunTime:0.001486s ]
NOTIC: [2048] Declaration of Api\Controller\CommonController::error() should be compatible with Think\Controller::error($message = '', $jumpUrl = '', $ajax = false) D:\Develop\WWW\mlbspa\api\Application\Api\Controller\CommonController.class.php 第 131 行.
NOTIC: [2048] Declaration of Api\Controller\CommonController::success() should be compatible with Think\Controller::success($message = '', $jumpUrl = '', $ajax = false) D:\Develop\WWW\mlbspa\api\Application\Api\Controller\CommonController.class.php 第 131 行.
SQL: SHOW COLUMNS FROM `spa_order` [ RunTime:0.0059s ]
SQL: SELECT * FROM `spa_order` WHERE ( order_sn=2016011499101571 ) LIMIT 1   [ RunTime:0.0006s ]
NOTIC: [8] Undefined index: appid D:\Develop\WWW\mlbspa\api\Application\Api\Common\wxpayv3\WxPay.Api.php 第 71 行.
NOTIC: [8] Undefined index: mch_id D:\Develop\WWW\mlbspa\api\Application\Api\Common\wxpayv3\WxPay.Api.php 第 72 行.
NOTIC: [8] Undefined index: prepay_id D:\Develop\WWW\mlbspa\api\Application\Api\Common\wxpayv3\WxPay.Api.php 第 73 行.
NOTIC: [8] Undefined index: nonce_str D:\Develop\WWW\mlbspa\api\Application\Api\Common\wxpayv3\WxPay.Api.php 第 74 行.

[ 2016-01-14T23:19:11+08:00 ] 192.168.1.6 /mlbspa/api/order/spaprepay?token=asdqwe
INFO: [ app_init ] --START--
INFO: Run Behavior\BuildLiteBehavior [ RunTime:0.000025s ]
INFO: [ app_init ] --END-- [ RunTime:0.000975s ]
INFO: [ app_begin ] --START--
INFO: Run Behavior\ReadHtmlCacheBehavior [ RunTime:0.002047s ]
INFO: [ app_begin ] --END-- [ RunTime:0.002167s ]
NOTIC: [2048] Declaration of Api\Controller\CommonController::error() should be compatible with Think\Controller::error($message = '', $jumpUrl = '', $ajax = false) D:\Develop\WWW\mlbspa\api\Application\Api\Controller\CommonController.class.php 第 131 行.
NOTIC: [2048] Declaration of Api\Controller\CommonController::success() should be compatible with Think\Controller::success($message = '', $jumpUrl = '', $ajax = false) D:\Develop\WWW\mlbspa\api\Application\Api\Controller\CommonController.class.php 第 131 行.
SQL: SHOW COLUMNS FROM `spa_order` [ RunTime:0.0058s ]
SQL: SELECT * FROM `spa_order` WHERE ( order_sn=2016011499101571 ) LIMIT 1   [ RunTime:0.0005s ]

[ 2016-01-14T23:20:15+08:00 ] 192.168.1.6 /mlbspa/api/order/spaprepay?token=asdqwe
INFO: [ app_init ] --START--
INFO: Run Behavior\BuildLiteBehavior [ RunTime:0.000016s ]
INFO: [ app_init ] --END-- [ RunTime:0.000723s ]
INFO: [ app_begin ] --START--
INFO: Run Behavior\ReadHtmlCacheBehavior [ RunTime:0.001327s ]
INFO: [ app_begin ] --END-- [ RunTime:0.001448s ]
NOTIC: [2048] Declaration of Api\Controller\CommonController::error() should be compatible with Think\Controller::error($message = '', $jumpUrl = '', $ajax = false) D:\Develop\WWW\mlbspa\api\Application\Api\Controller\CommonController.class.php 第 131 行.
NOTIC: [2048] Declaration of Api\Controller\CommonController::success() should be compatible with Think\Controller::success($message = '', $jumpUrl = '', $ajax = false) D:\Develop\WWW\mlbspa\api\Application\Api\Controller\CommonController.class.php 第 131 行.
SQL: SHOW COLUMNS FROM `spa_order` [ RunTime:0.0060s ]
SQL: SELECT * FROM `spa_order` WHERE ( order_sn=2016011499101571 ) LIMIT 1   [ RunTime:0.0006s ]
ERR: curl出错，错误码:7

[ 2016-01-14T23:20:51+08:00 ] 192.168.1.6 /mlbspa/api/order/spaprepay?token=asdqwe
INFO: [ app_init ] --START--
INFO: Run Behavior\BuildLiteBehavior [ RunTime:0.000017s ]
INFO: [ app_init ] --END-- [ RunTime:0.000749s ]
INFO: [ app_begin ] --START--
INFO: Run Behavior\ReadHtmlCacheBehavior [ RunTime:0.000845s ]
INFO: [ app_begin ] --END-- [ RunTime:0.000910s ]
NOTIC: [2048] Declaration of Api\Controller\CommonController::error() should be compatible with Think\Controller::error($message = '', $jumpUrl = '', $ajax = false) D:\Develop\WWW\mlbspa\api\Application\Api\Controller\CommonController.class.php 第 131 行.
NOTIC: [2048] Declaration of Api\Controller\CommonController::success() should be compatible with Think\Controller::success($message = '', $jumpUrl = '', $ajax = false) D:\Develop\WWW\mlbspa\api\Application\Api\Controller\CommonController.class.php 第 131 行.
SQL: SHOW COLUMNS FROM `spa_order` [ RunTime:0.0070s ]
SQL: SELECT * FROM `spa_order` WHERE ( order_sn=2016011499101571 ) LIMIT 1   [ RunTime:0.0010s ]
ERR: curl出错，错误码:7

[ 2016-01-14T23:21:56+08:00 ] 192.168.1.6 /mlbspa/api/order/spaprepay?token=asdqwe
INFO: [ app_init ] --START--
INFO: Run Behavior\BuildLiteBehavior [ RunTime:0.000029s ]
INFO: [ app_init ] --END-- [ RunTime:0.002169s ]
INFO: [ app_begin ] --START--
INFO: Run Behavior\ReadHtmlCacheBehavior [ RunTime:0.001843s ]
INFO: [ app_begin ] --END-- [ RunTime:0.001980s ]
NOTIC: [2048] Declaration of Api\Controller\CommonController::error() should be compatible with Think\Controller::error($message = '', $jumpUrl = '', $ajax = false) D:\Develop\WWW\mlbspa\api\Application\Api\Controller\CommonController.class.php 第 131 行.
NOTIC: [2048] Declaration of Api\Controller\CommonController::success() should be compatible with Think\Controller::success($message = '', $jumpUrl = '', $ajax = false) D:\Develop\WWW\mlbspa\api\Application\Api\Controller\CommonController.class.php 第 131 行.
SQL: SHOW COLUMNS FROM `spa_order` [ RunTime:0.0067s ]
SQL: SELECT * FROM `spa_order` WHERE ( order_sn=2016011499101571 ) LIMIT 1   [ RunTime:0.0011s ]
NOTIC: [8] Undefined index: appid D:\Develop\WWW\mlbspa\api\Application\Api\Common\wxpayv3\WxPay.Api.php 第 71 行.
NOTIC: [8] Undefined index: mch_id D:\Develop\WWW\mlbspa\api\Application\Api\Common\wxpayv3\WxPay.Api.php 第 72 行.
NOTIC: [8] Undefined index: prepay_id D:\Develop\WWW\mlbspa\api\Application\Api\Common\wxpayv3\WxPay.Api.php 第 73 行.
NOTIC: [8] Undefined index: nonce_str D:\Develop\WWW\mlbspa\api\Application\Api\Common\wxpayv3\WxPay.Api.php 第 74 行.

[ 2016-01-14T23:26:05+08:00 ] 192.168.1.6 /mlbspa/api/order/spaprepay?token=asdqwe
INFO: [ app_init ] --START--
INFO: Run Behavior\BuildLiteBehavior [ RunTime:0.000027s ]
INFO: [ app_init ] --END-- [ RunTime:0.001261s ]
INFO: [ app_begin ] --START--
INFO: Run Behavior\ReadHtmlCacheBehavior [ RunTime:0.001747s ]
INFO: [ app_begin ] --END-- [ RunTime:0.001863s ]
NOTIC: [2048] Declaration of Api\Controller\CommonController::error() should be compatible with Think\Controller::error($message = '', $jumpUrl = '', $ajax = false) D:\Develop\WWW\mlbspa\api\Application\Api\Controller\CommonController.class.php 第 131 行.
NOTIC: [2048] Declaration of Api\Controller\CommonController::success() should be compatible with Think\Controller::success($message = '', $jumpUrl = '', $ajax = false) D:\Develop\WWW\mlbspa\api\Application\Api\Controller\CommonController.class.php 第 131 行.
SQL: SHOW COLUMNS FROM `spa_order` [ RunTime:0.0116s ]
SQL: SELECT * FROM `spa_order` WHERE ( order_sn=2016011499101571 ) LIMIT 1   [ RunTime:0.0013s ]
ERR: 缺少统一支付接口必填参数out_trade_no！

[ 2016-01-14T23:27:03+08:00 ] 192.168.1.6 /mlbspa/api/order/spaprepay?token=asdqwe
INFO: [ app_init ] --START--
INFO: Run Behavior\BuildLiteBehavior [ RunTime:0.000017s ]
INFO: [ app_init ] --END-- [ RunTime:0.000938s ]
INFO: [ app_begin ] --START--
INFO: Run Behavior\ReadHtmlCacheBehavior [ RunTime:0.000844s ]
INFO: [ app_begin ] --END-- [ RunTime:0.000918s ]
NOTIC: [2048] Declaration of Api\Controller\CommonController::error() should be compatible with Think\Controller::error($message = '', $jumpUrl = '', $ajax = false) D:\Develop\WWW\mlbspa\api\Application\Api\Controller\CommonController.class.php 第 131 行.
NOTIC: [2048] Declaration of Api\Controller\CommonController::success() should be compatible with Think\Controller::success($message = '', $jumpUrl = '', $ajax = false) D:\Develop\WWW\mlbspa\api\Application\Api\Controller\CommonController.class.php 第 131 行.
SQL: SHOW COLUMNS FROM `spa_order` [ RunTime:0.0077s ]
SQL: SELECT * FROM `spa_order` WHERE ( order_sn=2016011499101571 ) LIMIT 1   [ RunTime:0.0007s ]
ERR: wx90908de8b7df29a6

[ 2016-01-14T23:28:42+08:00 ] 192.168.1.6 /mlbspa/api/order/spaprepay?token=asdqwe
INFO: [ app_init ] --START--
INFO: Run Behavior\BuildLiteBehavior [ RunTime:0.000017s ]
INFO: [ app_init ] --END-- [ RunTime:0.000879s ]
INFO: [ app_begin ] --START--
INFO: Run Behavior\ReadHtmlCacheBehavior [ RunTime:0.001269s ]
INFO: [ app_begin ] --END-- [ RunTime:0.001347s ]
NOTIC: [2048] Declaration of Api\Controller\CommonController::error() should be compatible with Think\Controller::error($message = '', $jumpUrl = '', $ajax = false) D:\Develop\WWW\mlbspa\api\Application\Api\Controller\CommonController.class.php 第 131 行.
NOTIC: [2048] Declaration of Api\Controller\CommonController::success() should be compatible with Think\Controller::success($message = '', $jumpUrl = '', $ajax = false) D:\Develop\WWW\mlbspa\api\Application\Api\Controller\CommonController.class.php 第 131 行.
SQL: SHOW COLUMNS FROM `spa_order` [ RunTime:0.0061s ]
SQL: SELECT * FROM `spa_order` WHERE ( order_sn=2016011499101571 ) LIMIT 1   [ RunTime:0.0005s ]
NOTIC: [8] Undefined index: appid D:\Develop\WWW\mlbspa\api\Application\Api\Common\wxpayv3\WxPay.Api.php 第 71 行.
NOTIC: [8] Undefined index: mch_id D:\Develop\WWW\mlbspa\api\Application\Api\Common\wxpayv3\WxPay.Api.php 第 72 行.
NOTIC: [8] Undefined index: prepay_id D:\Develop\WWW\mlbspa\api\Application\Api\Common\wxpayv3\WxPay.Api.php 第 73 行.
NOTIC: [8] Undefined index: nonce_str D:\Develop\WWW\mlbspa\api\Application\Api\Common\wxpayv3\WxPay.Api.php 第 74 行.

[ 2016-01-14T23:29:16+08:00 ] 192.168.1.6 /mlbspa/api/order/spaprepay?token=asdqwe
INFO: [ app_init ] --START--
INFO: Run Behavior\BuildLiteBehavior [ RunTime:0.000018s ]
INFO: [ app_init ] --END-- [ RunTime:0.000923s ]
INFO: [ app_begin ] --START--
INFO: Run Behavior\ReadHtmlCacheBehavior [ RunTime:0.000969s ]
INFO: [ app_begin ] --END-- [ RunTime:0.001050s ]
NOTIC: [2048] Declaration of Api\Controller\CommonController::error() should be compatible with Think\Controller::error($message = '', $jumpUrl = '', $ajax = false) D:\Develop\WWW\mlbspa\api\Application\Api\Controller\CommonController.class.php 第 131 行.
NOTIC: [2048] Declaration of Api\Controller\CommonController::success() should be compatible with Think\Controller::success($message = '', $jumpUrl = '', $ajax = false) D:\Develop\WWW\mlbspa\api\Application\Api\Controller\CommonController.class.php 第 131 行.
SQL: SHOW COLUMNS FROM `spa_order` [ RunTime:0.0065s ]
SQL: SELECT * FROM `spa_order` WHERE ( order_sn=2016011499101571 ) LIMIT 1   [ RunTime:0.0006s ]

[ 2016-01-14T23:29:47+08:00 ] 192.168.1.6 /mlbspa/api/order/spaprepay?token=asdqwe
INFO: [ app_init ] --START--
INFO: Run Behavior\BuildLiteBehavior [ RunTime:0.000027s ]
INFO: [ app_init ] --END-- [ RunTime:0.001761s ]
INFO: [ app_begin ] --START--
INFO: Run Behavior\ReadHtmlCacheBehavior [ RunTime:0.001288s ]
INFO: [ app_begin ] --END-- [ RunTime:0.001386s ]
NOTIC: [2048] Declaration of Api\Controller\CommonController::error() should be compatible with Think\Controller::error($message = '', $jumpUrl = '', $ajax = false) D:\Develop\WWW\mlbspa\api\Application\Api\Controller\CommonController.class.php 第 131 行.
NOTIC: [2048] Declaration of Api\Controller\CommonController::success() should be compatible with Think\Controller::success($message = '', $jumpUrl = '', $ajax = false) D:\Develop\WWW\mlbspa\api\Application\Api\Controller\CommonController.class.php 第 131 行.
SQL: SHOW COLUMNS FROM `spa_order` [ RunTime:0.0064s ]
SQL: SELECT * FROM `spa_order` WHERE ( order_sn=2016011499101571 ) LIMIT 1   [ RunTime:0.0008s ]
NOTIC: [8] Undefined index: appid D:\Develop\WWW\mlbspa\api\Application\Api\Common\wxpayv3\WxPay.Api.php 第 71 行.
NOTIC: [8] Undefined index: mch_id D:\Develop\WWW\mlbspa\api\Application\Api\Common\wxpayv3\WxPay.Api.php 第 72 行.
NOTIC: [8] Undefined index: prepay_id D:\Develop\WWW\mlbspa\api\Application\Api\Common\wxpayv3\WxPay.Api.php 第 73 行.
NOTIC: [8] Undefined index: nonce_str D:\Develop\WWW\mlbspa\api\Application\Api\Common\wxpayv3\WxPay.Api.php 第 74 行.

[ 2016-01-14T23:30:26+08:00 ] 192.168.1.6 /mlbspa/api/order/spaprepay?token=asdqwe
INFO: [ app_init ] --START--
INFO: Run Behavior\BuildLiteBehavior [ RunTime:0.000021s ]
INFO: [ app_init ] --END-- [ RunTime:0.001423s ]
INFO: [ app_begin ] --START--
INFO: Run Behavior\ReadHtmlCacheBehavior [ RunTime:0.001081s ]
INFO: [ app_begin ] --END-- [ RunTime:0.001172s ]
NOTIC: [2048] Declaration of Api\Controller\CommonController::error() should be compatible with Think\Controller::error($message = '', $jumpUrl = '', $ajax = false) D:\Develop\WWW\mlbspa\api\Application\Api\Controller\CommonController.class.php 第 131 行.
NOTIC: [2048] Declaration of Api\Controller\CommonController::success() should be compatible with Think\Controller::success($message = '', $jumpUrl = '', $ajax = false) D:\Develop\WWW\mlbspa\api\Application\Api\Controller\CommonController.class.php 第 131 行.
SQL: SHOW COLUMNS FROM `spa_order` [ RunTime:0.0057s ]
SQL: SELECT * FROM `spa_order` WHERE ( order_sn=2016011499101571 ) LIMIT 1   [ RunTime:0.0006s ]

[ 2016-01-14T23:31:30+08:00 ] 192.168.1.6 /mlbspa/api/order/spaprepay?token=asdqwe
INFO: [ app_init ] --START--
INFO: Run Behavior\BuildLiteBehavior [ RunTime:0.000032s ]
INFO: [ app_init ] --END-- [ RunTime:0.001859s ]
INFO: [ app_begin ] --START--
INFO: Run Behavior\ReadHtmlCacheBehavior [ RunTime:0.002098s ]
INFO: [ app_begin ] --END-- [ RunTime:0.002223s ]
NOTIC: [2048] Declaration of Api\Controller\CommonController::error() should be compatible with Think\Controller::error($message = '', $jumpUrl = '', $ajax = false) D:\Develop\WWW\mlbspa\api\Application\Api\Controller\CommonController.class.php 第 131 行.
NOTIC: [2048] Declaration of Api\Controller\CommonController::success() should be compatible with Think\Controller::success($message = '', $jumpUrl = '', $ajax = false) D:\Develop\WWW\mlbspa\api\Application\Api\Controller\CommonController.class.php 第 131 行.
SQL: SHOW COLUMNS FROM `spa_order` [ RunTime:0.0084s ]
SQL: SELECT * FROM `spa_order` WHERE ( order_sn=2016011499101571 ) LIMIT 1   [ RunTime:0.0009s ]
NOTIC: [8] Undefined index: prepay_id D:\Develop\WWW\mlbspa\api\Application\Api\Common\wxpayv3\WxPay.Api.php 第 73 行.

[ 2016-01-14T23:31:45+08:00 ] 192.168.1.6 /mlbspa/api/order/spaprepay?token=asdqwe
INFO: [ app_init ] --START--
INFO: Run Behavior\BuildLiteBehavior [ RunTime:0.000016s ]
INFO: [ app_init ] --END-- [ RunTime:0.000763s ]
INFO: [ app_begin ] --START--
INFO: Run Behavior\ReadHtmlCacheBehavior [ RunTime:0.001163s ]
INFO: [ app_begin ] --END-- [ RunTime:0.001267s ]
NOTIC: [2048] Declaration of Api\Controller\CommonController::error() should be compatible with Think\Controller::error($message = '', $jumpUrl = '', $ajax = false) D:\Develop\WWW\mlbspa\api\Application\Api\Controller\CommonController.class.php 第 131 行.
NOTIC: [2048] Declaration of Api\Controller\CommonController::success() should be compatible with Think\Controller::success($message = '', $jumpUrl = '', $ajax = false) D:\Develop\WWW\mlbspa\api\Application\Api\Controller\CommonController.class.php 第 131 行.
SQL: SHOW COLUMNS FROM `spa_order` [ RunTime:0.0075s ]
SQL: SELECT * FROM `spa_order` WHERE ( order_sn=2016011499101572 ) LIMIT 1   [ RunTime:0.0013s ]

[ 2016-01-14T23:31:56+08:00 ] 192.168.1.5 /mlbspa/api/order/spacommit?token=asdqwe
INFO: [ app_init ] --START--
INFO: Run Behavior\BuildLiteBehavior [ RunTime:0.000023s ]
INFO: [ app_init ] --END-- [ RunTime:0.001121s ]
INFO: [ app_begin ] --START--
INFO: Run Behavior\ReadHtmlCacheBehavior [ RunTime:0.001219s ]
INFO: [ app_begin ] --END-- [ RunTime:0.001307s ]
NOTIC: [2048] Declaration of Api\Controller\CommonController::error() should be compatible with Think\Controller::error($message = '', $jumpUrl = '', $ajax = false) D:\Develop\WWW\mlbspa\api\Application\Api\Controller\CommonController.class.php 第 131 行.
NOTIC: [2048] Declaration of Api\Controller\CommonController::success() should be compatible with Think\Controller::success($message = '', $jumpUrl = '', $ajax = false) D:\Develop\WWW\mlbspa\api\Application\Api\Controller\CommonController.class.php 第 131 行.
SQL: SHOW COLUMNS FROM `spa_order` [ RunTime:0.0056s ]
SQL: SHOW COLUMNS FROM `members` [ RunTime:0.0052s ]
SQL: SELECT `nickname` FROM `members` WHERE ( user_id=2 ) LIMIT 1   [ RunTime:0.0005s ]
SQL: SHOW COLUMNS FROM `spa` [ RunTime:0.0070s ]
SQL: SELECT * FROM `spa` WHERE ( spa_id=10 ) LIMIT 1   [ RunTime:0.0005s ]
SQL: INSERT INTO `spa_order` (`order_sn`,`create_time`,`user_id`,`user_name`,`order_type`,`spa_id`,`spa_name`,`merchant_id`,`order_amount`,`pay_amount`) VALUES ('2016011499100525','1452785516','2',NULL,'1','10','等等等','1','11.00','11.00') [ RunTime:0.1045s ]

[ 2016-01-14T23:31:57+08:00 ] 192.168.1.5 /mlbspa/api/order/spainfo?token=asdqwe
INFO: [ app_init ] --START--
INFO: Run Behavior\BuildLiteBehavior [ RunTime:0.000044s ]
INFO: [ app_init ] --END-- [ RunTime:0.001986s ]
INFO: [ app_begin ] --START--
INFO: Run Behavior\ReadHtmlCacheBehavior [ RunTime:0.000918s ]
INFO: [ app_begin ] --END-- [ RunTime:0.000989s ]
NOTIC: [2048] Declaration of Api\Controller\CommonController::error() should be compatible with Think\Controller::error($message = '', $jumpUrl = '', $ajax = false) D:\Develop\WWW\mlbspa\api\Application\Api\Controller\CommonController.class.php 第 131 行.
NOTIC: [2048] Declaration of Api\Controller\CommonController::success() should be compatible with Think\Controller::success($message = '', $jumpUrl = '', $ajax = false) D:\Develop\WWW\mlbspa\api\Application\Api\Controller\CommonController.class.php 第 131 行.
SQL: SHOW COLUMNS FROM `spa_order` [ RunTime:0.0047s ]
SQL: SELECT * FROM `spa_order` WHERE ( order_sn=2016011499100525 ) LIMIT 1   [ RunTime:0.0005s ]

[ 2016-01-14T23:32:04+08:00 ] 192.168.1.6 /mlbspa/api/order/spaprepay?token=asdqwe
INFO: [ app_init ] --START--
INFO: Run Behavior\BuildLiteBehavior [ RunTime:0.000017s ]
INFO: [ app_init ] --END-- [ RunTime:0.000825s ]
INFO: [ app_begin ] --START--
INFO: Run Behavior\ReadHtmlCacheBehavior [ RunTime:0.000989s ]
INFO: [ app_begin ] --END-- [ RunTime:0.001079s ]
NOTIC: [2048] Declaration of Api\Controller\CommonController::error() should be compatible with Think\Controller::error($message = '', $jumpUrl = '', $ajax = false) D:\Develop\WWW\mlbspa\api\Application\Api\Controller\CommonController.class.php 第 131 行.
NOTIC: [2048] Declaration of Api\Controller\CommonController::success() should be compatible with Think\Controller::success($message = '', $jumpUrl = '', $ajax = false) D:\Develop\WWW\mlbspa\api\Application\Api\Controller\CommonController.class.php 第 131 行.
SQL: SHOW COLUMNS FROM `spa_order` [ RunTime:0.0066s ]
SQL: SELECT * FROM `spa_order` WHERE ( order_sn=2016011499101525 ) LIMIT 1   [ RunTime:0.0007s ]

[ 2016-01-14T23:32:19+08:00 ] 192.168.1.6 /mlbspa/api/order/spaprepay?token=asdqwe
INFO: [ app_init ] --START--
INFO: Run Behavior\BuildLiteBehavior [ RunTime:0.000017s ]
INFO: [ app_init ] --END-- [ RunTime:0.000764s ]
INFO: [ app_begin ] --START--
INFO: Run Behavior\ReadHtmlCacheBehavior [ RunTime:0.000994s ]
INFO: [ app_begin ] --END-- [ RunTime:0.001079s ]
NOTIC: [2048] Declaration of Api\Controller\CommonController::error() should be compatible with Think\Controller::error($message = '', $jumpUrl = '', $ajax = false) D:\Develop\WWW\mlbspa\api\Application\Api\Controller\CommonController.class.php 第 131 行.
NOTIC: [2048] Declaration of Api\Controller\CommonController::success() should be compatible with Think\Controller::success($message = '', $jumpUrl = '', $ajax = false) D:\Develop\WWW\mlbspa\api\Application\Api\Controller\CommonController.class.php 第 131 行.
SQL: SHOW COLUMNS FROM `spa_order` [ RunTime:0.0066s ]
SQL: SELECT * FROM `spa_order` WHERE ( order_sn=2016011499100525 ) LIMIT 1   [ RunTime:0.0006s ]

[ 2016-01-14T23:32:23+08:00 ] 192.168.1.6 /mlbspa/api/order/spaprepay?token=asdqwe
INFO: [ app_init ] --START--
INFO: Run Behavior\BuildLiteBehavior [ RunTime:0.000017s ]
INFO: [ app_init ] --END-- [ RunTime:0.000815s ]
INFO: [ app_begin ] --START--
INFO: Run Behavior\ReadHtmlCacheBehavior [ RunTime:0.000856s ]
INFO: [ app_begin ] --END-- [ RunTime:0.000925s ]
NOTIC: [2048] Declaration of Api\Controller\CommonController::error() should be compatible with Think\Controller::error($message = '', $jumpUrl = '', $ajax = false) D:\Develop\WWW\mlbspa\api\Application\Api\Controller\CommonController.class.php 第 131 行.
NOTIC: [2048] Declaration of Api\Controller\CommonController::success() should be compatible with Think\Controller::success($message = '', $jumpUrl = '', $ajax = false) D:\Develop\WWW\mlbspa\api\Application\Api\Controller\CommonController.class.php 第 131 行.
SQL: SHOW COLUMNS FROM `spa_order` [ RunTime:0.0081s ]
SQL: SELECT * FROM `spa_order` WHERE ( order_sn=2016011499100525 ) LIMIT 1   [ RunTime:0.0009s ]

[ 2016-01-14T23:34:55+08:00 ] 192.168.1.6 /mlbspa/api/order/spaprepay?token=asdqwe
INFO: [ app_init ] --START--
INFO: Run Behavior\BuildLiteBehavior [ RunTime:0.000027s ]
INFO: [ app_init ] --END-- [ RunTime:0.001249s ]
INFO: [ app_begin ] --START--
INFO: Run Behavior\ReadHtmlCacheBehavior [ RunTime:0.001282s ]
INFO: [ app_begin ] --END-- [ RunTime:0.001359s ]
NOTIC: [2048] Declaration of Api\Controller\CommonController::error() should be compatible with Think\Controller::error($message = '', $jumpUrl = '', $ajax = false) D:\Develop\WWW\mlbspa\api\Application\Api\Controller\CommonController.class.php 第 131 行.
NOTIC: [2048] Declaration of Api\Controller\CommonController::success() should be compatible with Think\Controller::success($message = '', $jumpUrl = '', $ajax = false) D:\Develop\WWW\mlbspa\api\Application\Api\Controller\CommonController.class.php 第 131 行.
SQL: SHOW COLUMNS FROM `spa_order` [ RunTime:0.0049s ]
SQL: SELECT * FROM `spa_order` WHERE ( order_sn=2016011499100525 ) LIMIT 1   [ RunTime:0.0006s ]

[ 2016-01-14T23:34:59+08:00 ] 192.168.1.6 /mlbspa/api/order/spaprepay?token=asdqwe
INFO: [ app_init ] --START--
INFO: Run Behavior\BuildLiteBehavior [ RunTime:0.000020s ]
INFO: [ app_init ] --END-- [ RunTime:0.001118s ]
INFO: [ app_begin ] --START--
INFO: Run Behavior\ReadHtmlCacheBehavior [ RunTime:0.001374s ]
INFO: [ app_begin ] --END-- [ RunTime:0.001485s ]
NOTIC: [2048] Declaration of Api\Controller\CommonController::error() should be compatible with Think\Controller::error($message = '', $jumpUrl = '', $ajax = false) D:\Develop\WWW\mlbspa\api\Application\Api\Controller\CommonController.class.php 第 131 行.
NOTIC: [2048] Declaration of Api\Controller\CommonController::success() should be compatible with Think\Controller::success($message = '', $jumpUrl = '', $ajax = false) D:\Develop\WWW\mlbspa\api\Application\Api\Controller\CommonController.class.php 第 131 行.
SQL: SHOW COLUMNS FROM `spa_order` [ RunTime:0.0072s ]
SQL: SELECT * FROM `spa_order` WHERE ( order_sn=2016011499100525 ) LIMIT 1   [ RunTime:0.0008s ]

[ 2016-01-14T23:35:28+08:00 ] 192.168.1.6 /mlbspa/api/order/spaprepay?token=asdqwe
INFO: [ app_init ] --START--
INFO: Run Behavior\BuildLiteBehavior [ RunTime:0.000040s ]
INFO: [ app_init ] --END-- [ RunTime:0.001229s ]
INFO: [ app_begin ] --START--
INFO: Run Behavior\ReadHtmlCacheBehavior [ RunTime:0.001152s ]
INFO: [ app_begin ] --END-- [ RunTime:0.001241s ]
NOTIC: [2048] Declaration of Api\Controller\CommonController::error() should be compatible with Think\Controller::error($message = '', $jumpUrl = '', $ajax = false) D:\Develop\WWW\mlbspa\api\Application\Api\Controller\CommonController.class.php 第 131 行.
NOTIC: [2048] Declaration of Api\Controller\CommonController::success() should be compatible with Think\Controller::success($message = '', $jumpUrl = '', $ajax = false) D:\Develop\WWW\mlbspa\api\Application\Api\Controller\CommonController.class.php 第 131 行.
SQL: SHOW COLUMNS FROM `spa_order` [ RunTime:0.0047s ]
SQL: SELECT * FROM `spa_order` WHERE ( order_sn=2016011499100525 ) LIMIT 1   [ RunTime:0.0010s ]

