[ 2016-06-05T11:03:15+08:00 ] 10.1.12.35 /movier/api/User/login?token=asdqwe
INFO: [ app_init ] --START--
INFO: Run Behavior\BuildLiteBehavior [ RunTime:0.000019s ]
INFO: [ app_init ] --END-- [ RunTime:0.020320s ]
INFO: [ app_begin ] --START--
INFO: Run Behavior\ReadHtmlCacheBehavior [ RunTime:0.013580s ]
INFO: [ app_begin ] --END-- [ RunTime:0.013674s ]
NOTIC: [2048] Declaration of Api\Controller\CommonController::error() should be compatible with Think\Controller::error($message = '', $jumpUrl = '', $ajax = false) D:\Develop\WWW\movier\api\Application\Api\Controller\CommonController.class.php 第 142 行.
NOTIC: [2048] Declaration of Api\Controller\CommonController::success() should be compatible with Think\Controller::success($message = '', $jumpUrl = '', $ajax = false) D:\Develop\WWW\movier\api\Application\Api\Controller\CommonController.class.php 第 142 行.

[ 2016-06-05T11:06:14+08:00 ] 10.1.12.26 /movier/api/User/login?token=asdqwe
INFO: [ app_init ] --START--
INFO: Run Behavior\BuildLiteBehavior [ RunTime:0.000016s ]
INFO: [ app_init ] --END-- [ RunTime:0.000570s ]
INFO: [ app_begin ] --START--
INFO: Run Behavior\ReadHtmlCacheBehavior [ RunTime:0.000711s ]
INFO: [ app_begin ] --END-- [ RunTime:0.000771s ]
NOTIC: [2048] Declaration of Api\Controller\CommonController::error() should be compatible with Think\Controller::error($message = '', $jumpUrl = '', $ajax = false) D:\Develop\WWW\movier\api\Application\Api\Controller\CommonController.class.php 第 142 行.
NOTIC: [2048] Declaration of Api\Controller\CommonController::success() should be compatible with Think\Controller::success($message = '', $jumpUrl = '', $ajax = false) D:\Develop\WWW\movier\api\Application\Api\Controller\CommonController.class.php 第 142 行.
SQL: SHOW COLUMNS FROM `users` [ RunTime:0.1467s ]
SQL: SELECT * FROM `users` WHERE `mobile` = '18620081053' LIMIT 1   [ RunTime:0.0129s ]

[ 2016-06-05T11:06:24+08:00 ] 10.1.12.26 /movier/api/Publish/getlist?token=asdqwe
INFO: [ app_init ] --START--
INFO: Run Behavior\BuildLiteBehavior [ RunTime:0.000015s ]
INFO: [ app_init ] --END-- [ RunTime:0.000526s ]
INFO: [ app_begin ] --START--
INFO: Run Behavior\ReadHtmlCacheBehavior [ RunTime:0.000645s ]
INFO: [ app_begin ] --END-- [ RunTime:0.000719s ]
NOTIC: [2048] Declaration of Api\Controller\CommonController::error() should be compatible with Think\Controller::error($message = '', $jumpUrl = '', $ajax = false) D:\Develop\WWW\movier\api\Application\Api\Controller\CommonController.class.php 第 142 行.
NOTIC: [2048] Declaration of Api\Controller\CommonController::success() should be compatible with Think\Controller::success($message = '', $jumpUrl = '', $ajax = false) D:\Develop\WWW\movier\api\Application\Api\Controller\CommonController.class.php 第 142 行.
SQL: SHOW COLUMNS FROM `publish` [ RunTime:0.0299s ]
NOTIC: [8] Undefined index: sortrule D:\Develop\WWW\movier\api\Application\Api\Model\PublishModel.class.php 第 107 行.
SQL: SELECT publish.*,users.nickname,users.sex,users.headpic,users.start,'http://172.20.10.2/movier/statics/uploads/' as _url FROM `publish` LEFT JOIN users on users.user_id =publish.user_id  WHERE `publishtype` = 'demand' ORDER BY publish_id desc LIMIT 0,6   [ RunTime:0.0280s ]
SQL: SHOW COLUMNS FROM `photos` [ RunTime:0.0194s ]
SQL: SELECT `photo_folder`,`photo_name`,`photo_type` FROM `photos` WHERE ( source_id=8 ) LIMIT 6   [ RunTime:0.0004s ]

[ 2016-06-05T11:06:28+08:00 ] 10.1.12.26 /movier/api/Publish/getlist?token=asdqwe
INFO: [ app_init ] --START--
INFO: Run Behavior\BuildLiteBehavior [ RunTime:0.000017s ]
INFO: [ app_init ] --END-- [ RunTime:0.000575s ]
INFO: [ app_begin ] --START--
INFO: Run Behavior\ReadHtmlCacheBehavior [ RunTime:0.000616s ]
INFO: [ app_begin ] --END-- [ RunTime:0.000682s ]
NOTIC: [2048] Declaration of Api\Controller\CommonController::error() should be compatible with Think\Controller::error($message = '', $jumpUrl = '', $ajax = false) D:\Develop\WWW\movier\api\Application\Api\Controller\CommonController.class.php 第 142 行.
NOTIC: [2048] Declaration of Api\Controller\CommonController::success() should be compatible with Think\Controller::success($message = '', $jumpUrl = '', $ajax = false) D:\Develop\WWW\movier\api\Application\Api\Controller\CommonController.class.php 第 142 行.
SQL: SHOW COLUMNS FROM `publish` [ RunTime:0.0047s ]
NOTIC: [8] Undefined index: sortrule D:\Develop\WWW\movier\api\Application\Api\Model\PublishModel.class.php 第 107 行.
SQL: SELECT publish.*,users.nickname,users.sex,users.headpic,users.start,'http://172.20.10.2/movier/statics/uploads/' as _url FROM `publish` LEFT JOIN users on users.user_id =publish.user_id  WHERE `publishtype` = 'demand' ORDER BY publish_id desc LIMIT 0,6   [ RunTime:0.0006s ]
SQL: SHOW COLUMNS FROM `photos` [ RunTime:0.0042s ]
SQL: SELECT `photo_folder`,`photo_name`,`photo_type` FROM `photos` WHERE ( source_id=8 ) LIMIT 6   [ RunTime:0.0003s ]

[ 2016-06-05T11:06:29+08:00 ] 10.1.12.26 /movier/api/Publish/getdetail?token=asdqwe
INFO: [ app_init ] --START--
INFO: Run Behavior\BuildLiteBehavior [ RunTime:0.000017s ]
INFO: [ app_init ] --END-- [ RunTime:0.000519s ]
INFO: [ app_begin ] --START--
INFO: Run Behavior\ReadHtmlCacheBehavior [ RunTime:0.000599s ]
INFO: [ app_begin ] --END-- [ RunTime:0.000658s ]
NOTIC: [2048] Declaration of Api\Controller\CommonController::error() should be compatible with Think\Controller::error($message = '', $jumpUrl = '', $ajax = false) D:\Develop\WWW\movier\api\Application\Api\Controller\CommonController.class.php 第 142 行.
NOTIC: [2048] Declaration of Api\Controller\CommonController::success() should be compatible with Think\Controller::success($message = '', $jumpUrl = '', $ajax = false) D:\Develop\WWW\movier\api\Application\Api\Controller\CommonController.class.php 第 142 行.
SQL: SHOW COLUMNS FROM `publish` [ RunTime:0.0049s ]
SQL: SELECT * FROM `publish` WHERE ( publish_id=8 ) LIMIT 1   [ RunTime:0.0005s ]
SQL: SHOW COLUMNS FROM `photos` [ RunTime:0.0042s ]
SQL: SHOW COLUMNS FROM `users` [ RunTime:0.0042s ]
SQL: SELECT `nickname`,`mobile`,`sex`,`headpic`,`start` FROM `users` WHERE ( user_id=31 ) LIMIT 1   [ RunTime:0.0003s ]
SQL: SELECT `photo_folder`,`photo_name`,`photo_type`,'http://172.20.10.2/movier/statics/uploads/' as _url FROM `photos` WHERE ( source_id=8 )  [ RunTime:0.0003s ]

[ 2016-06-05T11:06:35+08:00 ] 10.1.12.26 /movier/api/Publish/getlist?token=asdqwe
INFO: [ app_init ] --START--
INFO: Run Behavior\BuildLiteBehavior [ RunTime:0.000016s ]
INFO: [ app_init ] --END-- [ RunTime:0.000531s ]
INFO: [ app_begin ] --START--
INFO: Run Behavior\ReadHtmlCacheBehavior [ RunTime:0.000612s ]
INFO: [ app_begin ] --END-- [ RunTime:0.000671s ]
NOTIC: [2048] Declaration of Api\Controller\CommonController::error() should be compatible with Think\Controller::error($message = '', $jumpUrl = '', $ajax = false) D:\Develop\WWW\movier\api\Application\Api\Controller\CommonController.class.php 第 142 行.
NOTIC: [2048] Declaration of Api\Controller\CommonController::success() should be compatible with Think\Controller::success($message = '', $jumpUrl = '', $ajax = false) D:\Develop\WWW\movier\api\Application\Api\Controller\CommonController.class.php 第 142 行.
SQL: SHOW COLUMNS FROM `publish` [ RunTime:0.0051s ]
NOTIC: [8] Undefined index: sortrule D:\Develop\WWW\movier\api\Application\Api\Model\PublishModel.class.php 第 107 行.
SQL: SELECT publish.*,users.nickname,users.sex,users.headpic,users.start,'http://172.20.10.2/movier/statics/uploads/' as _url FROM `publish` LEFT JOIN users on users.user_id =publish.user_id  WHERE `publishtype` = 'works' ORDER BY publish_id desc LIMIT 0,6   [ RunTime:0.0440s ]
SQL: SHOW COLUMNS FROM `photos` [ RunTime:0.0046s ]
SQL: SELECT `photo_folder`,`photo_name`,`photo_type` FROM `photos` WHERE ( source_id=11 ) LIMIT 6   [ RunTime:0.0004s ]
SQL: SELECT `photo_folder`,`photo_name`,`photo_type` FROM `photos` WHERE ( source_id=10 ) LIMIT 6   [ RunTime:0.0003s ]
SQL: SELECT `photo_folder`,`photo_name`,`photo_type` FROM `photos` WHERE ( source_id=6 ) LIMIT 6   [ RunTime:0.0003s ]
SQL: SELECT `photo_folder`,`photo_name`,`photo_type` FROM `photos` WHERE ( source_id=5 ) LIMIT 6   [ RunTime:0.0003s ]
SQL: SELECT `photo_folder`,`photo_name`,`photo_type` FROM `photos` WHERE ( source_id=4 ) LIMIT 6   [ RunTime:0.0003s ]
SQL: SELECT `photo_folder`,`photo_name`,`photo_type` FROM `photos` WHERE ( source_id=3 ) LIMIT 6   [ RunTime:0.0003s ]

[ 2016-06-05T11:06:39+08:00 ] 10.1.12.26 /movier/api/Publish/getdetail?token=asdqwe
INFO: [ app_init ] --START--
INFO: Run Behavior\BuildLiteBehavior [ RunTime:0.000015s ]
INFO: [ app_init ] --END-- [ RunTime:0.000519s ]
INFO: [ app_begin ] --START--
INFO: Run Behavior\ReadHtmlCacheBehavior [ RunTime:0.000653s ]
INFO: [ app_begin ] --END-- [ RunTime:0.000714s ]
NOTIC: [2048] Declaration of Api\Controller\CommonController::error() should be compatible with Think\Controller::error($message = '', $jumpUrl = '', $ajax = false) D:\Develop\WWW\movier\api\Application\Api\Controller\CommonController.class.php 第 142 行.
NOTIC: [2048] Declaration of Api\Controller\CommonController::success() should be compatible with Think\Controller::success($message = '', $jumpUrl = '', $ajax = false) D:\Develop\WWW\movier\api\Application\Api\Controller\CommonController.class.php 第 142 行.
SQL: SHOW COLUMNS FROM `publish` [ RunTime:0.0052s ]
SQL: SELECT * FROM `publish` WHERE ( publish_id=11 ) LIMIT 1   [ RunTime:0.0006s ]
SQL: SHOW COLUMNS FROM `photos` [ RunTime:0.0048s ]
SQL: SHOW COLUMNS FROM `users` [ RunTime:0.0043s ]
SQL: SELECT `nickname`,`mobile`,`sex`,`headpic`,`start` FROM `users` WHERE ( user_id=31 ) LIMIT 1   [ RunTime:0.0003s ]
SQL: SELECT `photo_folder`,`photo_name`,`photo_type`,'http://172.20.10.2/movier/statics/uploads/' as _url FROM `photos` WHERE ( source_id=11 )  [ RunTime:0.0003s ]

[ 2016-06-05T11:06:48+08:00 ] 10.1.12.26 /movier/api/Publish/getlist?token=asdqwe
INFO: [ app_init ] --START--
INFO: Run Behavior\BuildLiteBehavior [ RunTime:0.000015s ]
INFO: [ app_init ] --END-- [ RunTime:0.000529s ]
INFO: [ app_begin ] --START--
INFO: Run Behavior\ReadHtmlCacheBehavior [ RunTime:0.000610s ]
INFO: [ app_begin ] --END-- [ RunTime:0.000668s ]
NOTIC: [2048] Declaration of Api\Controller\CommonController::error() should be compatible with Think\Controller::error($message = '', $jumpUrl = '', $ajax = false) D:\Develop\WWW\movier\api\Application\Api\Controller\CommonController.class.php 第 142 行.
NOTIC: [2048] Declaration of Api\Controller\CommonController::success() should be compatible with Think\Controller::success($message = '', $jumpUrl = '', $ajax = false) D:\Develop\WWW\movier\api\Application\Api\Controller\CommonController.class.php 第 142 行.
SQL: SHOW COLUMNS FROM `publish` [ RunTime:0.0050s ]
NOTIC: [8] Undefined index: sortrule D:\Develop\WWW\movier\api\Application\Api\Model\PublishModel.class.php 第 107 行.
SQL: SELECT publish.*,users.nickname,users.sex,users.headpic,users.start,'http://172.20.10.2/movier/statics/uploads/' as _url FROM `publish` LEFT JOIN users on users.user_id =publish.user_id  WHERE `publishtype` = 'works' ORDER BY publish_id desc LIMIT 6,6   [ RunTime:0.0008s ]
SQL: SHOW COLUMNS FROM `photos` [ RunTime:0.0044s ]

[ 2016-06-05T11:07:11+08:00 ] 10.1.12.26 /movier/api/Publish/getlist?token=asdqwe
INFO: [ app_init ] --START--
INFO: Run Behavior\BuildLiteBehavior [ RunTime:0.000016s ]
INFO: [ app_init ] --END-- [ RunTime:0.000508s ]
INFO: [ app_begin ] --START--
INFO: Run Behavior\ReadHtmlCacheBehavior [ RunTime:0.000605s ]
INFO: [ app_begin ] --END-- [ RunTime:0.000665s ]
NOTIC: [2048] Declaration of Api\Controller\CommonController::error() should be compatible with Think\Controller::error($message = '', $jumpUrl = '', $ajax = false) D:\Develop\WWW\movier\api\Application\Api\Controller\CommonController.class.php 第 142 行.
NOTIC: [2048] Declaration of Api\Controller\CommonController::success() should be compatible with Think\Controller::success($message = '', $jumpUrl = '', $ajax = false) D:\Develop\WWW\movier\api\Application\Api\Controller\CommonController.class.php 第 142 行.
SQL: SHOW COLUMNS FROM `publish` [ RunTime:0.0049s ]
NOTIC: [8] Undefined index: sortrule D:\Develop\WWW\movier\api\Application\Api\Model\PublishModel.class.php 第 107 行.
SQL: SELECT publish.*,users.nickname,users.sex,users.headpic,users.start,'http://172.20.10.2/movier/statics/uploads/' as _url FROM `publish` LEFT JOIN users on users.user_id =publish.user_id  WHERE `publishtype` = 'works' ORDER BY publish_id desc LIMIT 0,6   [ RunTime:0.0009s ]
SQL: SHOW COLUMNS FROM `photos` [ RunTime:0.0044s ]
SQL: SELECT `photo_folder`,`photo_name`,`photo_type` FROM `photos` WHERE ( source_id=11 ) LIMIT 6   [ RunTime:0.0003s ]
SQL: SELECT `photo_folder`,`photo_name`,`photo_type` FROM `photos` WHERE ( source_id=10 ) LIMIT 6   [ RunTime:0.0002s ]
SQL: SELECT `photo_folder`,`photo_name`,`photo_type` FROM `photos` WHERE ( source_id=6 ) LIMIT 6   [ RunTime:0.0002s ]
SQL: SELECT `photo_folder`,`photo_name`,`photo_type` FROM `photos` WHERE ( source_id=5 ) LIMIT 6   [ RunTime:0.0002s ]
SQL: SELECT `photo_folder`,`photo_name`,`photo_type` FROM `photos` WHERE ( source_id=4 ) LIMIT 6   [ RunTime:0.0002s ]
SQL: SELECT `photo_folder`,`photo_name`,`photo_type` FROM `photos` WHERE ( source_id=3 ) LIMIT 6   [ RunTime:0.0002s ]

[ 2016-06-05T11:07:12+08:00 ] 10.1.12.26 /movier/api/Publish/getdetail?token=asdqwe
INFO: [ app_init ] --START--
INFO: Run Behavior\BuildLiteBehavior [ RunTime:0.000015s ]
INFO: [ app_init ] --END-- [ RunTime:0.000486s ]
INFO: [ app_begin ] --START--
INFO: Run Behavior\ReadHtmlCacheBehavior [ RunTime:0.000577s ]
INFO: [ app_begin ] --END-- [ RunTime:0.000635s ]
NOTIC: [2048] Declaration of Api\Controller\CommonController::error() should be compatible with Think\Controller::error($message = '', $jumpUrl = '', $ajax = false) D:\Develop\WWW\movier\api\Application\Api\Controller\CommonController.class.php 第 142 行.
NOTIC: [2048] Declaration of Api\Controller\CommonController::success() should be compatible with Think\Controller::success($message = '', $jumpUrl = '', $ajax = false) D:\Develop\WWW\movier\api\Application\Api\Controller\CommonController.class.php 第 142 行.
SQL: SHOW COLUMNS FROM `publish` [ RunTime:0.0048s ]
SQL: SELECT * FROM `publish` WHERE ( publish_id=11 ) LIMIT 1   [ RunTime:0.0005s ]
SQL: SHOW COLUMNS FROM `photos` [ RunTime:0.0045s ]
SQL: SHOW COLUMNS FROM `users` [ RunTime:0.0044s ]
SQL: SELECT `nickname`,`mobile`,`sex`,`headpic`,`start` FROM `users` WHERE ( user_id=31 ) LIMIT 1   [ RunTime:0.0004s ]
SQL: SELECT `photo_folder`,`photo_name`,`photo_type`,'http://172.20.10.2/movier/statics/uploads/' as _url FROM `photos` WHERE ( source_id=11 )  [ RunTime:0.0004s ]

