[ 2016-02-03T01:30:09+08:00 ] 192.168.1.5 /mlbspa/api/exchange/getindexlist?token=asdqwe
INFO: [ app_init ] --START--
INFO: Run Behavior\BuildLiteBehavior [ RunTime:0.000032s ]
INFO: [ app_init ] --END-- [ RunTime:0.053217s ]
INFO: [ app_begin ] --START--
INFO: Run Behavior\ReadHtmlCacheBehavior [ RunTime:0.012016s ]
INFO: [ app_begin ] --END-- [ RunTime:0.012210s ]
NOTIC: [2048] Declaration of Api\Controller\CommonController::error() should be compatible with Think\Controller::error($message = '', $jumpUrl = '', $ajax = false) D:\Develop\WWW\mlbspa\api\Application\Api\Controller\CommonController.class.php 第 131 行.
NOTIC: [2048] Declaration of Api\Controller\CommonController::success() should be compatible with Think\Controller::success($message = '', $jumpUrl = '', $ajax = false) D:\Develop\WWW\mlbspa\api\Application\Api\Controller\CommonController.class.php 第 131 行.
NOTIC: [8] Undefined index: cate_id D:\Develop\WWW\mlbspa\api\Application\Api\Controller\ExchangeController.class.php 第 113 行.
SQL: SHOW COLUMNS FROM `adgoods` [ RunTime:0.0067s ]
SQL: SELECT adgoods.*,merchant.merchant_name,merchant.phone,merchant.address FROM `adgoods` LEFT JOIN merchant ON merchant.merchant_id = adgoods.merchant_id  WHERE `is_index` = 1 ORDER BY `adgoods_id` desc LIMIT 0,6   [ RunTime:0.1372s ]

[ 2016-02-03T01:30:09+08:00 ] 192.168.1.5 /mlbspa/api/exchange/getInfo?token=asdqwe
INFO: [ app_init ] --START--
INFO: Run Behavior\BuildLiteBehavior [ RunTime:0.000047s ]
INFO: [ app_init ] --END-- [ RunTime:0.053205s ]
INFO: [ app_begin ] --START--
INFO: Run Behavior\ReadHtmlCacheBehavior [ RunTime:0.011964s ]
INFO: [ app_begin ] --END-- [ RunTime:0.012153s ]
NOTIC: [2048] Declaration of Api\Controller\CommonController::error() should be compatible with Think\Controller::error($message = '', $jumpUrl = '', $ajax = false) D:\Develop\WWW\mlbspa\api\Application\Api\Controller\CommonController.class.php 第 131 行.
NOTIC: [2048] Declaration of Api\Controller\CommonController::success() should be compatible with Think\Controller::success($message = '', $jumpUrl = '', $ajax = false) D:\Develop\WWW\mlbspa\api\Application\Api\Controller\CommonController.class.php 第 131 行.
SQL: SHOW COLUMNS FROM `adgoods` [ RunTime:0.0099s ]
SQL: SELECT * FROM `adgoods` LEFT JOIN merchant ON merchant.merchant_id = adgoods.merchant_id  WHERE ( adgoods_id=4 ) LIMIT 1   [ RunTime:0.0007s ]

[ 2016-02-03T01:30:44+08:00 ] 192.168.1.5 /mlbspa/api/exchange/getindexlist?token=asdqwe
INFO: [ app_init ] --START--
INFO: Run Behavior\BuildLiteBehavior [ RunTime:0.000020s ]
INFO: [ app_init ] --END-- [ RunTime:0.001099s ]
INFO: [ app_begin ] --START--
INFO: Run Behavior\ReadHtmlCacheBehavior [ RunTime:0.000904s ]
INFO: [ app_begin ] --END-- [ RunTime:0.000977s ]
NOTIC: [2048] Declaration of Api\Controller\CommonController::error() should be compatible with Think\Controller::error($message = '', $jumpUrl = '', $ajax = false) D:\Develop\WWW\mlbspa\api\Application\Api\Controller\CommonController.class.php 第 131 行.
NOTIC: [2048] Declaration of Api\Controller\CommonController::success() should be compatible with Think\Controller::success($message = '', $jumpUrl = '', $ajax = false) D:\Develop\WWW\mlbspa\api\Application\Api\Controller\CommonController.class.php 第 131 行.
NOTIC: [8] Undefined index: cate_id D:\Develop\WWW\mlbspa\api\Application\Api\Controller\ExchangeController.class.php 第 113 行.
SQL: SHOW COLUMNS FROM `adgoods` [ RunTime:0.0053s ]
SQL: SELECT adgoods.*,merchant.merchant_name,merchant.phone,merchant.address FROM `adgoods` LEFT JOIN merchant ON merchant.merchant_id = adgoods.merchant_id  WHERE `is_index` = 1 ORDER BY `adgoods_id` desc LIMIT 0,6   [ RunTime:0.0006s ]

[ 2016-02-03T01:30:44+08:00 ] 192.168.1.5 /mlbspa/api/exchange/getlist?token=asdqwe
INFO: [ app_init ] --START--
INFO: Run Behavior\BuildLiteBehavior [ RunTime:0.000017s ]
INFO: [ app_init ] --END-- [ RunTime:0.000728s ]
INFO: [ app_begin ] --START--
INFO: Run Behavior\ReadHtmlCacheBehavior [ RunTime:0.000961s ]
INFO: [ app_begin ] --END-- [ RunTime:0.001038s ]
NOTIC: [2048] Declaration of Api\Controller\CommonController::error() should be compatible with Think\Controller::error($message = '', $jumpUrl = '', $ajax = false) D:\Develop\WWW\mlbspa\api\Application\Api\Controller\CommonController.class.php 第 131 行.
NOTIC: [2048] Declaration of Api\Controller\CommonController::success() should be compatible with Think\Controller::success($message = '', $jumpUrl = '', $ajax = false) D:\Develop\WWW\mlbspa\api\Application\Api\Controller\CommonController.class.php 第 131 行.
NOTIC: [8] Undefined index: cate_id D:\Develop\WWW\mlbspa\api\Application\Api\Controller\ExchangeController.class.php 第 29 行.
SQL: SHOW COLUMNS FROM `adgoods` [ RunTime:0.0052s ]
SQL: SELECT adgoods.*,merchant.merchant_name,merchant.phone,merchant.address FROM `adgoods` LEFT JOIN merchant ON merchant.merchant_id = adgoods.merchant_id  WHERE `total_point` > 0 ORDER BY `adgoods_id` desc LIMIT 0,10   [ RunTime:0.0005s ]

[ 2016-02-03T01:31:18+08:00 ] 192.168.1.6 /mlbspa/api/exchange/getlist?token=asdqwe
INFO: [ app_init ] --START--
INFO: Run Behavior\BuildLiteBehavior [ RunTime:0.000030s ]
INFO: [ app_init ] --END-- [ RunTime:0.001293s ]
INFO: [ app_begin ] --START--
INFO: Run Behavior\ReadHtmlCacheBehavior [ RunTime:0.001281s ]
INFO: [ app_begin ] --END-- [ RunTime:0.001381s ]
NOTIC: [2048] Declaration of Api\Controller\CommonController::error() should be compatible with Think\Controller::error($message = '', $jumpUrl = '', $ajax = false) D:\Develop\WWW\mlbspa\api\Application\Api\Controller\CommonController.class.php 第 131 行.
NOTIC: [2048] Declaration of Api\Controller\CommonController::success() should be compatible with Think\Controller::success($message = '', $jumpUrl = '', $ajax = false) D:\Develop\WWW\mlbspa\api\Application\Api\Controller\CommonController.class.php 第 131 行.

[ 2016-02-03T01:31:22+08:00 ] 192.168.1.6 /mlbspa/api/exchange/getlist?token=asdqwe
INFO: [ app_init ] --START--
INFO: Run Behavior\BuildLiteBehavior [ RunTime:0.000017s ]
INFO: [ app_init ] --END-- [ RunTime:0.000748s ]
INFO: [ app_begin ] --START--
INFO: Run Behavior\ReadHtmlCacheBehavior [ RunTime:0.001708s ]
INFO: [ app_begin ] --END-- [ RunTime:0.001786s ]
NOTIC: [2048] Declaration of Api\Controller\CommonController::error() should be compatible with Think\Controller::error($message = '', $jumpUrl = '', $ajax = false) D:\Develop\WWW\mlbspa\api\Application\Api\Controller\CommonController.class.php 第 131 行.
NOTIC: [2048] Declaration of Api\Controller\CommonController::success() should be compatible with Think\Controller::success($message = '', $jumpUrl = '', $ajax = false) D:\Develop\WWW\mlbspa\api\Application\Api\Controller\CommonController.class.php 第 131 行.

[ 2016-02-03T01:31:41+08:00 ] 192.168.1.6 /mlbspa/api/exchange/getlist?token=asdqwe
INFO: [ app_init ] --START--
INFO: Run Behavior\BuildLiteBehavior [ RunTime:0.000017s ]
INFO: [ app_init ] --END-- [ RunTime:0.000739s ]
INFO: [ app_begin ] --START--
INFO: Run Behavior\ReadHtmlCacheBehavior [ RunTime:0.001224s ]
INFO: [ app_begin ] --END-- [ RunTime:0.001340s ]
NOTIC: [2048] Declaration of Api\Controller\CommonController::error() should be compatible with Think\Controller::error($message = '', $jumpUrl = '', $ajax = false) D:\Develop\WWW\mlbspa\api\Application\Api\Controller\CommonController.class.php 第 131 行.
NOTIC: [2048] Declaration of Api\Controller\CommonController::success() should be compatible with Think\Controller::success($message = '', $jumpUrl = '', $ajax = false) D:\Develop\WWW\mlbspa\api\Application\Api\Controller\CommonController.class.php 第 131 行.
NOTIC: [8] Undefined index: cate_id D:\Develop\WWW\mlbspa\api\Application\Api\Controller\ExchangeController.class.php 第 29 行.
SQL: SHOW COLUMNS FROM `adgoods` [ RunTime:0.0055s ]
SQL: SELECT adgoods.*,merchant.merchant_name,merchant.phone,merchant.address FROM `adgoods` LEFT JOIN merchant ON merchant.merchant_id = adgoods.merchant_id  WHERE `total_point` > 0 ORDER BY `adgoods_id` desc LIMIT 0,10   [ RunTime:0.0007s ]

[ 2016-02-03T01:31:50+08:00 ] 192.168.1.6 /mlbspa/api/exchange/getlist?token=asdqwe
INFO: [ app_init ] --START--
INFO: Run Behavior\BuildLiteBehavior [ RunTime:0.000027s ]
INFO: [ app_init ] --END-- [ RunTime:0.001053s ]
INFO: [ app_begin ] --START--
INFO: Run Behavior\ReadHtmlCacheBehavior [ RunTime:0.000921s ]
INFO: [ app_begin ] --END-- [ RunTime:0.001007s ]
NOTIC: [2048] Declaration of Api\Controller\CommonController::error() should be compatible with Think\Controller::error($message = '', $jumpUrl = '', $ajax = false) D:\Develop\WWW\mlbspa\api\Application\Api\Controller\CommonController.class.php 第 131 行.
NOTIC: [2048] Declaration of Api\Controller\CommonController::success() should be compatible with Think\Controller::success($message = '', $jumpUrl = '', $ajax = false) D:\Develop\WWW\mlbspa\api\Application\Api\Controller\CommonController.class.php 第 131 行.
NOTIC: [8] Undefined index: cate_id D:\Develop\WWW\mlbspa\api\Application\Api\Controller\ExchangeController.class.php 第 29 行.
SQL: SHOW COLUMNS FROM `adgoods` [ RunTime:0.0068s ]
NOTIC: [8] Undefined variable: where D:\Develop\WWW\mlbspa\api\Application\Api\Controller\ExchangeController.class.php 第 37 行.
SQL: SELECT adgoods.*,merchant.merchant_name,merchant.phone,merchant.address FROM `adgoods` LEFT JOIN merchant ON merchant.merchant_id = adgoods.merchant_id  ORDER BY `adgoods_id` desc LIMIT 0,10   [ RunTime:0.0007s ]

[ 2016-02-03T01:34:27+08:00 ] 192.168.1.6 /mlbspa/api/exchange/getlist?token=asdqwe
INFO: [ app_init ] --START--
INFO: Run Behavior\BuildLiteBehavior [ RunTime:0.000018s ]
INFO: [ app_init ] --END-- [ RunTime:0.000852s ]
INFO: [ app_begin ] --START--
INFO: Run Behavior\ReadHtmlCacheBehavior [ RunTime:0.001624s ]
INFO: [ app_begin ] --END-- [ RunTime:0.001718s ]
NOTIC: [2048] Declaration of Api\Controller\CommonController::error() should be compatible with Think\Controller::error($message = '', $jumpUrl = '', $ajax = false) D:\Develop\WWW\mlbspa\api\Application\Api\Controller\CommonController.class.php 第 131 行.
NOTIC: [2048] Declaration of Api\Controller\CommonController::success() should be compatible with Think\Controller::success($message = '', $jumpUrl = '', $ajax = false) D:\Develop\WWW\mlbspa\api\Application\Api\Controller\CommonController.class.php 第 131 行.
NOTIC: [8] Undefined index: cate_id D:\Develop\WWW\mlbspa\api\Application\Api\Controller\ExchangeController.class.php 第 29 行.
SQL: SHOW COLUMNS FROM `adgoods` [ RunTime:0.0046s ]
NOTIC: [8] Undefined variable: where D:\Develop\WWW\mlbspa\api\Application\Api\Controller\ExchangeController.class.php 第 37 行.
SQL: SELECT adgoods.*,merchant.merchant_name,merchant.phone,merchant.address FROM `adgoods` LEFT JOIN merchant ON merchant.merchant_id = adgoods.merchant_id  ORDER BY `adgoods_id` desc LIMIT 0,10   [ RunTime:0.0005s ]

[ 2016-02-03T01:34:37+08:00 ] 192.168.1.6 /mlbspa/api/exchange/getlist?token=asdqwe
INFO: [ app_init ] --START--
INFO: Run Behavior\BuildLiteBehavior [ RunTime:0.000017s ]
INFO: [ app_init ] --END-- [ RunTime:0.000713s ]
INFO: [ app_begin ] --START--
INFO: Run Behavior\ReadHtmlCacheBehavior [ RunTime:0.001361s ]
INFO: [ app_begin ] --END-- [ RunTime:0.001470s ]
NOTIC: [2048] Declaration of Api\Controller\CommonController::error() should be compatible with Think\Controller::error($message = '', $jumpUrl = '', $ajax = false) D:\Develop\WWW\mlbspa\api\Application\Api\Controller\CommonController.class.php 第 131 行.
NOTIC: [2048] Declaration of Api\Controller\CommonController::success() should be compatible with Think\Controller::success($message = '', $jumpUrl = '', $ajax = false) D:\Develop\WWW\mlbspa\api\Application\Api\Controller\CommonController.class.php 第 131 行.
NOTIC: [8] Undefined index: cate_id D:\Develop\WWW\mlbspa\api\Application\Api\Controller\ExchangeController.class.php 第 29 行.
SQL: SHOW COLUMNS FROM `adgoods` [ RunTime:0.0063s ]
SQL: SELECT adgoods.*,merchant.merchant_name,merchant.phone,merchant.address FROM `adgoods` LEFT JOIN merchant ON merchant.merchant_id = adgoods.merchant_id  WHERE `total_point` > 0 ORDER BY `adgoods_id` desc LIMIT 0,10   [ RunTime:0.0006s ]

[ 2016-02-03T01:34:44+08:00 ] 192.168.1.5 /mlbspa/api/exchange/getlist?token=asdqwe
INFO: [ app_init ] --START--
INFO: Run Behavior\BuildLiteBehavior [ RunTime:0.000019s ]
INFO: [ app_init ] --END-- [ RunTime:0.001002s ]
INFO: [ app_begin ] --START--
INFO: Run Behavior\ReadHtmlCacheBehavior [ RunTime:0.001077s ]
INFO: [ app_begin ] --END-- [ RunTime:0.001154s ]
NOTIC: [2048] Declaration of Api\Controller\CommonController::error() should be compatible with Think\Controller::error($message = '', $jumpUrl = '', $ajax = false) D:\Develop\WWW\mlbspa\api\Application\Api\Controller\CommonController.class.php 第 131 行.
NOTIC: [2048] Declaration of Api\Controller\CommonController::success() should be compatible with Think\Controller::success($message = '', $jumpUrl = '', $ajax = false) D:\Develop\WWW\mlbspa\api\Application\Api\Controller\CommonController.class.php 第 131 行.
NOTIC: [8] Undefined index: cate_id D:\Develop\WWW\mlbspa\api\Application\Api\Controller\ExchangeController.class.php 第 29 行.
SQL: SHOW COLUMNS FROM `adgoods` [ RunTime:0.0047s ]
SQL: SELECT adgoods.*,merchant.merchant_name,merchant.phone,merchant.address FROM `adgoods` LEFT JOIN merchant ON merchant.merchant_id = adgoods.merchant_id  WHERE `total_point` > 0 ORDER BY `adgoods_id` desc LIMIT 0,10   [ RunTime:0.0005s ]

[ 2016-02-03T01:34:56+08:00 ] 192.168.1.5 /mlbspa/api/exchange/getlist?token=asdqwe
INFO: [ app_init ] --START--
INFO: Run Behavior\BuildLiteBehavior [ RunTime:0.000021s ]
INFO: [ app_init ] --END-- [ RunTime:0.000925s ]
INFO: [ app_begin ] --START--
INFO: Run Behavior\ReadHtmlCacheBehavior [ RunTime:0.000870s ]
INFO: [ app_begin ] --END-- [ RunTime:0.000937s ]
NOTIC: [2048] Declaration of Api\Controller\CommonController::error() should be compatible with Think\Controller::error($message = '', $jumpUrl = '', $ajax = false) D:\Develop\WWW\mlbspa\api\Application\Api\Controller\CommonController.class.php 第 131 行.
NOTIC: [2048] Declaration of Api\Controller\CommonController::success() should be compatible with Think\Controller::success($message = '', $jumpUrl = '', $ajax = false) D:\Develop\WWW\mlbspa\api\Application\Api\Controller\CommonController.class.php 第 131 行.
NOTIC: [8] Undefined index: cate_id D:\Develop\WWW\mlbspa\api\Application\Api\Controller\ExchangeController.class.php 第 29 行.
SQL: SHOW COLUMNS FROM `adgoods` [ RunTime:0.0047s ]
SQL: SELECT adgoods.*,merchant.merchant_name,merchant.phone,merchant.address FROM `adgoods` LEFT JOIN merchant ON merchant.merchant_id = adgoods.merchant_id  WHERE `total_point` > 0 ORDER BY `adgoods_id` desc LIMIT 0,10   [ RunTime:0.0006s ]

[ 2016-02-03T01:35:05+08:00 ] 192.168.1.5 /mlbspa/api/exchange/getInfo?token=asdqwe
INFO: [ app_init ] --START--
INFO: Run Behavior\BuildLiteBehavior [ RunTime:0.000021s ]
INFO: [ app_init ] --END-- [ RunTime:0.000943s ]
INFO: [ app_begin ] --START--
INFO: Run Behavior\ReadHtmlCacheBehavior [ RunTime:0.001086s ]
INFO: [ app_begin ] --END-- [ RunTime:0.001164s ]
NOTIC: [2048] Declaration of Api\Controller\CommonController::error() should be compatible with Think\Controller::error($message = '', $jumpUrl = '', $ajax = false) D:\Develop\WWW\mlbspa\api\Application\Api\Controller\CommonController.class.php 第 131 行.
NOTIC: [2048] Declaration of Api\Controller\CommonController::success() should be compatible with Think\Controller::success($message = '', $jumpUrl = '', $ajax = false) D:\Develop\WWW\mlbspa\api\Application\Api\Controller\CommonController.class.php 第 131 行.
SQL: SHOW COLUMNS FROM `adgoods` [ RunTime:0.0043s ]
SQL: SELECT * FROM `adgoods` LEFT JOIN merchant ON merchant.merchant_id = adgoods.merchant_id  WHERE ( adgoods_id=4 ) LIMIT 1   [ RunTime:0.0005s ]

[ 2016-02-03T01:35:08+08:00 ] 192.168.1.5 /mlbspa/api/exchange/getInfo?token=asdqwe
INFO: [ app_init ] --START--
INFO: Run Behavior\BuildLiteBehavior [ RunTime:0.000019s ]
INFO: [ app_init ] --END-- [ RunTime:0.000778s ]
INFO: [ app_begin ] --START--
INFO: Run Behavior\ReadHtmlCacheBehavior [ RunTime:0.000852s ]
INFO: [ app_begin ] --END-- [ RunTime:0.000918s ]
NOTIC: [2048] Declaration of Api\Controller\CommonController::error() should be compatible with Think\Controller::error($message = '', $jumpUrl = '', $ajax = false) D:\Develop\WWW\mlbspa\api\Application\Api\Controller\CommonController.class.php 第 131 行.
NOTIC: [2048] Declaration of Api\Controller\CommonController::success() should be compatible with Think\Controller::success($message = '', $jumpUrl = '', $ajax = false) D:\Develop\WWW\mlbspa\api\Application\Api\Controller\CommonController.class.php 第 131 行.
SQL: SHOW COLUMNS FROM `adgoods` [ RunTime:0.0049s ]
SQL: SELECT * FROM `adgoods` LEFT JOIN merchant ON merchant.merchant_id = adgoods.merchant_id  WHERE ( adgoods_id=2 ) LIMIT 1   [ RunTime:0.0006s ]

[ 2016-02-03T01:35:11+08:00 ] 192.168.1.5 /mlbspa/api/exchange/getInfo?token=asdqwe
INFO: [ app_init ] --START--
INFO: Run Behavior\BuildLiteBehavior [ RunTime:0.000034s ]
INFO: [ app_init ] --END-- [ RunTime:0.001633s ]
INFO: [ app_begin ] --START--
INFO: Run Behavior\ReadHtmlCacheBehavior [ RunTime:0.001211s ]
INFO: [ app_begin ] --END-- [ RunTime:0.001310s ]
NOTIC: [2048] Declaration of Api\Controller\CommonController::error() should be compatible with Think\Controller::error($message = '', $jumpUrl = '', $ajax = false) D:\Develop\WWW\mlbspa\api\Application\Api\Controller\CommonController.class.php 第 131 行.
NOTIC: [2048] Declaration of Api\Controller\CommonController::success() should be compatible with Think\Controller::success($message = '', $jumpUrl = '', $ajax = false) D:\Develop\WWW\mlbspa\api\Application\Api\Controller\CommonController.class.php 第 131 行.
SQL: SHOW COLUMNS FROM `adgoods` [ RunTime:0.0057s ]
SQL: SELECT * FROM `adgoods` LEFT JOIN merchant ON merchant.merchant_id = adgoods.merchant_id  WHERE ( adgoods_id=2 ) LIMIT 1   [ RunTime:0.0006s ]

[ 2016-02-03T01:35:14+08:00 ] 192.168.1.5 /mlbspa/api/exchange/getInfo?token=asdqwe
INFO: [ app_init ] --START--
INFO: Run Behavior\BuildLiteBehavior [ RunTime:0.000022s ]
INFO: [ app_init ] --END-- [ RunTime:0.001044s ]
INFO: [ app_begin ] --START--
INFO: Run Behavior\ReadHtmlCacheBehavior [ RunTime:0.001194s ]
INFO: [ app_begin ] --END-- [ RunTime:0.001283s ]
NOTIC: [2048] Declaration of Api\Controller\CommonController::error() should be compatible with Think\Controller::error($message = '', $jumpUrl = '', $ajax = false) D:\Develop\WWW\mlbspa\api\Application\Api\Controller\CommonController.class.php 第 131 行.
NOTIC: [2048] Declaration of Api\Controller\CommonController::success() should be compatible with Think\Controller::success($message = '', $jumpUrl = '', $ajax = false) D:\Develop\WWW\mlbspa\api\Application\Api\Controller\CommonController.class.php 第 131 行.
SQL: SHOW COLUMNS FROM `adgoods` [ RunTime:0.0049s ]
SQL: SELECT * FROM `adgoods` LEFT JOIN merchant ON merchant.merchant_id = adgoods.merchant_id  WHERE ( adgoods_id=3 ) LIMIT 1   [ RunTime:0.0006s ]

[ 2016-02-03T01:35:17+08:00 ] 192.168.1.5 /mlbspa/api/exchange/getInfo?token=asdqwe
INFO: [ app_init ] --START--
INFO: Run Behavior\BuildLiteBehavior [ RunTime:0.000033s ]
INFO: [ app_init ] --END-- [ RunTime:0.001644s ]
INFO: [ app_begin ] --START--
INFO: Run Behavior\ReadHtmlCacheBehavior [ RunTime:0.001060s ]
INFO: [ app_begin ] --END-- [ RunTime:0.001158s ]
NOTIC: [2048] Declaration of Api\Controller\CommonController::error() should be compatible with Think\Controller::error($message = '', $jumpUrl = '', $ajax = false) D:\Develop\WWW\mlbspa\api\Application\Api\Controller\CommonController.class.php 第 131 行.
NOTIC: [2048] Declaration of Api\Controller\CommonController::success() should be compatible with Think\Controller::success($message = '', $jumpUrl = '', $ajax = false) D:\Develop\WWW\mlbspa\api\Application\Api\Controller\CommonController.class.php 第 131 行.
SQL: SHOW COLUMNS FROM `adgoods` [ RunTime:0.0067s ]
SQL: SELECT * FROM `adgoods` LEFT JOIN merchant ON merchant.merchant_id = adgoods.merchant_id  WHERE ( adgoods_id=4 ) LIMIT 1   [ RunTime:0.0006s ]

[ 2016-02-03T01:35:20+08:00 ] 192.168.1.5 /mlbspa/api/exchange/getInfo?token=asdqwe
INFO: [ app_init ] --START--
INFO: Run Behavior\BuildLiteBehavior [ RunTime:0.000036s ]
INFO: [ app_init ] --END-- [ RunTime:0.002038s ]
INFO: [ app_begin ] --START--
INFO: Run Behavior\ReadHtmlCacheBehavior [ RunTime:0.001585s ]
INFO: [ app_begin ] --END-- [ RunTime:0.001701s ]
NOTIC: [2048] Declaration of Api\Controller\CommonController::error() should be compatible with Think\Controller::error($message = '', $jumpUrl = '', $ajax = false) D:\Develop\WWW\mlbspa\api\Application\Api\Controller\CommonController.class.php 第 131 行.
NOTIC: [2048] Declaration of Api\Controller\CommonController::success() should be compatible with Think\Controller::success($message = '', $jumpUrl = '', $ajax = false) D:\Develop\WWW\mlbspa\api\Application\Api\Controller\CommonController.class.php 第 131 行.
SQL: SHOW COLUMNS FROM `adgoods` [ RunTime:0.0072s ]
SQL: SELECT * FROM `adgoods` LEFT JOIN merchant ON merchant.merchant_id = adgoods.merchant_id  WHERE ( adgoods_id=2 ) LIMIT 1   [ RunTime:0.0008s ]

[ 2016-02-03T03:52:42+08:00 ] 192.168.1.5 /mlbspa/api/exchange/getindexlist?token=asdqwe
INFO: [ app_init ] --START--
INFO: Run Behavior\BuildLiteBehavior [ RunTime:0.000033s ]
INFO: [ app_init ] --END-- [ RunTime:0.001429s ]
INFO: [ app_begin ] --START--
INFO: Run Behavior\ReadHtmlCacheBehavior [ RunTime:0.001508s ]
INFO: [ app_begin ] --END-- [ RunTime:0.001592s ]
NOTIC: [2048] Declaration of Api\Controller\CommonController::error() should be compatible with Think\Controller::error($message = '', $jumpUrl = '', $ajax = false) D:\Develop\WWW\mlbspa\api\Application\Api\Controller\CommonController.class.php 第 131 行.
NOTIC: [2048] Declaration of Api\Controller\CommonController::success() should be compatible with Think\Controller::success($message = '', $jumpUrl = '', $ajax = false) D:\Develop\WWW\mlbspa\api\Application\Api\Controller\CommonController.class.php 第 131 行.
NOTIC: [8] Undefined index: cate_id D:\Develop\WWW\mlbspa\api\Application\Api\Controller\ExchangeController.class.php 第 113 行.
SQL: SHOW COLUMNS FROM `adgoods` [ RunTime:0.0046s ]
SQL: SELECT adgoods.*,merchant.merchant_name,merchant.phone,merchant.address FROM `adgoods` LEFT JOIN merchant ON merchant.merchant_id = adgoods.merchant_id  WHERE `is_index` = 1 ORDER BY `adgoods_id` desc LIMIT 0,6   [ RunTime:0.0006s ]

[ 2016-02-03T03:52:45+08:00 ] 192.168.1.5 /mlbspa/api/exchange/getlist?token=asdqwe
INFO: [ app_init ] --START--
INFO: Run Behavior\BuildLiteBehavior [ RunTime:0.000033s ]
INFO: [ app_init ] --END-- [ RunTime:0.002045s ]
INFO: [ app_begin ] --START--
INFO: Run Behavior\ReadHtmlCacheBehavior [ RunTime:0.001297s ]
INFO: [ app_begin ] --END-- [ RunTime:0.001397s ]
NOTIC: [2048] Declaration of Api\Controller\CommonController::error() should be compatible with Think\Controller::error($message = '', $jumpUrl = '', $ajax = false) D:\Develop\WWW\mlbspa\api\Application\Api\Controller\CommonController.class.php 第 131 行.
NOTIC: [2048] Declaration of Api\Controller\CommonController::success() should be compatible with Think\Controller::success($message = '', $jumpUrl = '', $ajax = false) D:\Develop\WWW\mlbspa\api\Application\Api\Controller\CommonController.class.php 第 131 行.
NOTIC: [8] Undefined index: cate_id D:\Develop\WWW\mlbspa\api\Application\Api\Controller\ExchangeController.class.php 第 29 行.
SQL: SHOW COLUMNS FROM `adgoods` [ RunTime:0.0053s ]
SQL: SELECT adgoods.*,merchant.merchant_name,merchant.phone,merchant.address FROM `adgoods` LEFT JOIN merchant ON merchant.merchant_id = adgoods.merchant_id  WHERE `total_point` > 0 ORDER BY `adgoods_id` desc LIMIT 0,10   [ RunTime:0.0006s ]

[ 2016-02-03T03:53:23+08:00 ] 192.168.1.5 /mlbspa/api/exchange/getlist?token=asdqwe
INFO: [ app_init ] --START--
INFO: Run Behavior\BuildLiteBehavior [ RunTime:0.000018s ]
INFO: [ app_init ] --END-- [ RunTime:0.000769s ]
INFO: [ app_begin ] --START--
INFO: Run Behavior\ReadHtmlCacheBehavior [ RunTime:0.001298s ]
INFO: [ app_begin ] --END-- [ RunTime:0.001400s ]
NOTIC: [2048] Declaration of Api\Controller\CommonController::error() should be compatible with Think\Controller::error($message = '', $jumpUrl = '', $ajax = false) D:\Develop\WWW\mlbspa\api\Application\Api\Controller\CommonController.class.php 第 131 行.
NOTIC: [2048] Declaration of Api\Controller\CommonController::success() should be compatible with Think\Controller::success($message = '', $jumpUrl = '', $ajax = false) D:\Develop\WWW\mlbspa\api\Application\Api\Controller\CommonController.class.php 第 131 行.
NOTIC: [8] Undefined index: cate_id D:\Develop\WWW\mlbspa\api\Application\Api\Controller\ExchangeController.class.php 第 29 行.
SQL: SHOW COLUMNS FROM `adgoods` [ RunTime:0.0046s ]
SQL: SELECT adgoods.*,merchant.merchant_name,merchant.phone,merchant.address FROM `adgoods` LEFT JOIN merchant ON merchant.merchant_id = adgoods.merchant_id  WHERE `total_point` > 0 ORDER BY `adgoods_id` desc LIMIT 0,10   [ RunTime:0.0006s ]

[ 2016-02-03T03:53:27+08:00 ] 192.168.1.5 /mlbspa/api/exchange/getlist?token=asdqwe
INFO: [ app_init ] --START--
INFO: Run Behavior\BuildLiteBehavior [ RunTime:0.000045s ]
INFO: [ app_init ] --END-- [ RunTime:0.001675s ]
INFO: [ app_begin ] --START--
INFO: Run Behavior\ReadHtmlCacheBehavior [ RunTime:0.001702s ]
INFO: [ app_begin ] --END-- [ RunTime:0.001837s ]
NOTIC: [2048] Declaration of Api\Controller\CommonController::error() should be compatible with Think\Controller::error($message = '', $jumpUrl = '', $ajax = false) D:\Develop\WWW\mlbspa\api\Application\Api\Controller\CommonController.class.php 第 131 行.
NOTIC: [2048] Declaration of Api\Controller\CommonController::success() should be compatible with Think\Controller::success($message = '', $jumpUrl = '', $ajax = false) D:\Develop\WWW\mlbspa\api\Application\Api\Controller\CommonController.class.php 第 131 行.
NOTIC: [8] Undefined index: cate_id D:\Develop\WWW\mlbspa\api\Application\Api\Controller\ExchangeController.class.php 第 29 行.
SQL: SHOW COLUMNS FROM `adgoods` [ RunTime:0.0048s ]
SQL: SELECT adgoods.*,merchant.merchant_name,merchant.phone,merchant.address FROM `adgoods` LEFT JOIN merchant ON merchant.merchant_id = adgoods.merchant_id  WHERE `total_point` > 0 ORDER BY `adgoods_id` desc LIMIT 0,10   [ RunTime:0.0005s ]

[ 2016-02-03T03:54:01+08:00 ] 192.168.1.5 /mlbspa/api/exchange/getExchangeList?token=asdqwe
INFO: [ app_init ] --START--
INFO: Run Behavior\BuildLiteBehavior [ RunTime:0.000019s ]
INFO: [ app_init ] --END-- [ RunTime:0.000897s ]
INFO: [ app_begin ] --START--
INFO: Run Behavior\ReadHtmlCacheBehavior [ RunTime:0.000950s ]
INFO: [ app_begin ] --END-- [ RunTime:0.001017s ]
NOTIC: [2048] Declaration of Api\Controller\CommonController::error() should be compatible with Think\Controller::error($message = '', $jumpUrl = '', $ajax = false) D:\Develop\WWW\mlbspa\api\Application\Api\Controller\CommonController.class.php 第 131 行.
NOTIC: [2048] Declaration of Api\Controller\CommonController::success() should be compatible with Think\Controller::success($message = '', $jumpUrl = '', $ajax = false) D:\Develop\WWW\mlbspa\api\Application\Api\Controller\CommonController.class.php 第 131 行.
NOTIC: [8] Undefined index: cate_id D:\Develop\WWW\mlbspa\api\Application\Api\Controller\ExchangeController.class.php 第 59 行.
SQL: SHOW COLUMNS FROM `adgoods` [ RunTime:0.0044s ]
SQL: SELECT adgoods.*,merchant.merchant_name,merchant.phone,merchant.address FROM `adgoods` LEFT JOIN merchant ON merchant.merchant_id = adgoods.merchant_id  WHERE `total_point` <= 0 ORDER BY `adgoods_id` desc LIMIT 0,10   [ RunTime:0.0005s ]

[ 2016-02-03T03:55:35+08:00 ] 192.168.1.5 /mlbspa/api/exchange/getExchangeList?token=asdqwe
INFO: [ app_init ] --START--
INFO: Run Behavior\BuildLiteBehavior [ RunTime:0.000023s ]
INFO: [ app_init ] --END-- [ RunTime:0.000883s ]
INFO: [ app_begin ] --START--
INFO: Run Behavior\ReadHtmlCacheBehavior [ RunTime:0.001193s ]
INFO: [ app_begin ] --END-- [ RunTime:0.001264s ]
NOTIC: [2048] Declaration of Api\Controller\CommonController::error() should be compatible with Think\Controller::error($message = '', $jumpUrl = '', $ajax = false) D:\Develop\WWW\mlbspa\api\Application\Api\Controller\CommonController.class.php 第 131 行.
NOTIC: [2048] Declaration of Api\Controller\CommonController::success() should be compatible with Think\Controller::success($message = '', $jumpUrl = '', $ajax = false) D:\Develop\WWW\mlbspa\api\Application\Api\Controller\CommonController.class.php 第 131 行.
NOTIC: [8] Undefined index: cate_id D:\Develop\WWW\mlbspa\api\Application\Api\Controller\ExchangeController.class.php 第 59 行.
SQL: SHOW COLUMNS FROM `adgoods` [ RunTime:0.0046s ]
SQL: SELECT adgoods.*,merchant.merchant_name,merchant.phone,merchant.address FROM `adgoods` LEFT JOIN merchant ON merchant.merchant_id = adgoods.merchant_id  WHERE `total_point` <= 0 ORDER BY `adgoods_id` desc LIMIT 0,10   [ RunTime:0.0005s ]

[ 2016-02-03T03:56:16+08:00 ] 192.168.1.5 /mlbspa/api/exchange/getExchangeList?token=asdqwe
INFO: [ app_init ] --START--
INFO: Run Behavior\BuildLiteBehavior [ RunTime:0.000032s ]
INFO: [ app_init ] --END-- [ RunTime:0.001653s ]
INFO: [ app_begin ] --START--
INFO: Run Behavior\ReadHtmlCacheBehavior [ RunTime:0.001340s ]
INFO: [ app_begin ] --END-- [ RunTime:0.001451s ]
NOTIC: [2048] Declaration of Api\Controller\CommonController::error() should be compatible with Think\Controller::error($message = '', $jumpUrl = '', $ajax = false) D:\Develop\WWW\mlbspa\api\Application\Api\Controller\CommonController.class.php 第 131 行.
NOTIC: [2048] Declaration of Api\Controller\CommonController::success() should be compatible with Think\Controller::success($message = '', $jumpUrl = '', $ajax = false) D:\Develop\WWW\mlbspa\api\Application\Api\Controller\CommonController.class.php 第 131 行.
NOTIC: [8] Undefined index: cate_id D:\Develop\WWW\mlbspa\api\Application\Api\Controller\ExchangeController.class.php 第 59 行.
SQL: SHOW COLUMNS FROM `adgoods` [ RunTime:0.0048s ]
SQL: SELECT adgoods.*,merchant.merchant_name,merchant.phone,merchant.address FROM `adgoods` LEFT JOIN merchant ON merchant.merchant_id = adgoods.merchant_id  WHERE `total_point` <= 0 ORDER BY `adgoods_id` desc LIMIT 0,10   [ RunTime:0.0006s ]

[ 2016-02-03T03:56:52+08:00 ] 192.168.1.5 /mlbspa/api/exchange/getInfo?token=asdqwe
INFO: [ app_init ] --START--
INFO: Run Behavior\BuildLiteBehavior [ RunTime:0.000030s ]
INFO: [ app_init ] --END-- [ RunTime:0.001360s ]
INFO: [ app_begin ] --START--
INFO: Run Behavior\ReadHtmlCacheBehavior [ RunTime:0.001139s ]
INFO: [ app_begin ] --END-- [ RunTime:0.001220s ]
NOTIC: [2048] Declaration of Api\Controller\CommonController::error() should be compatible with Think\Controller::error($message = '', $jumpUrl = '', $ajax = false) D:\Develop\WWW\mlbspa\api\Application\Api\Controller\CommonController.class.php 第 131 行.
NOTIC: [2048] Declaration of Api\Controller\CommonController::success() should be compatible with Think\Controller::success($message = '', $jumpUrl = '', $ajax = false) D:\Develop\WWW\mlbspa\api\Application\Api\Controller\CommonController.class.php 第 131 行.
SQL: SHOW COLUMNS FROM `adgoods` [ RunTime:0.0045s ]
SQL: SELECT * FROM `adgoods` LEFT JOIN merchant ON merchant.merchant_id = adgoods.merchant_id  WHERE ( adgoods_id=1 ) LIMIT 1   [ RunTime:0.0005s ]

[ 2016-02-03T03:57:27+08:00 ] 192.168.1.5 /mlbspa/api/exchange/getlist?token=asdqwe
INFO: [ app_init ] --START--
INFO: Run Behavior\BuildLiteBehavior [ RunTime:0.000018s ]
INFO: [ app_init ] --END-- [ RunTime:0.000894s ]
INFO: [ app_begin ] --START--
INFO: Run Behavior\ReadHtmlCacheBehavior [ RunTime:0.000994s ]
INFO: [ app_begin ] --END-- [ RunTime:0.001067s ]
NOTIC: [2048] Declaration of Api\Controller\CommonController::error() should be compatible with Think\Controller::error($message = '', $jumpUrl = '', $ajax = false) D:\Develop\WWW\mlbspa\api\Application\Api\Controller\CommonController.class.php 第 131 行.
NOTIC: [2048] Declaration of Api\Controller\CommonController::success() should be compatible with Think\Controller::success($message = '', $jumpUrl = '', $ajax = false) D:\Develop\WWW\mlbspa\api\Application\Api\Controller\CommonController.class.php 第 131 行.
NOTIC: [8] Undefined index: cate_id D:\Develop\WWW\mlbspa\api\Application\Api\Controller\ExchangeController.class.php 第 29 行.
SQL: SHOW COLUMNS FROM `adgoods` [ RunTime:0.0054s ]
SQL: SELECT adgoods.*,merchant.merchant_name,merchant.phone,merchant.address FROM `adgoods` LEFT JOIN merchant ON merchant.merchant_id = adgoods.merchant_id  WHERE `total_point` > 0 ORDER BY `adgoods_id` desc LIMIT 0,10   [ RunTime:0.0006s ]

[ 2016-02-03T03:57:28+08:00 ] 192.168.1.5 /mlbspa/api/exchange/getInfo?token=asdqwe
INFO: [ app_init ] --START--
INFO: Run Behavior\BuildLiteBehavior [ RunTime:0.000021s ]
INFO: [ app_init ] --END-- [ RunTime:0.001007s ]
INFO: [ app_begin ] --START--
INFO: Run Behavior\ReadHtmlCacheBehavior [ RunTime:0.001155s ]
INFO: [ app_begin ] --END-- [ RunTime:0.001237s ]
NOTIC: [2048] Declaration of Api\Controller\CommonController::error() should be compatible with Think\Controller::error($message = '', $jumpUrl = '', $ajax = false) D:\Develop\WWW\mlbspa\api\Application\Api\Controller\CommonController.class.php 第 131 行.
NOTIC: [2048] Declaration of Api\Controller\CommonController::success() should be compatible with Think\Controller::success($message = '', $jumpUrl = '', $ajax = false) D:\Develop\WWW\mlbspa\api\Application\Api\Controller\CommonController.class.php 第 131 行.
SQL: SHOW COLUMNS FROM `adgoods` [ RunTime:0.0044s ]
SQL: SELECT * FROM `adgoods` LEFT JOIN merchant ON merchant.merchant_id = adgoods.merchant_id  WHERE ( adgoods_id=4 ) LIMIT 1   [ RunTime:0.0006s ]

[ 2016-02-03T03:57:35+08:00 ] 192.168.1.5 /mlbspa/api/exchange/getInfo?token=asdqwe
INFO: [ app_init ] --START--
INFO: Run Behavior\BuildLiteBehavior [ RunTime:0.000033s ]
INFO: [ app_init ] --END-- [ RunTime:0.001381s ]
INFO: [ app_begin ] --START--
INFO: Run Behavior\ReadHtmlCacheBehavior [ RunTime:0.001333s ]
INFO: [ app_begin ] --END-- [ RunTime:0.001442s ]
NOTIC: [2048] Declaration of Api\Controller\CommonController::error() should be compatible with Think\Controller::error($message = '', $jumpUrl = '', $ajax = false) D:\Develop\WWW\mlbspa\api\Application\Api\Controller\CommonController.class.php 第 131 行.
NOTIC: [2048] Declaration of Api\Controller\CommonController::success() should be compatible with Think\Controller::success($message = '', $jumpUrl = '', $ajax = false) D:\Develop\WWW\mlbspa\api\Application\Api\Controller\CommonController.class.php 第 131 行.
SQL: SHOW COLUMNS FROM `adgoods` [ RunTime:0.0058s ]
SQL: SELECT * FROM `adgoods` LEFT JOIN merchant ON merchant.merchant_id = adgoods.merchant_id  WHERE ( adgoods_id=3 ) LIMIT 1   [ RunTime:0.0007s ]

[ 2016-02-03T03:57:42+08:00 ] 192.168.1.5 /mlbspa/api/exchange/getExchangeList?token=asdqwe
INFO: [ app_init ] --START--
INFO: Run Behavior\BuildLiteBehavior [ RunTime:0.000020s ]
INFO: [ app_init ] --END-- [ RunTime:0.001028s ]
INFO: [ app_begin ] --START--
INFO: Run Behavior\ReadHtmlCacheBehavior [ RunTime:0.001400s ]
INFO: [ app_begin ] --END-- [ RunTime:0.001483s ]
NOTIC: [2048] Declaration of Api\Controller\CommonController::error() should be compatible with Think\Controller::error($message = '', $jumpUrl = '', $ajax = false) D:\Develop\WWW\mlbspa\api\Application\Api\Controller\CommonController.class.php 第 131 行.
NOTIC: [2048] Declaration of Api\Controller\CommonController::success() should be compatible with Think\Controller::success($message = '', $jumpUrl = '', $ajax = false) D:\Develop\WWW\mlbspa\api\Application\Api\Controller\CommonController.class.php 第 131 行.
NOTIC: [8] Undefined index: cate_id D:\Develop\WWW\mlbspa\api\Application\Api\Controller\ExchangeController.class.php 第 59 行.
SQL: SHOW COLUMNS FROM `adgoods` [ RunTime:0.0056s ]
SQL: SELECT adgoods.*,merchant.merchant_name,merchant.phone,merchant.address FROM `adgoods` LEFT JOIN merchant ON merchant.merchant_id = adgoods.merchant_id  WHERE `total_point` <= 0 ORDER BY `adgoods_id` desc LIMIT 0,10   [ RunTime:0.0006s ]

[ 2016-02-03T03:57:44+08:00 ] 192.168.1.5 /mlbspa/api/exchange/getInfo?token=asdqwe
INFO: [ app_init ] --START--
INFO: Run Behavior\BuildLiteBehavior [ RunTime:0.000019s ]
INFO: [ app_init ] --END-- [ RunTime:0.000845s ]
INFO: [ app_begin ] --START--
INFO: Run Behavior\ReadHtmlCacheBehavior [ RunTime:0.000902s ]
INFO: [ app_begin ] --END-- [ RunTime:0.000966s ]
NOTIC: [2048] Declaration of Api\Controller\CommonController::error() should be compatible with Think\Controller::error($message = '', $jumpUrl = '', $ajax = false) D:\Develop\WWW\mlbspa\api\Application\Api\Controller\CommonController.class.php 第 131 行.
NOTIC: [2048] Declaration of Api\Controller\CommonController::success() should be compatible with Think\Controller::success($message = '', $jumpUrl = '', $ajax = false) D:\Develop\WWW\mlbspa\api\Application\Api\Controller\CommonController.class.php 第 131 行.
SQL: SHOW COLUMNS FROM `adgoods` [ RunTime:0.0049s ]
SQL: SELECT * FROM `adgoods` LEFT JOIN merchant ON merchant.merchant_id = adgoods.merchant_id  WHERE ( adgoods_id=1 ) LIMIT 1   [ RunTime:0.0006s ]

[ 2016-02-03T03:57:52+08:00 ] 192.168.1.5 /mlbspa/api/exchange/getlist?token=asdqwe
INFO: [ app_init ] --START--
INFO: Run Behavior\BuildLiteBehavior [ RunTime:0.000035s ]
INFO: [ app_init ] --END-- [ RunTime:0.001631s ]
INFO: [ app_begin ] --START--
INFO: Run Behavior\ReadHtmlCacheBehavior [ RunTime:0.001967s ]
INFO: [ app_begin ] --END-- [ RunTime:0.002125s ]
NOTIC: [2048] Declaration of Api\Controller\CommonController::error() should be compatible with Think\Controller::error($message = '', $jumpUrl = '', $ajax = false) D:\Develop\WWW\mlbspa\api\Application\Api\Controller\CommonController.class.php 第 131 行.
NOTIC: [2048] Declaration of Api\Controller\CommonController::success() should be compatible with Think\Controller::success($message = '', $jumpUrl = '', $ajax = false) D:\Develop\WWW\mlbspa\api\Application\Api\Controller\CommonController.class.php 第 131 行.
NOTIC: [8] Undefined index: cate_id D:\Develop\WWW\mlbspa\api\Application\Api\Controller\ExchangeController.class.php 第 29 行.
SQL: SHOW COLUMNS FROM `adgoods` [ RunTime:0.0049s ]
SQL: SELECT adgoods.*,merchant.merchant_name,merchant.phone,merchant.address FROM `adgoods` LEFT JOIN merchant ON merchant.merchant_id = adgoods.merchant_id  WHERE `total_point` > 0 ORDER BY `adgoods_id` desc LIMIT 0,10   [ RunTime:0.0007s ]

[ 2016-02-03T03:57:54+08:00 ] 192.168.1.5 /mlbspa/api/exchange/getInfo?token=asdqwe
INFO: [ app_init ] --START--
INFO: Run Behavior\BuildLiteBehavior [ RunTime:0.000020s ]
INFO: [ app_init ] --END-- [ RunTime:0.001014s ]
INFO: [ app_begin ] --START--
INFO: Run Behavior\ReadHtmlCacheBehavior [ RunTime:0.001537s ]
INFO: [ app_begin ] --END-- [ RunTime:0.001698s ]
NOTIC: [2048] Declaration of Api\Controller\CommonController::error() should be compatible with Think\Controller::error($message = '', $jumpUrl = '', $ajax = false) D:\Develop\WWW\mlbspa\api\Application\Api\Controller\CommonController.class.php 第 131 行.
NOTIC: [2048] Declaration of Api\Controller\CommonController::success() should be compatible with Think\Controller::success($message = '', $jumpUrl = '', $ajax = false) D:\Develop\WWW\mlbspa\api\Application\Api\Controller\CommonController.class.php 第 131 行.
SQL: SHOW COLUMNS FROM `adgoods` [ RunTime:0.0045s ]
SQL: SELECT * FROM `adgoods` LEFT JOIN merchant ON merchant.merchant_id = adgoods.merchant_id  WHERE ( adgoods_id=2 ) LIMIT 1   [ RunTime:0.0007s ]

[ 2016-02-03T04:00:53+08:00 ] 192.168.1.5 /mlbspa/api/User/login?token=asdqwe
INFO: [ app_init ] --START--
INFO: Run Behavior\BuildLiteBehavior [ RunTime:0.000051s ]
INFO: [ app_init ] --END-- [ RunTime:0.001822s ]
INFO: [ app_begin ] --START--
INFO: Run Behavior\ReadHtmlCacheBehavior [ RunTime:0.001544s ]
INFO: [ app_begin ] --END-- [ RunTime:0.001641s ]
NOTIC: [2048] Declaration of Api\Controller\CommonController::error() should be compatible with Think\Controller::error($message = '', $jumpUrl = '', $ajax = false) D:\Develop\WWW\mlbspa\api\Application\Api\Controller\CommonController.class.php 第 131 行.
NOTIC: [2048] Declaration of Api\Controller\CommonController::success() should be compatible with Think\Controller::success($message = '', $jumpUrl = '', $ajax = false) D:\Develop\WWW\mlbspa\api\Application\Api\Controller\CommonController.class.php 第 131 行.
SQL: SHOW COLUMNS FROM `members` [ RunTime:0.0829s ]
SQL: SHOW COLUMNS FROM `members` [ RunTime:0.0085s ]
SQL: SELECT * FROM `members` WHERE `user_name` = 'Kdjbcnd' LIMIT 1   [ RunTime:0.0008s ]

