[ 2016-09-18T16:34:07+08:00 ] 192.168.1.7 /movier/api/User/updatepos?token=asdqwe
INFO: [ app_init ] --START--
INFO: Run Behavior\BuildLiteBehavior [ RunTime:0.000021s ]
INFO: [ app_init ] --END-- [ RunTime:0.042798s ]
INFO: [ app_begin ] --START--
INFO: Run Behavior\ReadHtmlCacheBehavior [ RunTime:0.013543s ]
INFO: [ app_begin ] --END-- [ RunTime:0.013637s ]
NOTIC: [2048] Declaration of Api\Controller\CommonController::error() should be compatible with Think\Controller::error($message = '', $jumpUrl = '', $ajax = false) D:\Develop\WWW\movier\api\Application\Api\Controller\CommonController.class.php 第 142 行.
NOTIC: [2048] Declaration of Api\Controller\CommonController::success() should be compatible with Think\Controller::success($message = '', $jumpUrl = '', $ajax = false) D:\Develop\WWW\movier\api\Application\Api\Controller\CommonController.class.php 第 142 行.

[ 2016-09-18T16:34:58+08:00 ] 192.168.1.7 /movier/api/Publish/getlist?token=asdqwe
INFO: [ app_init ] --START--
INFO: Run Behavior\BuildLiteBehavior [ RunTime:0.000016s ]
INFO: [ app_init ] --END-- [ RunTime:0.000518s ]
INFO: [ app_begin ] --START--
INFO: Run Behavior\ReadHtmlCacheBehavior [ RunTime:0.000606s ]
INFO: [ app_begin ] --END-- [ RunTime:0.000666s ]
NOTIC: [2048] Declaration of Api\Controller\CommonController::error() should be compatible with Think\Controller::error($message = '', $jumpUrl = '', $ajax = false) D:\Develop\WWW\movier\api\Application\Api\Controller\CommonController.class.php 第 142 行.
NOTIC: [2048] Declaration of Api\Controller\CommonController::success() should be compatible with Think\Controller::success($message = '', $jumpUrl = '', $ajax = false) D:\Develop\WWW\movier\api\Application\Api\Controller\CommonController.class.php 第 142 行.
SQL: SHOW COLUMNS FROM `publish` [ RunTime:0.1339s ]
NOTIC: [8] Undefined index: sortrule D:\Develop\WWW\movier\api\Application\Api\Model\PublishModel.class.php 第 107 行.
SQL: SELECT publish.*,users.nickname,users.sex,users.headpic,users.start,'http://172.20.10.2/movier/statics/uploads/' as _url FROM `publish` LEFT JOIN users on users.user_id =publish.user_id  WHERE `publishtype` = 'demand' ORDER BY publish_id desc LIMIT 0,6   [ RunTime:0.0866s ]
SQL: SHOW COLUMNS FROM `photos` [ RunTime:0.0178s ]
SQL: SELECT `photo_folder`,`photo_name`,`photo_type` FROM `photos` WHERE ( source_id=8 ) LIMIT 6   [ RunTime:0.0004s ]

