[ 2016-05-28T16:58:46+08:00 ] 172.20.10.2 /movier/api/User/login?token=asdqwe
INFO: [ app_init ] --START--
INFO: Run Behavior\BuildLiteBehavior [ RunTime:0.000021s ]
INFO: [ app_init ] --END-- [ RunTime:0.038762s ]
INFO: [ app_begin ] --START--
INFO: Run Behavior\ReadHtmlCacheBehavior [ RunTime:0.013366s ]
INFO: [ app_begin ] --END-- [ RunTime:0.013474s ]
NOTIC: [2048] Declaration of Api\Controller\CommonController::error() should be compatible with Think\Controller::error($message = '', $jumpUrl = '', $ajax = false) D:\Develop\WWW\movier\api\Application\Api\Controller\CommonController.class.php 第 142 行.
NOTIC: [2048] Declaration of Api\Controller\CommonController::success() should be compatible with Think\Controller::success($message = '', $jumpUrl = '', $ajax = false) D:\Develop\WWW\movier\api\Application\Api\Controller\CommonController.class.php 第 142 行.
SQL: SHOW COLUMNS FROM `users` [ RunTime:0.0857s ]
SQL: SELECT * FROM `users` WHERE `mobile` = '18620081053' LIMIT 1   [ RunTime:0.0176s ]

[ 2016-05-28T16:59:03+08:00 ] 172.20.10.1 /movier/api/User/login?token=asdqwe
INFO: [ app_init ] --START--
INFO: Run Behavior\BuildLiteBehavior [ RunTime:0.000016s ]
INFO: [ app_init ] --END-- [ RunTime:0.000510s ]
INFO: [ app_begin ] --START--
INFO: Run Behavior\ReadHtmlCacheBehavior [ RunTime:0.000719s ]
INFO: [ app_begin ] --END-- [ RunTime:0.000805s ]
NOTIC: [2048] Declaration of Api\Controller\CommonController::error() should be compatible with Think\Controller::error($message = '', $jumpUrl = '', $ajax = false) D:\Develop\WWW\movier\api\Application\Api\Controller\CommonController.class.php 第 142 行.
NOTIC: [2048] Declaration of Api\Controller\CommonController::success() should be compatible with Think\Controller::success($message = '', $jumpUrl = '', $ajax = false) D:\Develop\WWW\movier\api\Application\Api\Controller\CommonController.class.php 第 142 行.
SQL: SHOW COLUMNS FROM `users` [ RunTime:0.0042s ]
SQL: SELECT * FROM `users` WHERE `mobile` = '18620081053' LIMIT 1   [ RunTime:0.0004s ]

[ 2016-05-28T16:59:27+08:00 ] 172.20.10.1 /movier/api/Publish/getlist?token=asdqwe
INFO: [ app_init ] --START--
INFO: Run Behavior\BuildLiteBehavior [ RunTime:0.000016s ]
INFO: [ app_init ] --END-- [ RunTime:0.000512s ]
INFO: [ app_begin ] --START--
INFO: Run Behavior\ReadHtmlCacheBehavior [ RunTime:0.000604s ]
INFO: [ app_begin ] --END-- [ RunTime:0.000664s ]
NOTIC: [2048] Declaration of Api\Controller\CommonController::error() should be compatible with Think\Controller::error($message = '', $jumpUrl = '', $ajax = false) D:\Develop\WWW\movier\api\Application\Api\Controller\CommonController.class.php 第 142 行.
NOTIC: [2048] Declaration of Api\Controller\CommonController::success() should be compatible with Think\Controller::success($message = '', $jumpUrl = '', $ajax = false) D:\Develop\WWW\movier\api\Application\Api\Controller\CommonController.class.php 第 142 行.
SQL: SHOW COLUMNS FROM `publish` [ RunTime:0.0291s ]
NOTIC: [8] Undefined index: sortrule D:\Develop\WWW\movier\api\Application\Api\Model\PublishModel.class.php 第 107 行.
SQL: SELECT publish.*,users.nickname,users.sex,users.headpic,users.start,'http://192.168.1.6/movier/statics/uploads/' as _url FROM `publish` LEFT JOIN users on users.user_id =publish.user_id  WHERE `publishtype` = 'demand' ORDER BY publish_id desc LIMIT 0,6   [ RunTime:0.0020s ]
SQL: SHOW COLUMNS FROM `photos` [ RunTime:0.0229s ]
SQL: SELECT `photo_folder`,`photo_name`,`photo_type` FROM `photos` WHERE ( source_id=8 ) LIMIT 6   [ RunTime:0.0004s ]

[ 2016-05-28T16:59:31+08:00 ] 172.20.10.1 /movier/api/Publish/getlist?token=asdqwe
INFO: [ app_init ] --START--
INFO: Run Behavior\BuildLiteBehavior [ RunTime:0.000016s ]
INFO: [ app_init ] --END-- [ RunTime:0.000517s ]
INFO: [ app_begin ] --START--
INFO: Run Behavior\ReadHtmlCacheBehavior [ RunTime:0.000606s ]
INFO: [ app_begin ] --END-- [ RunTime:0.000667s ]
NOTIC: [2048] Declaration of Api\Controller\CommonController::error() should be compatible with Think\Controller::error($message = '', $jumpUrl = '', $ajax = false) D:\Develop\WWW\movier\api\Application\Api\Controller\CommonController.class.php 第 142 行.
NOTIC: [2048] Declaration of Api\Controller\CommonController::success() should be compatible with Think\Controller::success($message = '', $jumpUrl = '', $ajax = false) D:\Develop\WWW\movier\api\Application\Api\Controller\CommonController.class.php 第 142 行.
SQL: SHOW COLUMNS FROM `publish` [ RunTime:0.0044s ]
NOTIC: [8] Undefined index: sortrule D:\Develop\WWW\movier\api\Application\Api\Model\PublishModel.class.php 第 107 行.
SQL: SELECT publish.*,users.nickname,users.sex,users.headpic,users.start,'http://192.168.1.6/movier/statics/uploads/' as _url FROM `publish` LEFT JOIN users on users.user_id =publish.user_id  WHERE `publishtype` = 'demand' ORDER BY publish_id desc LIMIT 6,6   [ RunTime:0.0006s ]
SQL: SHOW COLUMNS FROM `photos` [ RunTime:0.0041s ]

[ 2016-05-28T16:59:35+08:00 ] 172.20.10.1 /movier/api/Publish/getlist?token=asdqwe
INFO: [ app_init ] --START--
INFO: Run Behavior\BuildLiteBehavior [ RunTime:0.000015s ]
INFO: [ app_init ] --END-- [ RunTime:0.000512s ]
INFO: [ app_begin ] --START--
INFO: Run Behavior\ReadHtmlCacheBehavior [ RunTime:0.000610s ]
INFO: [ app_begin ] --END-- [ RunTime:0.000670s ]
NOTIC: [2048] Declaration of Api\Controller\CommonController::error() should be compatible with Think\Controller::error($message = '', $jumpUrl = '', $ajax = false) D:\Develop\WWW\movier\api\Application\Api\Controller\CommonController.class.php 第 142 行.
NOTIC: [2048] Declaration of Api\Controller\CommonController::success() should be compatible with Think\Controller::success($message = '', $jumpUrl = '', $ajax = false) D:\Develop\WWW\movier\api\Application\Api\Controller\CommonController.class.php 第 142 行.
SQL: SHOW COLUMNS FROM `publish` [ RunTime:0.0047s ]
NOTIC: [8] Undefined index: sortrule D:\Develop\WWW\movier\api\Application\Api\Model\PublishModel.class.php 第 107 行.
SQL: SELECT publish.*,users.nickname,users.sex,users.headpic,users.start,'http://192.168.1.6/movier/statics/uploads/' as _url FROM `publish` LEFT JOIN users on users.user_id =publish.user_id  WHERE `publishtype` = 'demand' ORDER BY publish_id desc LIMIT 0,6   [ RunTime:0.0006s ]
SQL: SHOW COLUMNS FROM `photos` [ RunTime:0.0038s ]
SQL: SELECT `photo_folder`,`photo_name`,`photo_type` FROM `photos` WHERE ( source_id=8 ) LIMIT 6   [ RunTime:0.0003s ]

[ 2016-05-28T16:59:37+08:00 ] 172.20.10.1 /movier/api/Publish/getlist?token=asdqwe
INFO: [ app_init ] --START--
INFO: Run Behavior\BuildLiteBehavior [ RunTime:0.000015s ]
INFO: [ app_init ] --END-- [ RunTime:0.000513s ]
INFO: [ app_begin ] --START--
INFO: Run Behavior\ReadHtmlCacheBehavior [ RunTime:0.000670s ]
INFO: [ app_begin ] --END-- [ RunTime:0.000731s ]
NOTIC: [2048] Declaration of Api\Controller\CommonController::error() should be compatible with Think\Controller::error($message = '', $jumpUrl = '', $ajax = false) D:\Develop\WWW\movier\api\Application\Api\Controller\CommonController.class.php 第 142 行.
NOTIC: [2048] Declaration of Api\Controller\CommonController::success() should be compatible with Think\Controller::success($message = '', $jumpUrl = '', $ajax = false) D:\Develop\WWW\movier\api\Application\Api\Controller\CommonController.class.php 第 142 行.
SQL: SHOW COLUMNS FROM `publish` [ RunTime:0.0045s ]
NOTIC: [8] Undefined index: sortrule D:\Develop\WWW\movier\api\Application\Api\Model\PublishModel.class.php 第 107 行.
SQL: SELECT publish.*,users.nickname,users.sex,users.headpic,users.start,'http://192.168.1.6/movier/statics/uploads/' as _url FROM `publish` LEFT JOIN users on users.user_id =publish.user_id  WHERE `publishtype` = 'demand' ORDER BY publish_id desc LIMIT 0,6   [ RunTime:0.0006s ]
SQL: SHOW COLUMNS FROM `photos` [ RunTime:0.0038s ]
SQL: SELECT `photo_folder`,`photo_name`,`photo_type` FROM `photos` WHERE ( source_id=8 ) LIMIT 6   [ RunTime:0.0003s ]

[ 2016-05-28T16:59:39+08:00 ] 172.20.10.1 /movier/api/Publish/getlist?token=asdqwe
INFO: [ app_init ] --START--
INFO: Run Behavior\BuildLiteBehavior [ RunTime:0.000015s ]
INFO: [ app_init ] --END-- [ RunTime:0.000509s ]
INFO: [ app_begin ] --START--
INFO: Run Behavior\ReadHtmlCacheBehavior [ RunTime:0.000603s ]
INFO: [ app_begin ] --END-- [ RunTime:0.000663s ]
NOTIC: [2048] Declaration of Api\Controller\CommonController::error() should be compatible with Think\Controller::error($message = '', $jumpUrl = '', $ajax = false) D:\Develop\WWW\movier\api\Application\Api\Controller\CommonController.class.php 第 142 行.
NOTIC: [2048] Declaration of Api\Controller\CommonController::success() should be compatible with Think\Controller::success($message = '', $jumpUrl = '', $ajax = false) D:\Develop\WWW\movier\api\Application\Api\Controller\CommonController.class.php 第 142 行.
SQL: SHOW COLUMNS FROM `publish` [ RunTime:0.0046s ]
NOTIC: [8] Undefined index: sortrule D:\Develop\WWW\movier\api\Application\Api\Model\PublishModel.class.php 第 107 行.
SQL: SELECT publish.*,users.nickname,users.sex,users.headpic,users.start,'http://192.168.1.6/movier/statics/uploads/' as _url FROM `publish` LEFT JOIN users on users.user_id =publish.user_id  WHERE `publishtype` = 'demand' ORDER BY publish_id desc LIMIT 0,6   [ RunTime:0.0006s ]
SQL: SHOW COLUMNS FROM `photos` [ RunTime:0.0038s ]
SQL: SELECT `photo_folder`,`photo_name`,`photo_type` FROM `photos` WHERE ( source_id=8 ) LIMIT 6   [ RunTime:0.0003s ]

[ 2016-05-28T16:59:44+08:00 ] 172.20.10.1 /movier/api/Publish/getlist?token=asdqwe
INFO: [ app_init ] --START--
INFO: Run Behavior\BuildLiteBehavior [ RunTime:0.000016s ]
INFO: [ app_init ] --END-- [ RunTime:0.000505s ]
INFO: [ app_begin ] --START--
INFO: Run Behavior\ReadHtmlCacheBehavior [ RunTime:0.000591s ]
INFO: [ app_begin ] --END-- [ RunTime:0.000650s ]
NOTIC: [2048] Declaration of Api\Controller\CommonController::error() should be compatible with Think\Controller::error($message = '', $jumpUrl = '', $ajax = false) D:\Develop\WWW\movier\api\Application\Api\Controller\CommonController.class.php 第 142 行.
NOTIC: [2048] Declaration of Api\Controller\CommonController::success() should be compatible with Think\Controller::success($message = '', $jumpUrl = '', $ajax = false) D:\Develop\WWW\movier\api\Application\Api\Controller\CommonController.class.php 第 142 行.
SQL: SHOW COLUMNS FROM `publish` [ RunTime:0.0071s ]
NOTIC: [8] Undefined index: sortrule D:\Develop\WWW\movier\api\Application\Api\Model\PublishModel.class.php 第 107 行.
SQL: SELECT publish.*,users.nickname,users.sex,users.headpic,users.start,'http://192.168.1.6/movier/statics/uploads/' as _url FROM `publish` LEFT JOIN users on users.user_id =publish.user_id  WHERE `publishtype` = 'demand' ORDER BY publish_id desc LIMIT 0,6   [ RunTime:0.0006s ]
SQL: SHOW COLUMNS FROM `photos` [ RunTime:0.0034s ]
SQL: SELECT `photo_folder`,`photo_name`,`photo_type` FROM `photos` WHERE ( source_id=8 ) LIMIT 6   [ RunTime:0.0003s ]

[ 2016-05-28T16:59:45+08:00 ] 172.20.10.1 /movier/api/Publish/getdetail?token=asdqwe
INFO: [ app_init ] --START--
INFO: Run Behavior\BuildLiteBehavior [ RunTime:0.000016s ]
INFO: [ app_init ] --END-- [ RunTime:0.000536s ]
INFO: [ app_begin ] --START--
INFO: Run Behavior\ReadHtmlCacheBehavior [ RunTime:0.000605s ]
INFO: [ app_begin ] --END-- [ RunTime:0.000665s ]
NOTIC: [2048] Declaration of Api\Controller\CommonController::error() should be compatible with Think\Controller::error($message = '', $jumpUrl = '', $ajax = false) D:\Develop\WWW\movier\api\Application\Api\Controller\CommonController.class.php 第 142 行.
NOTIC: [2048] Declaration of Api\Controller\CommonController::success() should be compatible with Think\Controller::success($message = '', $jumpUrl = '', $ajax = false) D:\Develop\WWW\movier\api\Application\Api\Controller\CommonController.class.php 第 142 行.
SQL: SHOW COLUMNS FROM `publish` [ RunTime:0.0044s ]
SQL: SELECT * FROM `publish` WHERE ( publish_id=8 ) LIMIT 1   [ RunTime:0.0005s ]
SQL: SHOW COLUMNS FROM `photos` [ RunTime:0.0037s ]
SQL: SHOW COLUMNS FROM `users` [ RunTime:0.0037s ]
SQL: SELECT `nickname`,`mobile`,`sex`,`headpic`,`start` FROM `users` WHERE ( user_id=31 ) LIMIT 1   [ RunTime:0.0003s ]
SQL: SELECT `photo_folder`,`photo_name`,`photo_type`,'http://192.168.1.6/movier/statics/uploads/' as _url FROM `photos` WHERE ( source_id=8 )  [ RunTime:0.0003s ]

[ 2016-05-28T16:59:53+08:00 ] 172.20.10.1 /movier/api/Publish/getdetail?token=asdqwe
INFO: [ app_init ] --START--
INFO: Run Behavior\BuildLiteBehavior [ RunTime:0.000016s ]
INFO: [ app_init ] --END-- [ RunTime:0.000549s ]
INFO: [ app_begin ] --START--
INFO: Run Behavior\ReadHtmlCacheBehavior [ RunTime:0.000605s ]
INFO: [ app_begin ] --END-- [ RunTime:0.000666s ]
NOTIC: [2048] Declaration of Api\Controller\CommonController::error() should be compatible with Think\Controller::error($message = '', $jumpUrl = '', $ajax = false) D:\Develop\WWW\movier\api\Application\Api\Controller\CommonController.class.php 第 142 行.
NOTIC: [2048] Declaration of Api\Controller\CommonController::success() should be compatible with Think\Controller::success($message = '', $jumpUrl = '', $ajax = false) D:\Develop\WWW\movier\api\Application\Api\Controller\CommonController.class.php 第 142 行.
SQL: SHOW COLUMNS FROM `publish` [ RunTime:0.0047s ]
SQL: SELECT * FROM `publish` WHERE ( publish_id=8 ) LIMIT 1   [ RunTime:0.0005s ]
SQL: SHOW COLUMNS FROM `photos` [ RunTime:0.0042s ]
SQL: SHOW COLUMNS FROM `users` [ RunTime:0.0040s ]
SQL: SELECT `nickname`,`mobile`,`sex`,`headpic`,`start` FROM `users` WHERE ( user_id=31 ) LIMIT 1   [ RunTime:0.0004s ]
SQL: SELECT `photo_folder`,`photo_name`,`photo_type`,'http://192.168.1.6/movier/statics/uploads/' as _url FROM `photos` WHERE ( source_id=8 )  [ RunTime:0.0003s ]

[ 2016-05-28T16:59:57+08:00 ] 172.20.10.1 /movier/api/Publish/getlist?token=asdqwe
INFO: [ app_init ] --START--
INFO: Run Behavior\BuildLiteBehavior [ RunTime:0.000017s ]
INFO: [ app_init ] --END-- [ RunTime:0.000491s ]
INFO: [ app_begin ] --START--
INFO: Run Behavior\ReadHtmlCacheBehavior [ RunTime:0.000647s ]
INFO: [ app_begin ] --END-- [ RunTime:0.000711s ]
NOTIC: [2048] Declaration of Api\Controller\CommonController::error() should be compatible with Think\Controller::error($message = '', $jumpUrl = '', $ajax = false) D:\Develop\WWW\movier\api\Application\Api\Controller\CommonController.class.php 第 142 行.
NOTIC: [2048] Declaration of Api\Controller\CommonController::success() should be compatible with Think\Controller::success($message = '', $jumpUrl = '', $ajax = false) D:\Develop\WWW\movier\api\Application\Api\Controller\CommonController.class.php 第 142 行.
SQL: SHOW COLUMNS FROM `publish` [ RunTime:0.0046s ]
NOTIC: [8] Undefined index: sortrule D:\Develop\WWW\movier\api\Application\Api\Model\PublishModel.class.php 第 107 行.
SQL: SELECT publish.*,users.nickname,users.sex,users.headpic,users.start,'http://192.168.1.6/movier/statics/uploads/' as _url FROM `publish` LEFT JOIN users on users.user_id =publish.user_id  WHERE `publishtype` = 'demand' ORDER BY publish_id desc LIMIT 0,6   [ RunTime:0.0006s ]
SQL: SHOW COLUMNS FROM `photos` [ RunTime:0.0038s ]
SQL: SELECT `photo_folder`,`photo_name`,`photo_type` FROM `photos` WHERE ( source_id=8 ) LIMIT 6   [ RunTime:0.0003s ]

[ 2016-05-28T17:00:01+08:00 ] 172.20.10.1 /movier/api/Publish/getlist?token=asdqwe
INFO: [ app_init ] --START--
INFO: Run Behavior\BuildLiteBehavior [ RunTime:0.000018s ]
INFO: [ app_init ] --END-- [ RunTime:0.000601s ]
INFO: [ app_begin ] --START--
INFO: Run Behavior\ReadHtmlCacheBehavior [ RunTime:0.000608s ]
INFO: [ app_begin ] --END-- [ RunTime:0.000669s ]
NOTIC: [2048] Declaration of Api\Controller\CommonController::error() should be compatible with Think\Controller::error($message = '', $jumpUrl = '', $ajax = false) D:\Develop\WWW\movier\api\Application\Api\Controller\CommonController.class.php 第 142 行.
NOTIC: [2048] Declaration of Api\Controller\CommonController::success() should be compatible with Think\Controller::success($message = '', $jumpUrl = '', $ajax = false) D:\Develop\WWW\movier\api\Application\Api\Controller\CommonController.class.php 第 142 行.
SQL: SHOW COLUMNS FROM `publish` [ RunTime:0.0041s ]
NOTIC: [8] Undefined index: sortrule D:\Develop\WWW\movier\api\Application\Api\Model\PublishModel.class.php 第 107 行.
SQL: SELECT publish.*,users.nickname,users.sex,users.headpic,users.start,'http://192.168.1.6/movier/statics/uploads/' as _url FROM `publish` LEFT JOIN users on users.user_id =publish.user_id  WHERE `publishtype` = 'demand' AND `style` = '0' ORDER BY publish_id desc LIMIT 0,6   [ RunTime:0.0007s ]
SQL: SHOW COLUMNS FROM `photos` [ RunTime:0.0038s ]

[ 2016-05-28T17:00:07+08:00 ] 172.20.10.1 /movier/api/Publish/getlist?token=asdqwe
INFO: [ app_init ] --START--
INFO: Run Behavior\BuildLiteBehavior [ RunTime:0.000017s ]
INFO: [ app_init ] --END-- [ RunTime:0.000576s ]
INFO: [ app_begin ] --START--
INFO: Run Behavior\ReadHtmlCacheBehavior [ RunTime:0.000613s ]
INFO: [ app_begin ] --END-- [ RunTime:0.000673s ]
NOTIC: [2048] Declaration of Api\Controller\CommonController::error() should be compatible with Think\Controller::error($message = '', $jumpUrl = '', $ajax = false) D:\Develop\WWW\movier\api\Application\Api\Controller\CommonController.class.php 第 142 行.
NOTIC: [2048] Declaration of Api\Controller\CommonController::success() should be compatible with Think\Controller::success($message = '', $jumpUrl = '', $ajax = false) D:\Develop\WWW\movier\api\Application\Api\Controller\CommonController.class.php 第 142 行.
SQL: SHOW COLUMNS FROM `publish` [ RunTime:0.0048s ]
NOTIC: [8] Undefined index: sortrule D:\Develop\WWW\movier\api\Application\Api\Model\PublishModel.class.php 第 107 行.
SQL: SELECT publish.*,users.nickname,users.sex,users.headpic,users.start,'http://192.168.1.6/movier/statics/uploads/' as _url FROM `publish` LEFT JOIN users on users.user_id =publish.user_id  WHERE `publishtype` = 'demand' AND `style` = '0' ORDER BY publish_id desc LIMIT 0,6   [ RunTime:0.0006s ]
SQL: SHOW COLUMNS FROM `photos` [ RunTime:0.0039s ]

[ 2016-05-28T17:00:11+08:00 ] 172.20.10.1 /movier/api/Publish/getlist?token=asdqwe
INFO: [ app_init ] --START--
INFO: Run Behavior\BuildLiteBehavior [ RunTime:0.000015s ]
INFO: [ app_init ] --END-- [ RunTime:0.000514s ]
INFO: [ app_begin ] --START--
INFO: Run Behavior\ReadHtmlCacheBehavior [ RunTime:0.000604s ]
INFO: [ app_begin ] --END-- [ RunTime:0.000664s ]
NOTIC: [2048] Declaration of Api\Controller\CommonController::error() should be compatible with Think\Controller::error($message = '', $jumpUrl = '', $ajax = false) D:\Develop\WWW\movier\api\Application\Api\Controller\CommonController.class.php 第 142 行.
NOTIC: [2048] Declaration of Api\Controller\CommonController::success() should be compatible with Think\Controller::success($message = '', $jumpUrl = '', $ajax = false) D:\Develop\WWW\movier\api\Application\Api\Controller\CommonController.class.php 第 142 行.
SQL: SHOW COLUMNS FROM `publish` [ RunTime:0.0045s ]
NOTIC: [8] Undefined index: sortrule D:\Develop\WWW\movier\api\Application\Api\Model\PublishModel.class.php 第 107 行.
SQL: SELECT publish.*,users.nickname,users.sex,users.headpic,users.start,'http://192.168.1.6/movier/statics/uploads/' as _url FROM `publish` LEFT JOIN users on users.user_id =publish.user_id  WHERE `publishtype` = 'demand' ORDER BY publish_id desc LIMIT 0,6   [ RunTime:0.0006s ]
SQL: SHOW COLUMNS FROM `photos` [ RunTime:0.0038s ]
SQL: SELECT `photo_folder`,`photo_name`,`photo_type` FROM `photos` WHERE ( source_id=8 ) LIMIT 6   [ RunTime:0.0003s ]

[ 2016-05-28T17:00:12+08:00 ] 172.20.10.1 /movier/api/Publish/getdetail?token=asdqwe
INFO: [ app_init ] --START--
INFO: Run Behavior\BuildLiteBehavior [ RunTime:0.000016s ]
INFO: [ app_init ] --END-- [ RunTime:0.000518s ]
INFO: [ app_begin ] --START--
INFO: Run Behavior\ReadHtmlCacheBehavior [ RunTime:0.000634s ]
INFO: [ app_begin ] --END-- [ RunTime:0.000694s ]
NOTIC: [2048] Declaration of Api\Controller\CommonController::error() should be compatible with Think\Controller::error($message = '', $jumpUrl = '', $ajax = false) D:\Develop\WWW\movier\api\Application\Api\Controller\CommonController.class.php 第 142 行.
NOTIC: [2048] Declaration of Api\Controller\CommonController::success() should be compatible with Think\Controller::success($message = '', $jumpUrl = '', $ajax = false) D:\Develop\WWW\movier\api\Application\Api\Controller\CommonController.class.php 第 142 行.
SQL: SHOW COLUMNS FROM `publish` [ RunTime:0.0046s ]
SQL: SELECT * FROM `publish` WHERE ( publish_id=8 ) LIMIT 1   [ RunTime:0.0006s ]
SQL: SHOW COLUMNS FROM `photos` [ RunTime:0.0040s ]
SQL: SHOW COLUMNS FROM `users` [ RunTime:0.0037s ]
SQL: SELECT `nickname`,`mobile`,`sex`,`headpic`,`start` FROM `users` WHERE ( user_id=31 ) LIMIT 1   [ RunTime:0.0003s ]
SQL: SELECT `photo_folder`,`photo_name`,`photo_type`,'http://192.168.1.6/movier/statics/uploads/' as _url FROM `photos` WHERE ( source_id=8 )  [ RunTime:0.0003s ]

[ 2016-05-28T17:02:18+08:00 ] 172.20.10.1 /movier/api/Publish/getdetail?token=asdqwe
INFO: [ app_init ] --START--
INFO: Run Behavior\BuildLiteBehavior [ RunTime:0.000018s ]
INFO: [ app_init ] --END-- [ RunTime:0.000645s ]
INFO: [ app_begin ] --START--
INFO: Run Behavior\ReadHtmlCacheBehavior [ RunTime:0.000722s ]
INFO: [ app_begin ] --END-- [ RunTime:0.000784s ]
NOTIC: [2048] Declaration of Api\Controller\CommonController::error() should be compatible with Think\Controller::error($message = '', $jumpUrl = '', $ajax = false) D:\Develop\WWW\movier\api\Application\Api\Controller\CommonController.class.php 第 142 行.
NOTIC: [2048] Declaration of Api\Controller\CommonController::success() should be compatible with Think\Controller::success($message = '', $jumpUrl = '', $ajax = false) D:\Develop\WWW\movier\api\Application\Api\Controller\CommonController.class.php 第 142 行.
SQL: SHOW COLUMNS FROM `publish` [ RunTime:1.7211s ]
SQL: SELECT * FROM `publish` WHERE ( publish_id=8 ) LIMIT 1   [ RunTime:0.0006s ]
SQL: SHOW COLUMNS FROM `photos` [ RunTime:0.0044s ]
SQL: SHOW COLUMNS FROM `users` [ RunTime:0.0043s ]
SQL: SELECT `nickname`,`mobile`,`sex`,`headpic`,`start` FROM `users` WHERE ( user_id=31 ) LIMIT 1   [ RunTime:0.0004s ]
SQL: SELECT `photo_folder`,`photo_name`,`photo_type`,'http://192.168.1.6/movier/statics/uploads/' as _url FROM `photos` WHERE ( source_id=8 )  [ RunTime:0.0003s ]

[ 2016-05-28T17:02:20+08:00 ] 172.20.10.1 /movier/api/Publish/getdetail?token=asdqwe
INFO: [ app_init ] --START--
INFO: Run Behavior\BuildLiteBehavior [ RunTime:0.000016s ]
INFO: [ app_init ] --END-- [ RunTime:0.000539s ]
INFO: [ app_begin ] --START--
INFO: Run Behavior\ReadHtmlCacheBehavior [ RunTime:0.000630s ]
INFO: [ app_begin ] --END-- [ RunTime:0.000693s ]
NOTIC: [2048] Declaration of Api\Controller\CommonController::error() should be compatible with Think\Controller::error($message = '', $jumpUrl = '', $ajax = false) D:\Develop\WWW\movier\api\Application\Api\Controller\CommonController.class.php 第 142 行.
NOTIC: [2048] Declaration of Api\Controller\CommonController::success() should be compatible with Think\Controller::success($message = '', $jumpUrl = '', $ajax = false) D:\Develop\WWW\movier\api\Application\Api\Controller\CommonController.class.php 第 142 行.
SQL: SHOW COLUMNS FROM `publish` [ RunTime:0.0049s ]
SQL: SELECT * FROM `publish` WHERE ( publish_id=8 ) LIMIT 1   [ RunTime:0.0005s ]
SQL: SHOW COLUMNS FROM `photos` [ RunTime:0.0043s ]
SQL: SHOW COLUMNS FROM `users` [ RunTime:0.0043s ]
SQL: SELECT `nickname`,`mobile`,`sex`,`headpic`,`start` FROM `users` WHERE ( user_id=31 ) LIMIT 1   [ RunTime:0.0003s ]
SQL: SELECT `photo_folder`,`photo_name`,`photo_type`,'http://192.168.1.6/movier/statics/uploads/' as _url FROM `photos` WHERE ( source_id=8 )  [ RunTime:0.0003s ]

[ 2016-05-28T17:02:21+08:00 ] 172.20.10.1 /movier/api/Publish/getdetail?token=asdqwe
INFO: [ app_init ] --START--
INFO: Run Behavior\BuildLiteBehavior [ RunTime:0.000016s ]
INFO: [ app_init ] --END-- [ RunTime:0.000491s ]
INFO: [ app_begin ] --START--
INFO: Run Behavior\ReadHtmlCacheBehavior [ RunTime:0.000578s ]
INFO: [ app_begin ] --END-- [ RunTime:0.000638s ]
NOTIC: [2048] Declaration of Api\Controller\CommonController::error() should be compatible with Think\Controller::error($message = '', $jumpUrl = '', $ajax = false) D:\Develop\WWW\movier\api\Application\Api\Controller\CommonController.class.php 第 142 行.
NOTIC: [2048] Declaration of Api\Controller\CommonController::success() should be compatible with Think\Controller::success($message = '', $jumpUrl = '', $ajax = false) D:\Develop\WWW\movier\api\Application\Api\Controller\CommonController.class.php 第 142 行.
SQL: SHOW COLUMNS FROM `publish` [ RunTime:0.0051s ]
SQL: SELECT * FROM `publish` WHERE ( publish_id=8 ) LIMIT 1   [ RunTime:0.0005s ]
SQL: SHOW COLUMNS FROM `photos` [ RunTime:0.0246s ]
SQL: SHOW COLUMNS FROM `users` [ RunTime:0.0042s ]
SQL: SELECT `nickname`,`mobile`,`sex`,`headpic`,`start` FROM `users` WHERE ( user_id=31 ) LIMIT 1   [ RunTime:0.0004s ]
SQL: SELECT `photo_folder`,`photo_name`,`photo_type`,'http://192.168.1.6/movier/statics/uploads/' as _url FROM `photos` WHERE ( source_id=8 )  [ RunTime:0.0003s ]

[ 2016-05-28T17:02:29+08:00 ] 172.20.10.1 /movier/api/Publish/getlist?token=asdqwe
INFO: [ app_init ] --START--
INFO: Run Behavior\BuildLiteBehavior [ RunTime:0.000017s ]
INFO: [ app_init ] --END-- [ RunTime:0.000488s ]
INFO: [ app_begin ] --START--
INFO: Run Behavior\ReadHtmlCacheBehavior [ RunTime:0.000590s ]
INFO: [ app_begin ] --END-- [ RunTime:0.000650s ]
NOTIC: [2048] Declaration of Api\Controller\CommonController::error() should be compatible with Think\Controller::error($message = '', $jumpUrl = '', $ajax = false) D:\Develop\WWW\movier\api\Application\Api\Controller\CommonController.class.php 第 142 行.
NOTIC: [2048] Declaration of Api\Controller\CommonController::success() should be compatible with Think\Controller::success($message = '', $jumpUrl = '', $ajax = false) D:\Develop\WWW\movier\api\Application\Api\Controller\CommonController.class.php 第 142 行.
SQL: SHOW COLUMNS FROM `publish` [ RunTime:0.0050s ]
NOTIC: [8] Undefined index: sortrule D:\Develop\WWW\movier\api\Application\Api\Model\PublishModel.class.php 第 107 行.
SQL: SELECT publish.*,users.nickname,users.sex,users.headpic,users.start,'http://192.168.1.6/movier/statics/uploads/' as _url FROM `publish` LEFT JOIN users on users.user_id =publish.user_id  WHERE `publishtype` = 'works' ORDER BY publish_id desc LIMIT 0,6   [ RunTime:0.0009s ]
SQL: SHOW COLUMNS FROM `photos` [ RunTime:0.0045s ]
SQL: SELECT `photo_folder`,`photo_name`,`photo_type` FROM `photos` WHERE ( source_id=11 ) LIMIT 6   [ RunTime:0.0003s ]
SQL: SELECT `photo_folder`,`photo_name`,`photo_type` FROM `photos` WHERE ( source_id=10 ) LIMIT 6   [ RunTime:0.0003s ]
SQL: SELECT `photo_folder`,`photo_name`,`photo_type` FROM `photos` WHERE ( source_id=6 ) LIMIT 6   [ RunTime:0.0003s ]
SQL: SELECT `photo_folder`,`photo_name`,`photo_type` FROM `photos` WHERE ( source_id=5 ) LIMIT 6   [ RunTime:0.0002s ]
SQL: SELECT `photo_folder`,`photo_name`,`photo_type` FROM `photos` WHERE ( source_id=4 ) LIMIT 6   [ RunTime:0.0002s ]
SQL: SELECT `photo_folder`,`photo_name`,`photo_type` FROM `photos` WHERE ( source_id=3 ) LIMIT 6   [ RunTime:0.0002s ]

[ 2016-05-28T17:04:24+08:00 ] 172.20.10.1 /movier/api/Publish/getlist?token=asdqwe
INFO: [ app_init ] --START--
INFO: Run Behavior\BuildLiteBehavior [ RunTime:0.000016s ]
INFO: [ app_init ] --END-- [ RunTime:0.000521s ]
INFO: [ app_begin ] --START--
INFO: Run Behavior\ReadHtmlCacheBehavior [ RunTime:0.000713s ]
INFO: [ app_begin ] --END-- [ RunTime:0.000774s ]
NOTIC: [2048] Declaration of Api\Controller\CommonController::error() should be compatible with Think\Controller::error($message = '', $jumpUrl = '', $ajax = false) D:\Develop\WWW\movier\api\Application\Api\Controller\CommonController.class.php 第 142 行.
NOTIC: [2048] Declaration of Api\Controller\CommonController::success() should be compatible with Think\Controller::success($message = '', $jumpUrl = '', $ajax = false) D:\Develop\WWW\movier\api\Application\Api\Controller\CommonController.class.php 第 142 行.
SQL: SHOW COLUMNS FROM `publish` [ RunTime:0.0052s ]
NOTIC: [8] Undefined index: sortrule D:\Develop\WWW\movier\api\Application\Api\Model\PublishModel.class.php 第 107 行.
SQL: SELECT publish.*,users.nickname,users.sex,users.headpic,users.start,'http://172.20.10.2/movier/statics/uploads/' as _url FROM `publish` LEFT JOIN users on users.user_id =publish.user_id  WHERE `publishtype` = 'works' ORDER BY publish_id desc LIMIT 0,6   [ RunTime:0.0010s ]
SQL: SHOW COLUMNS FROM `photos` [ RunTime:0.0045s ]
SQL: SELECT `photo_folder`,`photo_name`,`photo_type` FROM `photos` WHERE ( source_id=11 ) LIMIT 6   [ RunTime:0.0003s ]
SQL: SELECT `photo_folder`,`photo_name`,`photo_type` FROM `photos` WHERE ( source_id=10 ) LIMIT 6   [ RunTime:0.0003s ]
SQL: SELECT `photo_folder`,`photo_name`,`photo_type` FROM `photos` WHERE ( source_id=6 ) LIMIT 6   [ RunTime:0.0002s ]
SQL: SELECT `photo_folder`,`photo_name`,`photo_type` FROM `photos` WHERE ( source_id=5 ) LIMIT 6   [ RunTime:0.0002s ]
SQL: SELECT `photo_folder`,`photo_name`,`photo_type` FROM `photos` WHERE ( source_id=4 ) LIMIT 6   [ RunTime:0.0002s ]
SQL: SELECT `photo_folder`,`photo_name`,`photo_type` FROM `photos` WHERE ( source_id=3 ) LIMIT 6   [ RunTime:0.0002s ]

[ 2016-05-28T17:04:28+08:00 ] 172.20.10.1 /movier/api/Publish/getdetail?token=asdqwe
INFO: [ app_init ] --START--
INFO: Run Behavior\BuildLiteBehavior [ RunTime:0.000016s ]
INFO: [ app_init ] --END-- [ RunTime:0.000527s ]
INFO: [ app_begin ] --START--
INFO: Run Behavior\ReadHtmlCacheBehavior [ RunTime:0.000595s ]
INFO: [ app_begin ] --END-- [ RunTime:0.000658s ]
NOTIC: [2048] Declaration of Api\Controller\CommonController::error() should be compatible with Think\Controller::error($message = '', $jumpUrl = '', $ajax = false) D:\Develop\WWW\movier\api\Application\Api\Controller\CommonController.class.php 第 142 行.
NOTIC: [2048] Declaration of Api\Controller\CommonController::success() should be compatible with Think\Controller::success($message = '', $jumpUrl = '', $ajax = false) D:\Develop\WWW\movier\api\Application\Api\Controller\CommonController.class.php 第 142 行.
SQL: SHOW COLUMNS FROM `publish` [ RunTime:0.0053s ]
SQL: SELECT * FROM `publish` WHERE ( publish_id=11 ) LIMIT 1   [ RunTime:0.0005s ]
SQL: SHOW COLUMNS FROM `photos` [ RunTime:0.0044s ]
SQL: SHOW COLUMNS FROM `users` [ RunTime:0.0043s ]
SQL: SELECT `nickname`,`mobile`,`sex`,`headpic`,`start` FROM `users` WHERE ( user_id=31 ) LIMIT 1   [ RunTime:0.0004s ]
SQL: SELECT `photo_folder`,`photo_name`,`photo_type`,'http://172.20.10.2/movier/statics/uploads/' as _url FROM `photos` WHERE ( source_id=11 )  [ RunTime:0.0003s ]

[ 2016-05-28T17:13:21+08:00 ] 172.20.10.2 /movier/api/User/login?token=asdqwe
INFO: [ app_init ] --START--
INFO: Run Behavior\BuildLiteBehavior [ RunTime:0.000017s ]
INFO: [ app_init ] --END-- [ RunTime:0.000541s ]
INFO: [ app_begin ] --START--
INFO: Run Behavior\ReadHtmlCacheBehavior [ RunTime:0.000893s ]
INFO: [ app_begin ] --END-- [ RunTime:0.000976s ]
NOTIC: [2048] Declaration of Api\Controller\CommonController::error() should be compatible with Think\Controller::error($message = '', $jumpUrl = '', $ajax = false) D:\Develop\WWW\movier\api\Application\Api\Controller\CommonController.class.php 第 142 行.
NOTIC: [2048] Declaration of Api\Controller\CommonController::success() should be compatible with Think\Controller::success($message = '', $jumpUrl = '', $ajax = false) D:\Develop\WWW\movier\api\Application\Api\Controller\CommonController.class.php 第 142 行.
SQL: SHOW COLUMNS FROM `users` [ RunTime:1.7229s ]
SQL: SELECT * FROM `users` WHERE `mobile` = '18620081053' LIMIT 1   [ RunTime:0.0004s ]

[ 2016-05-28T17:15:12+08:00 ] 172.20.10.1 /movier/api/Publish/getlist?token=asdqwe
INFO: [ app_init ] --START--
INFO: Run Behavior\BuildLiteBehavior [ RunTime:0.000016s ]
INFO: [ app_init ] --END-- [ RunTime:0.000508s ]
INFO: [ app_begin ] --START--
INFO: Run Behavior\ReadHtmlCacheBehavior [ RunTime:0.000608s ]
INFO: [ app_begin ] --END-- [ RunTime:0.000667s ]
NOTIC: [2048] Declaration of Api\Controller\CommonController::error() should be compatible with Think\Controller::error($message = '', $jumpUrl = '', $ajax = false) D:\Develop\WWW\movier\api\Application\Api\Controller\CommonController.class.php 第 142 行.
NOTIC: [2048] Declaration of Api\Controller\CommonController::success() should be compatible with Think\Controller::success($message = '', $jumpUrl = '', $ajax = false) D:\Develop\WWW\movier\api\Application\Api\Controller\CommonController.class.php 第 142 行.
SQL: SHOW COLUMNS FROM `publish` [ RunTime:0.0048s ]
NOTIC: [8] Undefined index: sortrule D:\Develop\WWW\movier\api\Application\Api\Model\PublishModel.class.php 第 107 行.
SQL: SELECT publish.*,users.nickname,users.sex,users.headpic,users.start,'http://172.20.10.2/movier/statics/uploads/' as _url FROM `publish` LEFT JOIN users on users.user_id =publish.user_id  WHERE `publishtype` = 'works' ORDER BY publish_id desc LIMIT 0,6   [ RunTime:0.0009s ]
SQL: SHOW COLUMNS FROM `photos` [ RunTime:0.0169s ]
SQL: SELECT `photo_folder`,`photo_name`,`photo_type` FROM `photos` WHERE ( source_id=11 ) LIMIT 6   [ RunTime:0.0003s ]
SQL: SELECT `photo_folder`,`photo_name`,`photo_type` FROM `photos` WHERE ( source_id=10 ) LIMIT 6   [ RunTime:0.0002s ]
SQL: SELECT `photo_folder`,`photo_name`,`photo_type` FROM `photos` WHERE ( source_id=6 ) LIMIT 6   [ RunTime:0.0002s ]
SQL: SELECT `photo_folder`,`photo_name`,`photo_type` FROM `photos` WHERE ( source_id=5 ) LIMIT 6   [ RunTime:0.0002s ]
SQL: SELECT `photo_folder`,`photo_name`,`photo_type` FROM `photos` WHERE ( source_id=4 ) LIMIT 6   [ RunTime:0.0002s ]
SQL: SELECT `photo_folder`,`photo_name`,`photo_type` FROM `photos` WHERE ( source_id=3 ) LIMIT 6   [ RunTime:0.0002s ]

[ 2016-05-28T17:15:15+08:00 ] 172.20.10.1 /movier/api/Publish/getdetail?token=asdqwe
INFO: [ app_init ] --START--
INFO: Run Behavior\BuildLiteBehavior [ RunTime:0.000016s ]
INFO: [ app_init ] --END-- [ RunTime:0.000510s ]
INFO: [ app_begin ] --START--
INFO: Run Behavior\ReadHtmlCacheBehavior [ RunTime:0.000595s ]
INFO: [ app_begin ] --END-- [ RunTime:0.000654s ]
NOTIC: [2048] Declaration of Api\Controller\CommonController::error() should be compatible with Think\Controller::error($message = '', $jumpUrl = '', $ajax = false) D:\Develop\WWW\movier\api\Application\Api\Controller\CommonController.class.php 第 142 行.
NOTIC: [2048] Declaration of Api\Controller\CommonController::success() should be compatible with Think\Controller::success($message = '', $jumpUrl = '', $ajax = false) D:\Develop\WWW\movier\api\Application\Api\Controller\CommonController.class.php 第 142 行.
SQL: SHOW COLUMNS FROM `publish` [ RunTime:0.0048s ]
SQL: SELECT * FROM `publish` WHERE ( publish_id=11 ) LIMIT 1   [ RunTime:0.0005s ]
SQL: SHOW COLUMNS FROM `photos` [ RunTime:0.0041s ]
SQL: SHOW COLUMNS FROM `users` [ RunTime:0.0042s ]
SQL: SELECT `nickname`,`mobile`,`sex`,`headpic`,`start` FROM `users` WHERE ( user_id=31 ) LIMIT 1   [ RunTime:0.0003s ]
SQL: SELECT `photo_folder`,`photo_name`,`photo_type`,'http://172.20.10.2/movier/statics/uploads/' as _url FROM `photos` WHERE ( source_id=11 )  [ RunTime:0.0003s ]

[ 2016-05-28T17:30:51+08:00 ] 172.20.10.1 /movier/api/Publish/getlist?token=asdqwe
INFO: [ app_init ] --START--
INFO: Run Behavior\BuildLiteBehavior [ RunTime:0.000016s ]
INFO: [ app_init ] --END-- [ RunTime:0.000554s ]
INFO: [ app_begin ] --START--
INFO: Run Behavior\ReadHtmlCacheBehavior [ RunTime:0.000705s ]
INFO: [ app_begin ] --END-- [ RunTime:0.000767s ]
NOTIC: [2048] Declaration of Api\Controller\CommonController::error() should be compatible with Think\Controller::error($message = '', $jumpUrl = '', $ajax = false) D:\Develop\WWW\movier\api\Application\Api\Controller\CommonController.class.php 第 142 行.
NOTIC: [2048] Declaration of Api\Controller\CommonController::success() should be compatible with Think\Controller::success($message = '', $jumpUrl = '', $ajax = false) D:\Develop\WWW\movier\api\Application\Api\Controller\CommonController.class.php 第 142 行.
SQL: SHOW COLUMNS FROM `publish` [ RunTime:1.7067s ]
NOTIC: [8] Undefined index: sortrule D:\Develop\WWW\movier\api\Application\Api\Model\PublishModel.class.php 第 107 行.
SQL: SELECT publish.*,users.nickname,users.sex,users.headpic,users.start,'http://172.20.10.2/movier/statics/uploads/' as _url FROM `publish` LEFT JOIN users on users.user_id =publish.user_id  WHERE `publishtype` = 'works' ORDER BY publish_id desc LIMIT 0,6   [ RunTime:0.0010s ]
SQL: SHOW COLUMNS FROM `photos` [ RunTime:0.0048s ]
SQL: SELECT `photo_folder`,`photo_name`,`photo_type` FROM `photos` WHERE ( source_id=11 ) LIMIT 6   [ RunTime:0.0004s ]
SQL: SELECT `photo_folder`,`photo_name`,`photo_type` FROM `photos` WHERE ( source_id=10 ) LIMIT 6   [ RunTime:0.0003s ]
SQL: SELECT `photo_folder`,`photo_name`,`photo_type` FROM `photos` WHERE ( source_id=6 ) LIMIT 6   [ RunTime:0.0003s ]
SQL: SELECT `photo_folder`,`photo_name`,`photo_type` FROM `photos` WHERE ( source_id=5 ) LIMIT 6   [ RunTime:0.0002s ]
SQL: SELECT `photo_folder`,`photo_name`,`photo_type` FROM `photos` WHERE ( source_id=4 ) LIMIT 6   [ RunTime:0.0002s ]
SQL: SELECT `photo_folder`,`photo_name`,`photo_type` FROM `photos` WHERE ( source_id=3 ) LIMIT 6   [ RunTime:0.0002s ]

[ 2016-05-28T17:30:52+08:00 ] 172.20.10.1 /movier/api/Publish/getdetail?token=asdqwe
INFO: [ app_init ] --START--
INFO: Run Behavior\BuildLiteBehavior [ RunTime:0.000016s ]
INFO: [ app_init ] --END-- [ RunTime:0.000488s ]
INFO: [ app_begin ] --START--
INFO: Run Behavior\ReadHtmlCacheBehavior [ RunTime:0.000574s ]
INFO: [ app_begin ] --END-- [ RunTime:0.000637s ]
NOTIC: [2048] Declaration of Api\Controller\CommonController::error() should be compatible with Think\Controller::error($message = '', $jumpUrl = '', $ajax = false) D:\Develop\WWW\movier\api\Application\Api\Controller\CommonController.class.php 第 142 行.
NOTIC: [2048] Declaration of Api\Controller\CommonController::success() should be compatible with Think\Controller::success($message = '', $jumpUrl = '', $ajax = false) D:\Develop\WWW\movier\api\Application\Api\Controller\CommonController.class.php 第 142 行.
SQL: SHOW COLUMNS FROM `publish` [ RunTime:0.0052s ]
SQL: SELECT * FROM `publish` WHERE ( publish_id=11 ) LIMIT 1   [ RunTime:0.0005s ]
SQL: SHOW COLUMNS FROM `photos` [ RunTime:0.0047s ]
SQL: SHOW COLUMNS FROM `users` [ RunTime:0.0043s ]
SQL: SELECT `nickname`,`mobile`,`sex`,`headpic`,`start` FROM `users` WHERE ( user_id=31 ) LIMIT 1   [ RunTime:0.0003s ]
SQL: SELECT `photo_folder`,`photo_name`,`photo_type`,'http://172.20.10.2/movier/statics/uploads/' as _url FROM `photos` WHERE ( source_id=11 )  [ RunTime:0.0003s ]

[ 2016-05-28T18:05:25+08:00 ] 172.20.10.1 /movier/api/Publish/getdetail?token=asdqwe
INFO: [ app_init ] --START--
INFO: Run Behavior\BuildLiteBehavior [ RunTime:0.000015s ]
INFO: [ app_init ] --END-- [ RunTime:0.000572s ]
INFO: [ app_begin ] --START--
INFO: Run Behavior\ReadHtmlCacheBehavior [ RunTime:0.000697s ]
INFO: [ app_begin ] --END-- [ RunTime:0.000758s ]
NOTIC: [2048] Declaration of Api\Controller\CommonController::error() should be compatible with Think\Controller::error($message = '', $jumpUrl = '', $ajax = false) D:\Develop\WWW\movier\api\Application\Api\Controller\CommonController.class.php 第 142 行.
NOTIC: [2048] Declaration of Api\Controller\CommonController::success() should be compatible with Think\Controller::success($message = '', $jumpUrl = '', $ajax = false) D:\Develop\WWW\movier\api\Application\Api\Controller\CommonController.class.php 第 142 行.
SQL: SHOW COLUMNS FROM `publish` [ RunTime:0.0050s ]
SQL: SELECT * FROM `publish` WHERE ( publish_id=11 ) LIMIT 1   [ RunTime:0.0005s ]
SQL: SHOW COLUMNS FROM `photos` [ RunTime:0.0042s ]
SQL: SHOW COLUMNS FROM `users` [ RunTime:0.0045s ]
SQL: SELECT `nickname`,`mobile`,`sex`,`headpic`,`start` FROM `users` WHERE ( user_id=31 ) LIMIT 1   [ RunTime:0.0003s ]
SQL: SELECT `photo_folder`,`photo_name`,`photo_type`,'http://172.20.10.2/movier/statics/uploads/' as _url FROM `photos` WHERE ( source_id=11 )  [ RunTime:0.0003s ]

