[ 2016-02-26T16:27:21+08:00 ] 192.168.1.102 /mlbspa/api/public/getsmscode?token=asdqwe
INFO: [ app_init ] --START--
INFO: Run Behavior\BuildLiteBehavior [ RunTime:0.000023s ]
INFO: [ app_init ] --END-- [ RunTime:0.043187s ]
INFO: [ app_begin ] --START--
INFO: Run Behavior\ReadHtmlCacheBehavior [ RunTime:0.012445s ]
INFO: [ app_begin ] --END-- [ RunTime:0.012532s ]
NOTIC: [2048] Declaration of Api\Controller\CommonController::error() should be compatible with Think\Controller::error($message = '', $jumpUrl = '', $ajax = false) D:\Develop\WWW\mlbspa\api\Application\Api\Controller\CommonController.class.php 第 142 行.
NOTIC: [2048] Declaration of Api\Controller\CommonController::success() should be compatible with Think\Controller::success($message = '', $jumpUrl = '', $ajax = false) D:\Develop\WWW\mlbspa\api\Application\Api\Controller\CommonController.class.php 第 142 行.

[ 2016-02-26T16:29:05+08:00 ] 192.168.1.102 /mlbspa/api/public/getsmscode?token=asdqwe
INFO: [ app_init ] --START--
INFO: Run Behavior\BuildLiteBehavior [ RunTime:0.000017s ]
INFO: [ app_init ] --END-- [ RunTime:0.000734s ]
INFO: [ app_begin ] --START--
INFO: Run Behavior\ReadHtmlCacheBehavior [ RunTime:0.000809s ]
INFO: [ app_begin ] --END-- [ RunTime:0.000869s ]
NOTIC: [2048] Declaration of Api\Controller\CommonController::error() should be compatible with Think\Controller::error($message = '', $jumpUrl = '', $ajax = false) D:\Develop\WWW\mlbspa\api\Application\Api\Controller\CommonController.class.php 第 142 行.
NOTIC: [2048] Declaration of Api\Controller\CommonController::success() should be compatible with Think\Controller::success($message = '', $jumpUrl = '', $ajax = false) D:\Develop\WWW\mlbspa\api\Application\Api\Controller\CommonController.class.php 第 142 行.

[ 2016-02-26T16:29:37+08:00 ] 192.168.1.102 /mlbspa/api/public/getsmscode?token=asdqwe
INFO: [ app_init ] --START--
INFO: Run Behavior\BuildLiteBehavior [ RunTime:0.000016s ]
INFO: [ app_init ] --END-- [ RunTime:0.000832s ]
INFO: [ app_begin ] --START--
INFO: Run Behavior\ReadHtmlCacheBehavior [ RunTime:0.001175s ]
INFO: [ app_begin ] --END-- [ RunTime:0.001246s ]
NOTIC: [2048] Declaration of Api\Controller\CommonController::error() should be compatible with Think\Controller::error($message = '', $jumpUrl = '', $ajax = false) D:\Develop\WWW\mlbspa\api\Application\Api\Controller\CommonController.class.php 第 142 行.
NOTIC: [2048] Declaration of Api\Controller\CommonController::success() should be compatible with Think\Controller::success($message = '', $jumpUrl = '', $ajax = false) D:\Develop\WWW\mlbspa\api\Application\Api\Controller\CommonController.class.php 第 142 行.

[ 2016-02-26T16:32:08+08:00 ] 192.168.1.102 /mlbspa/api/public/getsmscode?token=asdqwe
INFO: [ app_init ] --START--
INFO: Run Behavior\BuildLiteBehavior [ RunTime:0.000017s ]
INFO: [ app_init ] --END-- [ RunTime:0.000985s ]
INFO: [ app_begin ] --START--
INFO: Run Behavior\ReadHtmlCacheBehavior [ RunTime:0.001165s ]
INFO: [ app_begin ] --END-- [ RunTime:0.001227s ]
NOTIC: [2048] Declaration of Api\Controller\CommonController::error() should be compatible with Think\Controller::error($message = '', $jumpUrl = '', $ajax = false) D:\Develop\WWW\mlbspa\api\Application\Api\Controller\CommonController.class.php 第 142 行.
NOTIC: [2048] Declaration of Api\Controller\CommonController::success() should be compatible with Think\Controller::success($message = '', $jumpUrl = '', $ajax = false) D:\Develop\WWW\mlbspa\api\Application\Api\Controller\CommonController.class.php 第 142 行.

[ 2016-02-26T16:32:37+08:00 ] 192.168.1.102 /mlbspa/api/public/getsmscode?token=asdqwe
INFO: [ app_init ] --START--
INFO: Run Behavior\BuildLiteBehavior [ RunTime:0.000017s ]
INFO: [ app_init ] --END-- [ RunTime:0.000744s ]
INFO: [ app_begin ] --START--
INFO: Run Behavior\ReadHtmlCacheBehavior [ RunTime:0.000795s ]
INFO: [ app_begin ] --END-- [ RunTime:0.000859s ]
NOTIC: [2048] Declaration of Api\Controller\CommonController::error() should be compatible with Think\Controller::error($message = '', $jumpUrl = '', $ajax = false) D:\Develop\WWW\mlbspa\api\Application\Api\Controller\CommonController.class.php 第 142 行.
NOTIC: [2048] Declaration of Api\Controller\CommonController::success() should be compatible with Think\Controller::success($message = '', $jumpUrl = '', $ajax = false) D:\Develop\WWW\mlbspa\api\Application\Api\Controller\CommonController.class.php 第 142 行.
SQL: SHOW COLUMNS FROM `smscode` [ RunTime:0.0114s ]

[ 2016-02-26T16:34:21+08:00 ] 192.168.1.102 /mlbspa/api/public/getsmscode?token=asdqwe
INFO: [ app_init ] --START--
INFO: Run Behavior\BuildLiteBehavior [ RunTime:0.000016s ]
INFO: [ app_init ] --END-- [ RunTime:0.000851s ]
INFO: [ app_begin ] --START--
INFO: Run Behavior\ReadHtmlCacheBehavior [ RunTime:0.001267s ]
INFO: [ app_begin ] --END-- [ RunTime:0.001341s ]
NOTIC: [2048] Declaration of Api\Controller\CommonController::error() should be compatible with Think\Controller::error($message = '', $jumpUrl = '', $ajax = false) D:\Develop\WWW\mlbspa\api\Application\Api\Controller\CommonController.class.php 第 142 行.
NOTIC: [2048] Declaration of Api\Controller\CommonController::success() should be compatible with Think\Controller::success($message = '', $jumpUrl = '', $ajax = false) D:\Develop\WWW\mlbspa\api\Application\Api\Controller\CommonController.class.php 第 142 行.
SQL: SHOW COLUMNS FROM `smscode` [ RunTime:0.0058s ]
SQL: SELECT * FROM `smscode` WHERE ( mobile=18620081053 ) LIMIT 1   [ RunTime:0.0019s ]
NOTIC: [8] Undefined variable: rand D:\Develop\WWW\mlbspa\api\Application\Common\Common\function.php 第 161 行.
SQL: INSERT INTO `smscode` (`code`,`time`,`mobile`) VALUES ('6987','1456475660','18620081053') [ RunTime:0.0693s ]

[ 2016-02-26T16:37:45+08:00 ] 192.168.1.102 /mlbspa/api/public/getsmscode?token=asdqwe
INFO: [ app_init ] --START--
INFO: Run Behavior\BuildLiteBehavior [ RunTime:0.000016s ]
INFO: [ app_init ] --END-- [ RunTime:0.000833s ]
INFO: [ app_begin ] --START--
INFO: Run Behavior\ReadHtmlCacheBehavior [ RunTime:0.001397s ]
INFO: [ app_begin ] --END-- [ RunTime:0.001467s ]
NOTIC: [2048] Declaration of Api\Controller\CommonController::error() should be compatible with Think\Controller::error($message = '', $jumpUrl = '', $ajax = false) D:\Develop\WWW\mlbspa\api\Application\Api\Controller\CommonController.class.php 第 142 行.
NOTIC: [2048] Declaration of Api\Controller\CommonController::success() should be compatible with Think\Controller::success($message = '', $jumpUrl = '', $ajax = false) D:\Develop\WWW\mlbspa\api\Application\Api\Controller\CommonController.class.php 第 142 行.
SQL: SHOW COLUMNS FROM `smscode` [ RunTime:0.0063s ]

[ 2016-02-26T16:43:42+08:00 ] 192.168.1.102 /mlbspa/api/public/getsmscode?token=asdqwe
INFO: [ app_init ] --START--
INFO: Run Behavior\BuildLiteBehavior [ RunTime:0.000025s ]
INFO: [ app_init ] --END-- [ RunTime:0.001031s ]
INFO: [ app_begin ] --START--
INFO: Run Behavior\ReadHtmlCacheBehavior [ RunTime:0.001221s ]
INFO: [ app_begin ] --END-- [ RunTime:0.001307s ]
NOTIC: [2048] Declaration of Api\Controller\CommonController::error() should be compatible with Think\Controller::error($message = '', $jumpUrl = '', $ajax = false) D:\Develop\WWW\mlbspa\api\Application\Api\Controller\CommonController.class.php 第 142 行.
NOTIC: [2048] Declaration of Api\Controller\CommonController::success() should be compatible with Think\Controller::success($message = '', $jumpUrl = '', $ajax = false) D:\Develop\WWW\mlbspa\api\Application\Api\Controller\CommonController.class.php 第 142 行.
SQL: SHOW COLUMNS FROM `smscode` [ RunTime:0.0058s ]

[ 2016-02-26T16:44:28+08:00 ] 192.168.1.102 /mlbspa/api/public/getsmscode?token=asdqwe
INFO: [ app_init ] --START--
INFO: Run Behavior\BuildLiteBehavior [ RunTime:0.000017s ]
INFO: [ app_init ] --END-- [ RunTime:0.000762s ]
INFO: [ app_begin ] --START--
INFO: Run Behavior\ReadHtmlCacheBehavior [ RunTime:0.001183s ]
INFO: [ app_begin ] --END-- [ RunTime:0.001286s ]
NOTIC: [2048] Declaration of Api\Controller\CommonController::error() should be compatible with Think\Controller::error($message = '', $jumpUrl = '', $ajax = false) D:\Develop\WWW\mlbspa\api\Application\Api\Controller\CommonController.class.php 第 142 行.
NOTIC: [2048] Declaration of Api\Controller\CommonController::success() should be compatible with Think\Controller::success($message = '', $jumpUrl = '', $ajax = false) D:\Develop\WWW\mlbspa\api\Application\Api\Controller\CommonController.class.php 第 142 行.
SQL: SHOW COLUMNS FROM `smscode` [ RunTime:0.0052s ]

[ 2016-02-26T16:44:53+08:00 ] 192.168.1.102 /mlbspa/api/public/getsmscode?token=asdqwe
INFO: [ app_init ] --START--
INFO: Run Behavior\BuildLiteBehavior [ RunTime:0.000017s ]
INFO: [ app_init ] --END-- [ RunTime:0.000725s ]
INFO: [ app_begin ] --START--
INFO: Run Behavior\ReadHtmlCacheBehavior [ RunTime:0.001020s ]
INFO: [ app_begin ] --END-- [ RunTime:0.001104s ]
NOTIC: [2048] Declaration of Api\Controller\CommonController::error() should be compatible with Think\Controller::error($message = '', $jumpUrl = '', $ajax = false) D:\Develop\WWW\mlbspa\api\Application\Api\Controller\CommonController.class.php 第 142 行.
NOTIC: [2048] Declaration of Api\Controller\CommonController::success() should be compatible with Think\Controller::success($message = '', $jumpUrl = '', $ajax = false) D:\Develop\WWW\mlbspa\api\Application\Api\Controller\CommonController.class.php 第 142 行.
SQL: SHOW COLUMNS FROM `smscode` [ RunTime:0.0055s ]

[ 2016-02-26T16:45:17+08:00 ] 192.168.1.102 /mlbspa/api/public/getsmscode?token=asdqwe
INFO: [ app_init ] --START--
INFO: Run Behavior\BuildLiteBehavior [ RunTime:0.000016s ]
INFO: [ app_init ] --END-- [ RunTime:0.000713s ]
INFO: [ app_begin ] --START--
INFO: Run Behavior\ReadHtmlCacheBehavior [ RunTime:0.000979s ]
INFO: [ app_begin ] --END-- [ RunTime:0.001056s ]
NOTIC: [2048] Declaration of Api\Controller\CommonController::error() should be compatible with Think\Controller::error($message = '', $jumpUrl = '', $ajax = false) D:\Develop\WWW\mlbspa\api\Application\Api\Controller\CommonController.class.php 第 142 行.
NOTIC: [2048] Declaration of Api\Controller\CommonController::success() should be compatible with Think\Controller::success($message = '', $jumpUrl = '', $ajax = false) D:\Develop\WWW\mlbspa\api\Application\Api\Controller\CommonController.class.php 第 142 行.
SQL: SHOW COLUMNS FROM `smscode` [ RunTime:0.0053s ]
SQL: SELECT * FROM `smscode` WHERE ( mobile=18620081053 ) LIMIT 1   [ RunTime:0.0003s ]
NOTIC: [8] Undefined variable: rand D:\Develop\WWW\mlbspa\api\Application\Common\Common\function.php 第 161 行.
SQL: UPDATE `smscode` SET `code`='8523',`time`='1456476317' WHERE `mobile` = '18620081053' [ RunTime:0.0904s ]

[ 2016-02-26T16:49:28+08:00 ] 192.168.1.102 /mlbspa/api/public/getsmscode?token=asdqwe
INFO: [ app_init ] --START--
INFO: Run Behavior\BuildLiteBehavior [ RunTime:0.000026s ]
INFO: [ app_init ] --END-- [ RunTime:0.001412s ]
INFO: [ app_begin ] --START--
INFO: Run Behavior\ReadHtmlCacheBehavior [ RunTime:0.001514s ]
INFO: [ app_begin ] --END-- [ RunTime:0.001590s ]
NOTIC: [2048] Declaration of Api\Controller\CommonController::error() should be compatible with Think\Controller::error($message = '', $jumpUrl = '', $ajax = false) D:\Develop\WWW\mlbspa\api\Application\Api\Controller\CommonController.class.php 第 142 行.
NOTIC: [2048] Declaration of Api\Controller\CommonController::success() should be compatible with Think\Controller::success($message = '', $jumpUrl = '', $ajax = false) D:\Develop\WWW\mlbspa\api\Application\Api\Controller\CommonController.class.php 第 142 行.
SQL: SHOW COLUMNS FROM `smscode` [ RunTime:0.0057s ]
SQL: SELECT * FROM `smscode` WHERE ( mobile=18620081052 ) LIMIT 1   [ RunTime:0.0003s ]
NOTIC: [8] Undefined variable: rand D:\Develop\WWW\mlbspa\api\Application\Common\Common\function.php 第 161 行.
SQL: INSERT INTO `smscode` (`code`,`time`,`mobile`) VALUES ('3458','1456476568','18620081052') [ RunTime:0.0785s ]

[ 2016-02-26T16:49:31+08:00 ] 192.168.1.102 /mlbspa/api/public/getsmscode?token=asdqwe
INFO: [ app_init ] --START--
INFO: Run Behavior\BuildLiteBehavior [ RunTime:0.000022s ]
INFO: [ app_init ] --END-- [ RunTime:0.001139s ]
INFO: [ app_begin ] --START--
INFO: Run Behavior\ReadHtmlCacheBehavior [ RunTime:0.001185s ]
INFO: [ app_begin ] --END-- [ RunTime:0.001288s ]
NOTIC: [2048] Declaration of Api\Controller\CommonController::error() should be compatible with Think\Controller::error($message = '', $jumpUrl = '', $ajax = false) D:\Develop\WWW\mlbspa\api\Application\Api\Controller\CommonController.class.php 第 142 行.
NOTIC: [2048] Declaration of Api\Controller\CommonController::success() should be compatible with Think\Controller::success($message = '', $jumpUrl = '', $ajax = false) D:\Develop\WWW\mlbspa\api\Application\Api\Controller\CommonController.class.php 第 142 行.
SQL: SHOW COLUMNS FROM `smscode` [ RunTime:0.0046s ]
SQL: SELECT * FROM `smscode` WHERE ( mobile=18620081052 ) LIMIT 1   [ RunTime:0.0003s ]

[ 2016-02-26T16:49:33+08:00 ] 192.168.1.102 /mlbspa/api/public/getsmscode?token=asdqwe
INFO: [ app_init ] --START--
INFO: Run Behavior\BuildLiteBehavior [ RunTime:0.000018s ]
INFO: [ app_init ] --END-- [ RunTime:0.000760s ]
INFO: [ app_begin ] --START--
INFO: Run Behavior\ReadHtmlCacheBehavior [ RunTime:0.000982s ]
INFO: [ app_begin ] --END-- [ RunTime:0.001060s ]
NOTIC: [2048] Declaration of Api\Controller\CommonController::error() should be compatible with Think\Controller::error($message = '', $jumpUrl = '', $ajax = false) D:\Develop\WWW\mlbspa\api\Application\Api\Controller\CommonController.class.php 第 142 行.
NOTIC: [2048] Declaration of Api\Controller\CommonController::success() should be compatible with Think\Controller::success($message = '', $jumpUrl = '', $ajax = false) D:\Develop\WWW\mlbspa\api\Application\Api\Controller\CommonController.class.php 第 142 行.
SQL: SHOW COLUMNS FROM `smscode` [ RunTime:0.0052s ]
SQL: SELECT * FROM `smscode` WHERE ( mobile=18620081052 ) LIMIT 1   [ RunTime:0.0003s ]

[ 2016-02-26T16:49:49+08:00 ] 192.168.1.102 /mlbspa/api/public/getsmscode?token=asdqwe
INFO: [ app_init ] --START--
INFO: Run Behavior\BuildLiteBehavior [ RunTime:0.000023s ]
INFO: [ app_init ] --END-- [ RunTime:0.000732s ]
INFO: [ app_begin ] --START--
INFO: Run Behavior\ReadHtmlCacheBehavior [ RunTime:0.000824s ]
INFO: [ app_begin ] --END-- [ RunTime:0.000890s ]
NOTIC: [2048] Declaration of Api\Controller\CommonController::error() should be compatible with Think\Controller::error($message = '', $jumpUrl = '', $ajax = false) D:\Develop\WWW\mlbspa\api\Application\Api\Controller\CommonController.class.php 第 142 行.
NOTIC: [2048] Declaration of Api\Controller\CommonController::success() should be compatible with Think\Controller::success($message = '', $jumpUrl = '', $ajax = false) D:\Develop\WWW\mlbspa\api\Application\Api\Controller\CommonController.class.php 第 142 行.
SQL: SHOW COLUMNS FROM `smscode` [ RunTime:0.0053s ]
SQL: SELECT * FROM `smscode` WHERE ( mobile=18620081052 ) LIMIT 1   [ RunTime:0.0003s ]

[ 2016-02-26T16:49:49+08:00 ] 192.168.1.102 /mlbspa/api/public/getsmscode?token=asdqwe
INFO: [ app_init ] --START--
INFO: Run Behavior\BuildLiteBehavior [ RunTime:0.000017s ]
INFO: [ app_init ] --END-- [ RunTime:0.000802s ]
INFO: [ app_begin ] --START--
INFO: Run Behavior\ReadHtmlCacheBehavior [ RunTime:0.000814s ]
INFO: [ app_begin ] --END-- [ RunTime:0.000875s ]
NOTIC: [2048] Declaration of Api\Controller\CommonController::error() should be compatible with Think\Controller::error($message = '', $jumpUrl = '', $ajax = false) D:\Develop\WWW\mlbspa\api\Application\Api\Controller\CommonController.class.php 第 142 行.
NOTIC: [2048] Declaration of Api\Controller\CommonController::success() should be compatible with Think\Controller::success($message = '', $jumpUrl = '', $ajax = false) D:\Develop\WWW\mlbspa\api\Application\Api\Controller\CommonController.class.php 第 142 行.
SQL: SHOW COLUMNS FROM `smscode` [ RunTime:0.0072s ]
SQL: SELECT * FROM `smscode` WHERE ( mobile=18620081052 ) LIMIT 1   [ RunTime:0.0003s ]

[ 2016-02-26T16:59:21+08:00 ] 192.168.1.102 /mlbspa/api/public/getsmscode?token=asdqwe
INFO: [ app_init ] --START--
INFO: Run Behavior\BuildLiteBehavior [ RunTime:0.000017s ]
INFO: [ app_init ] --END-- [ RunTime:0.000889s ]
INFO: [ app_begin ] --START--
INFO: Run Behavior\ReadHtmlCacheBehavior [ RunTime:0.001569s ]
INFO: [ app_begin ] --END-- [ RunTime:0.001694s ]
NOTIC: [2048] Declaration of Api\Controller\CommonController::error() should be compatible with Think\Controller::error($message = '', $jumpUrl = '', $ajax = false) D:\Develop\WWW\mlbspa\api\Application\Api\Controller\CommonController.class.php 第 142 行.
NOTIC: [2048] Declaration of Api\Controller\CommonController::success() should be compatible with Think\Controller::success($message = '', $jumpUrl = '', $ajax = false) D:\Develop\WWW\mlbspa\api\Application\Api\Controller\CommonController.class.php 第 142 行.
SQL: SHOW COLUMNS FROM `smscode` [ RunTime:0.0049s ]

[ 2016-02-26T17:06:48+08:00 ] 192.168.1.102 /mlbspa/api/public/getsmscode?token=asdqwe
INFO: [ app_init ] --START--
INFO: Run Behavior\BuildLiteBehavior [ RunTime:0.000016s ]
INFO: [ app_init ] --END-- [ RunTime:0.000935s ]
INFO: [ app_begin ] --START--
INFO: Run Behavior\ReadHtmlCacheBehavior [ RunTime:0.001172s ]
INFO: [ app_begin ] --END-- [ RunTime:0.001240s ]
NOTIC: [2048] Declaration of Api\Controller\CommonController::error() should be compatible with Think\Controller::error($message = '', $jumpUrl = '', $ajax = false) D:\Develop\WWW\mlbspa\api\Application\Api\Controller\CommonController.class.php 第 142 行.
NOTIC: [2048] Declaration of Api\Controller\CommonController::success() should be compatible with Think\Controller::success($message = '', $jumpUrl = '', $ajax = false) D:\Develop\WWW\mlbspa\api\Application\Api\Controller\CommonController.class.php 第 142 行.
SQL: SHOW COLUMNS FROM `smscode` [ RunTime:0.0052s ]
SQL: SELECT * FROM `smscode` WHERE ( mobile=18620081053 ) LIMIT 1   [ RunTime:0.0004s ]
NOTIC: [8] Undefined variable: rand D:\Develop\WWW\mlbspa\api\Application\Common\Common\function.php 第 161 行.
SQL: UPDATE `smscode` SET `code`='2165',`time`='1456477607' WHERE `mobile` = '18620081053' [ RunTime:0.1169s ]

[ 2016-02-26T17:12:42+08:00 ] 192.168.1.102 /mlbspa/api/public/getsmscode?token=asdqwe
INFO: [ app_init ] --START--
INFO: Run Behavior\BuildLiteBehavior [ RunTime:0.000024s ]
INFO: [ app_init ] --END-- [ RunTime:0.001152s ]
INFO: [ app_begin ] --START--
INFO: Run Behavior\ReadHtmlCacheBehavior [ RunTime:0.001190s ]
INFO: [ app_begin ] --END-- [ RunTime:0.001258s ]
NOTIC: [2048] Declaration of Api\Controller\CommonController::error() should be compatible with Think\Controller::error($message = '', $jumpUrl = '', $ajax = false) D:\Develop\WWW\mlbspa\api\Application\Api\Controller\CommonController.class.php 第 142 行.
NOTIC: [2048] Declaration of Api\Controller\CommonController::success() should be compatible with Think\Controller::success($message = '', $jumpUrl = '', $ajax = false) D:\Develop\WWW\mlbspa\api\Application\Api\Controller\CommonController.class.php 第 142 行.
SQL: SHOW COLUMNS FROM `smscode` [ RunTime:0.0048s ]
SQL: SELECT * FROM `smscode` WHERE ( mobile=18620081052 ) LIMIT 1   [ RunTime:0.0003s ]
NOTIC: [8] Undefined variable: rand D:\Develop\WWW\mlbspa\api\Application\Common\Common\function.php 第 161 行.
SQL: UPDATE `smscode` SET `code`='4545',`time`='1456477962' WHERE `mobile` = '18620081052' [ RunTime:0.0976s ]

[ 2016-02-26T17:13:35+08:00 ] 192.168.1.102 /mlbspa/api/public/getsmscode?token=asdqwe
INFO: [ app_init ] --START--
INFO: Run Behavior\BuildLiteBehavior [ RunTime:0.000017s ]
INFO: [ app_init ] --END-- [ RunTime:0.000731s ]
INFO: [ app_begin ] --START--
INFO: Run Behavior\ReadHtmlCacheBehavior [ RunTime:0.001343s ]
INFO: [ app_begin ] --END-- [ RunTime:0.001455s ]
NOTIC: [2048] Declaration of Api\Controller\CommonController::error() should be compatible with Think\Controller::error($message = '', $jumpUrl = '', $ajax = false) D:\Develop\WWW\mlbspa\api\Application\Api\Controller\CommonController.class.php 第 142 行.
NOTIC: [2048] Declaration of Api\Controller\CommonController::success() should be compatible with Think\Controller::success($message = '', $jumpUrl = '', $ajax = false) D:\Develop\WWW\mlbspa\api\Application\Api\Controller\CommonController.class.php 第 142 行.
SQL: SHOW COLUMNS FROM `smscode` [ RunTime:0.0050s ]
SQL: SELECT * FROM `smscode` WHERE ( mobile=18620081051 ) LIMIT 1   [ RunTime:0.0003s ]
NOTIC: [8] Undefined variable: rand D:\Develop\WWW\mlbspa\api\Application\Common\Common\function.php 第 161 行.
SQL: INSERT INTO `smscode` (`code`,`time`,`mobile`) VALUES ('0969','1456478015','18620081051') [ RunTime:0.0829s ]

[ 2016-02-26T17:14:38+08:00 ] 192.168.1.102 /mlbspa/api/public/getsmscode?token=asdqwe
INFO: [ app_init ] --START--
INFO: Run Behavior\BuildLiteBehavior [ RunTime:0.000017s ]
INFO: [ app_init ] --END-- [ RunTime:0.000739s ]
INFO: [ app_begin ] --START--
INFO: Run Behavior\ReadHtmlCacheBehavior [ RunTime:0.001277s ]
INFO: [ app_begin ] --END-- [ RunTime:0.001383s ]
NOTIC: [2048] Declaration of Api\Controller\CommonController::error() should be compatible with Think\Controller::error($message = '', $jumpUrl = '', $ajax = false) D:\Develop\WWW\mlbspa\api\Application\Api\Controller\CommonController.class.php 第 142 行.
NOTIC: [2048] Declaration of Api\Controller\CommonController::success() should be compatible with Think\Controller::success($message = '', $jumpUrl = '', $ajax = false) D:\Develop\WWW\mlbspa\api\Application\Api\Controller\CommonController.class.php 第 142 行.
SQL: SHOW COLUMNS FROM `smscode` [ RunTime:0.0056s ]
SQL: SELECT * FROM `smscode` WHERE ( mobile=18620081051 ) LIMIT 1   [ RunTime:0.0004s ]
NOTIC: [8] Undefined variable: rand D:\Develop\WWW\mlbspa\api\Application\Common\Common\function.php 第 161 行.
SQL: UPDATE `smscode` SET `code`='0185',`time`='1456478078' WHERE `mobile` = '18620081051' [ RunTime:0.0914s ]

[ 2016-02-26T17:16:12+08:00 ] 192.168.1.102 /mlbspa/api/public/getsmscode?token=asdqwe
INFO: [ app_init ] --START--
INFO: Run Behavior\BuildLiteBehavior [ RunTime:0.000016s ]
INFO: [ app_init ] --END-- [ RunTime:0.000851s ]
INFO: [ app_begin ] --START--
INFO: Run Behavior\ReadHtmlCacheBehavior [ RunTime:0.001196s ]
INFO: [ app_begin ] --END-- [ RunTime:0.001264s ]
NOTIC: [2048] Declaration of Api\Controller\CommonController::error() should be compatible with Think\Controller::error($message = '', $jumpUrl = '', $ajax = false) D:\Develop\WWW\mlbspa\api\Application\Api\Controller\CommonController.class.php 第 142 行.
NOTIC: [2048] Declaration of Api\Controller\CommonController::success() should be compatible with Think\Controller::success($message = '', $jumpUrl = '', $ajax = false) D:\Develop\WWW\mlbspa\api\Application\Api\Controller\CommonController.class.php 第 142 行.
SQL: SHOW COLUMNS FROM `smscode` [ RunTime:0.0046s ]

[ 2016-02-26T17:17:02+08:00 ] 192.168.1.102 /mlbspa/api/public/getsmscode?token=asdqwe
INFO: [ app_init ] --START--
INFO: Run Behavior\BuildLiteBehavior [ RunTime:0.000017s ]
INFO: [ app_init ] --END-- [ RunTime:0.000732s ]
INFO: [ app_begin ] --START--
INFO: Run Behavior\ReadHtmlCacheBehavior [ RunTime:0.001195s ]
INFO: [ app_begin ] --END-- [ RunTime:0.001291s ]
NOTIC: [2048] Declaration of Api\Controller\CommonController::error() should be compatible with Think\Controller::error($message = '', $jumpUrl = '', $ajax = false) D:\Develop\WWW\mlbspa\api\Application\Api\Controller\CommonController.class.php 第 142 行.
NOTIC: [2048] Declaration of Api\Controller\CommonController::success() should be compatible with Think\Controller::success($message = '', $jumpUrl = '', $ajax = false) D:\Develop\WWW\mlbspa\api\Application\Api\Controller\CommonController.class.php 第 142 行.
SQL: SHOW COLUMNS FROM `smscode` [ RunTime:0.0045s ]

[ 2016-02-26T17:17:42+08:00 ] 192.168.1.102 /mlbspa/api/public/getsmscode?token=asdqwe
INFO: [ app_init ] --START--
INFO: Run Behavior\BuildLiteBehavior [ RunTime:0.000025s ]
INFO: [ app_init ] --END-- [ RunTime:0.000916s ]
INFO: [ app_begin ] --START--
INFO: Run Behavior\ReadHtmlCacheBehavior [ RunTime:0.001125s ]
INFO: [ app_begin ] --END-- [ RunTime:0.001210s ]
NOTIC: [2048] Declaration of Api\Controller\CommonController::error() should be compatible with Think\Controller::error($message = '', $jumpUrl = '', $ajax = false) D:\Develop\WWW\mlbspa\api\Application\Api\Controller\CommonController.class.php 第 142 行.
NOTIC: [2048] Declaration of Api\Controller\CommonController::success() should be compatible with Think\Controller::success($message = '', $jumpUrl = '', $ajax = false) D:\Develop\WWW\mlbspa\api\Application\Api\Controller\CommonController.class.php 第 142 行.
SQL: SHOW COLUMNS FROM `smscode` [ RunTime:0.0057s ]

[ 2016-02-26T17:18:50+08:00 ] 192.168.1.102 /mlbspa/api/public/getsmscode?token=asdqwe
INFO: [ app_init ] --START--
INFO: Run Behavior\BuildLiteBehavior [ RunTime:0.000016s ]
INFO: [ app_init ] --END-- [ RunTime:0.000844s ]
INFO: [ app_begin ] --START--
INFO: Run Behavior\ReadHtmlCacheBehavior [ RunTime:0.001926s ]
INFO: [ app_begin ] --END-- [ RunTime:0.002000s ]
NOTIC: [2048] Declaration of Api\Controller\CommonController::error() should be compatible with Think\Controller::error($message = '', $jumpUrl = '', $ajax = false) D:\Develop\WWW\mlbspa\api\Application\Api\Controller\CommonController.class.php 第 142 行.
NOTIC: [2048] Declaration of Api\Controller\CommonController::success() should be compatible with Think\Controller::success($message = '', $jumpUrl = '', $ajax = false) D:\Develop\WWW\mlbspa\api\Application\Api\Controller\CommonController.class.php 第 142 行.
SQL: SHOW COLUMNS FROM `smscode` [ RunTime:0.0057s ]
SQL: SELECT * FROM `smscode` WHERE ( mobile=18578623828 ) LIMIT 1   [ RunTime:0.0005s ]
NOTIC: [8] Undefined variable: rand D:\Develop\WWW\mlbspa\api\Application\Common\Common\function.php 第 161 行.
SQL: UPDATE `smscode` SET `code`='3812',`time`='1456478330' WHERE `mobile` = '18578623828' [ RunTime:0.0995s ]

[ 2016-02-26T17:32:08+08:00 ] 192.168.1.102 /mlbspa/api/public/getsmscode?token=asdqwe
INFO: [ app_init ] --START--
INFO: Run Behavior\BuildLiteBehavior [ RunTime:0.000025s ]
INFO: [ app_init ] --END-- [ RunTime:0.001077s ]
INFO: [ app_begin ] --START--
INFO: Run Behavior\ReadHtmlCacheBehavior [ RunTime:0.001415s ]
INFO: [ app_begin ] --END-- [ RunTime:0.001513s ]
NOTIC: [2048] Declaration of Api\Controller\CommonController::error() should be compatible with Think\Controller::error($message = '', $jumpUrl = '', $ajax = false) D:\Develop\WWW\mlbspa\api\Application\Api\Controller\CommonController.class.php 第 142 行.
NOTIC: [2048] Declaration of Api\Controller\CommonController::success() should be compatible with Think\Controller::success($message = '', $jumpUrl = '', $ajax = false) D:\Develop\WWW\mlbspa\api\Application\Api\Controller\CommonController.class.php 第 142 行.
SQL: SHOW COLUMNS FROM `smscode` [ RunTime:0.0054s ]
SQL: SELECT * FROM `smscode` WHERE ( mobile=18620081056 ) LIMIT 1   [ RunTime:0.0004s ]
NOTIC: [8] Undefined variable: rand D:\Develop\WWW\mlbspa\api\Application\Common\Common\function.php 第 161 行.
SQL: INSERT INTO `smscode` (`code`,`time`,`mobile`) VALUES ('6943','1456479128','18620081056') [ RunTime:0.0835s ]

[ 2016-02-26T17:36:05+08:00 ] 192.168.1.102 /mlbspa/api/User/register?token=asdqwe
INFO: [ app_init ] --START--
INFO: Run Behavior\BuildLiteBehavior [ RunTime:0.000015s ]
INFO: [ app_init ] --END-- [ RunTime:0.000818s ]
INFO: [ app_begin ] --START--
INFO: Run Behavior\ReadHtmlCacheBehavior [ RunTime:0.002048s ]
INFO: [ app_begin ] --END-- [ RunTime:0.002142s ]
NOTIC: [2048] Declaration of Api\Controller\CommonController::error() should be compatible with Think\Controller::error($message = '', $jumpUrl = '', $ajax = false) D:\Develop\WWW\mlbspa\api\Application\Api\Controller\CommonController.class.php 第 142 行.
NOTIC: [2048] Declaration of Api\Controller\CommonController::success() should be compatible with Think\Controller::success($message = '', $jumpUrl = '', $ajax = false) D:\Develop\WWW\mlbspa\api\Application\Api\Controller\CommonController.class.php 第 142 行.
SQL: SHOW COLUMNS FROM `members` [ RunTime:0.0085s ]
SQL: SELECT * FROM `members` WHERE `user_name` = '18620081053' LIMIT 1   [ RunTime:0.0316s ]
SQL: SHOW COLUMNS FROM `smscode` [ RunTime:0.0053s ]
SQL: SELECT * FROM `smscode` WHERE `mobile` = '18620081053' AND `code` = '1122' LIMIT 1   [ RunTime:0.0003s ]

[ 2016-02-26T17:36:27+08:00 ] 192.168.1.102 /mlbspa/api/User/register?token=asdqwe
INFO: [ app_init ] --START--
INFO: Run Behavior\BuildLiteBehavior [ RunTime:0.000017s ]
INFO: [ app_init ] --END-- [ RunTime:0.000771s ]
INFO: [ app_begin ] --START--
INFO: Run Behavior\ReadHtmlCacheBehavior [ RunTime:0.000864s ]
INFO: [ app_begin ] --END-- [ RunTime:0.000941s ]
NOTIC: [2048] Declaration of Api\Controller\CommonController::error() should be compatible with Think\Controller::error($message = '', $jumpUrl = '', $ajax = false) D:\Develop\WWW\mlbspa\api\Application\Api\Controller\CommonController.class.php 第 142 行.
NOTIC: [2048] Declaration of Api\Controller\CommonController::success() should be compatible with Think\Controller::success($message = '', $jumpUrl = '', $ajax = false) D:\Develop\WWW\mlbspa\api\Application\Api\Controller\CommonController.class.php 第 142 行.
SQL: SHOW COLUMNS FROM `members` [ RunTime:0.0064s ]
SQL: SELECT * FROM `members` WHERE `user_name` = '18620081053' LIMIT 1   [ RunTime:0.0005s ]
SQL: SHOW COLUMNS FROM `smscode` [ RunTime:0.0059s ]
SQL: SELECT * FROM `smscode` WHERE `mobile` = '18620081053' AND `code` = '11444' LIMIT 1   [ RunTime:0.0004s ]

[ 2016-02-26T17:36:31+08:00 ] 192.168.1.102 /mlbspa/api/User/register?token=asdqwe
INFO: [ app_init ] --START--
INFO: Run Behavior\BuildLiteBehavior [ RunTime:0.000024s ]
INFO: [ app_init ] --END-- [ RunTime:0.000880s ]
INFO: [ app_begin ] --START--
INFO: Run Behavior\ReadHtmlCacheBehavior [ RunTime:0.001053s ]
INFO: [ app_begin ] --END-- [ RunTime:0.001142s ]
NOTIC: [2048] Declaration of Api\Controller\CommonController::error() should be compatible with Think\Controller::error($message = '', $jumpUrl = '', $ajax = false) D:\Develop\WWW\mlbspa\api\Application\Api\Controller\CommonController.class.php 第 142 行.
NOTIC: [2048] Declaration of Api\Controller\CommonController::success() should be compatible with Think\Controller::success($message = '', $jumpUrl = '', $ajax = false) D:\Develop\WWW\mlbspa\api\Application\Api\Controller\CommonController.class.php 第 142 行.
SQL: SHOW COLUMNS FROM `members` [ RunTime:0.0054s ]
SQL: SELECT * FROM `members` WHERE `user_name` = '18620081053' LIMIT 1   [ RunTime:0.0004s ]
SQL: SHOW COLUMNS FROM `smscode` [ RunTime:0.0054s ]
SQL: SELECT * FROM `smscode` WHERE `mobile` = '18620081053' AND `code` = '11444' LIMIT 1   [ RunTime:0.0003s ]

[ 2016-02-26T17:36:59+08:00 ] 192.168.1.102 /mlbspa/api/User/register?token=asdqwe
INFO: [ app_init ] --START--
INFO: Run Behavior\BuildLiteBehavior [ RunTime:0.000016s ]
INFO: [ app_init ] --END-- [ RunTime:0.000780s ]
INFO: [ app_begin ] --START--
INFO: Run Behavior\ReadHtmlCacheBehavior [ RunTime:0.002407s ]
INFO: [ app_begin ] --END-- [ RunTime:0.002521s ]
NOTIC: [2048] Declaration of Api\Controller\CommonController::error() should be compatible with Think\Controller::error($message = '', $jumpUrl = '', $ajax = false) D:\Develop\WWW\mlbspa\api\Application\Api\Controller\CommonController.class.php 第 142 行.
NOTIC: [2048] Declaration of Api\Controller\CommonController::success() should be compatible with Think\Controller::success($message = '', $jumpUrl = '', $ajax = false) D:\Develop\WWW\mlbspa\api\Application\Api\Controller\CommonController.class.php 第 142 行.
SQL: SHOW COLUMNS FROM `members` [ RunTime:0.0051s ]
SQL: SELECT * FROM `members` WHERE `user_name` = '18620081053' LIMIT 1   [ RunTime:0.0004s ]
SQL: SHOW COLUMNS FROM `smscode` [ RunTime:0.0040s ]
SQL: SELECT * FROM `smscode` WHERE `mobile` = '18620081053' AND `code` = '1144' LIMIT 1   [ RunTime:0.0003s ]

[ 2016-02-26T17:37:09+08:00 ] 192.168.1.102 /mlbspa/api/User/register?token=asdqwe
INFO: [ app_init ] --START--
INFO: Run Behavior\BuildLiteBehavior [ RunTime:0.000016s ]
INFO: [ app_init ] --END-- [ RunTime:0.000750s ]
INFO: [ app_begin ] --START--
INFO: Run Behavior\ReadHtmlCacheBehavior [ RunTime:0.000846s ]
INFO: [ app_begin ] --END-- [ RunTime:0.000912s ]
NOTIC: [2048] Declaration of Api\Controller\CommonController::error() should be compatible with Think\Controller::error($message = '', $jumpUrl = '', $ajax = false) D:\Develop\WWW\mlbspa\api\Application\Api\Controller\CommonController.class.php 第 142 行.
NOTIC: [2048] Declaration of Api\Controller\CommonController::success() should be compatible with Think\Controller::success($message = '', $jumpUrl = '', $ajax = false) D:\Develop\WWW\mlbspa\api\Application\Api\Controller\CommonController.class.php 第 142 行.
SQL: SHOW COLUMNS FROM `members` [ RunTime:0.0045s ]
SQL: SELECT * FROM `members` WHERE `user_name` = '18620081053' LIMIT 1   [ RunTime:0.0004s ]
SQL: SHOW COLUMNS FROM `smscode` [ RunTime:0.0046s ]
SQL: SELECT * FROM `smscode` WHERE `mobile` = '18620081053' AND `code` = '1144' LIMIT 1   [ RunTime:0.0003s ]

[ 2016-02-26T17:37:11+08:00 ] 192.168.1.102 /mlbspa/api/User/register?token=asdqwe
INFO: [ app_init ] --START--
INFO: Run Behavior\BuildLiteBehavior [ RunTime:0.000018s ]
INFO: [ app_init ] --END-- [ RunTime:0.000925s ]
INFO: [ app_begin ] --START--
INFO: Run Behavior\ReadHtmlCacheBehavior [ RunTime:0.000824s ]
INFO: [ app_begin ] --END-- [ RunTime:0.000885s ]
NOTIC: [2048] Declaration of Api\Controller\CommonController::error() should be compatible with Think\Controller::error($message = '', $jumpUrl = '', $ajax = false) D:\Develop\WWW\mlbspa\api\Application\Api\Controller\CommonController.class.php 第 142 行.
NOTIC: [2048] Declaration of Api\Controller\CommonController::success() should be compatible with Think\Controller::success($message = '', $jumpUrl = '', $ajax = false) D:\Develop\WWW\mlbspa\api\Application\Api\Controller\CommonController.class.php 第 142 行.
SQL: SHOW COLUMNS FROM `members` [ RunTime:0.0054s ]
SQL: SELECT * FROM `members` WHERE `user_name` = '18620081053' LIMIT 1   [ RunTime:0.0004s ]
SQL: SHOW COLUMNS FROM `smscode` [ RunTime:0.0052s ]
SQL: SELECT * FROM `smscode` WHERE `mobile` = '18620081053' AND `code` = '1144' LIMIT 1   [ RunTime:0.0003s ]

