[ 2016-08-30T00:38:19+08:00 ] 192.168.1.104 /movier/api/User/updatepos?token=asdqwe
INFO: [ app_init ] --START--
INFO: Run Behavior\BuildLiteBehavior [ RunTime:0.000024s ]
INFO: [ app_init ] --END-- [ RunTime:0.018622s ]
INFO: [ app_begin ] --START--
INFO: Run Behavior\ReadHtmlCacheBehavior [ RunTime:0.015720s ]
INFO: [ app_begin ] --END-- [ RunTime:0.015817s ]
NOTIC: [2048] Declaration of Api\Controller\CommonController::error() should be compatible with Think\Controller::error($message = '', $jumpUrl = '', $ajax = false) D:\Develop\WWW\movier\api\Application\Api\Controller\CommonController.class.php 第 142 行.
NOTIC: [2048] Declaration of Api\Controller\CommonController::success() should be compatible with Think\Controller::success($message = '', $jumpUrl = '', $ajax = false) D:\Develop\WWW\movier\api\Application\Api\Controller\CommonController.class.php 第 142 行.

[ 2016-08-30T00:39:14+08:00 ] 192.168.1.104 /movier/api/User/updatepos?token=asdqwe
INFO: [ app_init ] --START--
INFO: Run Behavior\BuildLiteBehavior [ RunTime:0.000017s ]
INFO: [ app_init ] --END-- [ RunTime:0.000488s ]
INFO: [ app_begin ] --START--
INFO: Run Behavior\ReadHtmlCacheBehavior [ RunTime:0.000589s ]
INFO: [ app_begin ] --END-- [ RunTime:0.000661s ]
NOTIC: [2048] Declaration of Api\Controller\CommonController::error() should be compatible with Think\Controller::error($message = '', $jumpUrl = '', $ajax = false) D:\Develop\WWW\movier\api\Application\Api\Controller\CommonController.class.php 第 142 行.
NOTIC: [2048] Declaration of Api\Controller\CommonController::success() should be compatible with Think\Controller::success($message = '', $jumpUrl = '', $ajax = false) D:\Develop\WWW\movier\api\Application\Api\Controller\CommonController.class.php 第 142 行.

[ 2016-08-30T00:41:35+08:00 ] 192.168.1.104 /movier/api/Publish/getlist?token=asdqwe
INFO: [ app_init ] --START--
INFO: Run Behavior\BuildLiteBehavior [ RunTime:0.000015s ]
INFO: [ app_init ] --END-- [ RunTime:0.000505s ]
INFO: [ app_begin ] --START--
INFO: Run Behavior\ReadHtmlCacheBehavior [ RunTime:0.000715s ]
INFO: [ app_begin ] --END-- [ RunTime:0.000788s ]
NOTIC: [2048] Declaration of Api\Controller\CommonController::error() should be compatible with Think\Controller::error($message = '', $jumpUrl = '', $ajax = false) D:\Develop\WWW\movier\api\Application\Api\Controller\CommonController.class.php 第 142 行.
NOTIC: [2048] Declaration of Api\Controller\CommonController::success() should be compatible with Think\Controller::success($message = '', $jumpUrl = '', $ajax = false) D:\Develop\WWW\movier\api\Application\Api\Controller\CommonController.class.php 第 142 行.
SQL: SHOW COLUMNS FROM `publish` [ RunTime:0.0071s ]
NOTIC: [8] Undefined index: sortrule D:\Develop\WWW\movier\api\Application\Api\Model\PublishModel.class.php 第 107 行.
SQL: SELECT publish.*,users.nickname,users.sex,users.headpic,users.start,'http://172.20.10.2/movier/statics/uploads/' as _url FROM `publish` LEFT JOIN users on users.user_id =publish.user_id  WHERE `publishtype` = 'demand' ORDER BY publish_id desc LIMIT 0,6   [ RunTime:0.0011s ]
SQL: SHOW COLUMNS FROM `photos` [ RunTime:0.0054s ]
SQL: SELECT `photo_folder`,`photo_name`,`photo_type` FROM `photos` WHERE ( source_id=8 ) LIMIT 6   [ RunTime:0.0004s ]

[ 2016-08-30T00:51:01+08:00 ] 192.168.1.104 /movier/api/Publish/getlist?token=asdqwe
INFO: [ app_init ] --START--
INFO: Run Behavior\BuildLiteBehavior [ RunTime:0.000016s ]
INFO: [ app_init ] --END-- [ RunTime:0.000560s ]
INFO: [ app_begin ] --START--
INFO: Run Behavior\ReadHtmlCacheBehavior [ RunTime:0.000694s ]
INFO: [ app_begin ] --END-- [ RunTime:0.000760s ]
NOTIC: [2048] Declaration of Api\Controller\CommonController::error() should be compatible with Think\Controller::error($message = '', $jumpUrl = '', $ajax = false) D:\Develop\WWW\movier\api\Application\Api\Controller\CommonController.class.php 第 142 行.
NOTIC: [2048] Declaration of Api\Controller\CommonController::success() should be compatible with Think\Controller::success($message = '', $jumpUrl = '', $ajax = false) D:\Develop\WWW\movier\api\Application\Api\Controller\CommonController.class.php 第 142 行.
SQL: SHOW COLUMNS FROM `publish` [ RunTime:0.0148s ]
NOTIC: [8] Undefined index: sortrule D:\Develop\WWW\movier\api\Application\Api\Model\PublishModel.class.php 第 107 行.
SQL: SELECT publish.*,users.nickname,users.sex,users.headpic,users.start,'http://172.20.10.2/movier/statics/uploads/' as _url FROM `publish` LEFT JOIN users on users.user_id =publish.user_id  WHERE `publishtype` = 'demand' ORDER BY publish_id desc LIMIT 0,6   [ RunTime:0.0007s ]
SQL: SHOW COLUMNS FROM `photos` [ RunTime:0.0054s ]
SQL: SELECT `photo_folder`,`photo_name`,`photo_type` FROM `photos` WHERE ( source_id=8 ) LIMIT 6   [ RunTime:0.0003s ]

[ 2016-08-30T00:58:43+08:00 ] 192.168.1.7 /movier/api/User/updatepos?token=asdqwe
INFO: [ app_init ] --START--
INFO: Run Behavior\BuildLiteBehavior [ RunTime:0.000017s ]
INFO: [ app_init ] --END-- [ RunTime:0.000616s ]
INFO: [ app_begin ] --START--
INFO: Run Behavior\ReadHtmlCacheBehavior [ RunTime:0.000725s ]
INFO: [ app_begin ] --END-- [ RunTime:0.000785s ]
NOTIC: [2048] Declaration of Api\Controller\CommonController::error() should be compatible with Think\Controller::error($message = '', $jumpUrl = '', $ajax = false) D:\Develop\WWW\movier\api\Application\Api\Controller\CommonController.class.php 第 142 行.
NOTIC: [2048] Declaration of Api\Controller\CommonController::success() should be compatible with Think\Controller::success($message = '', $jumpUrl = '', $ajax = false) D:\Develop\WWW\movier\api\Application\Api\Controller\CommonController.class.php 第 142 行.

[ 2016-08-30T00:59:15+08:00 ] 192.168.1.7 /movier/api/User/login?token=asdqwe
INFO: [ app_init ] --START--
INFO: Run Behavior\BuildLiteBehavior [ RunTime:0.000016s ]
INFO: [ app_init ] --END-- [ RunTime:0.000487s ]
INFO: [ app_begin ] --START--
INFO: Run Behavior\ReadHtmlCacheBehavior [ RunTime:0.000563s ]
INFO: [ app_begin ] --END-- [ RunTime:0.000627s ]
NOTIC: [2048] Declaration of Api\Controller\CommonController::error() should be compatible with Think\Controller::error($message = '', $jumpUrl = '', $ajax = false) D:\Develop\WWW\movier\api\Application\Api\Controller\CommonController.class.php 第 142 行.
NOTIC: [2048] Declaration of Api\Controller\CommonController::success() should be compatible with Think\Controller::success($message = '', $jumpUrl = '', $ajax = false) D:\Develop\WWW\movier\api\Application\Api\Controller\CommonController.class.php 第 142 行.
SQL: SHOW COLUMNS FROM `users` [ RunTime:0.0057s ]
SQL: SELECT * FROM `users` WHERE `mobile` = '18620081053' LIMIT 1   [ RunTime:0.0005s ]

[ 2016-08-30T00:59:30+08:00 ] 192.168.1.7 /movier/api/User/updatepos?token=asdqwe
INFO: [ app_init ] --START--
INFO: Run Behavior\BuildLiteBehavior [ RunTime:0.000014s ]
INFO: [ app_init ] --END-- [ RunTime:0.000487s ]
INFO: [ app_begin ] --START--
INFO: Run Behavior\ReadHtmlCacheBehavior [ RunTime:0.000708s ]
INFO: [ app_begin ] --END-- [ RunTime:0.000793s ]
NOTIC: [2048] Declaration of Api\Controller\CommonController::error() should be compatible with Think\Controller::error($message = '', $jumpUrl = '', $ajax = false) D:\Develop\WWW\movier\api\Application\Api\Controller\CommonController.class.php 第 142 行.
NOTIC: [2048] Declaration of Api\Controller\CommonController::success() should be compatible with Think\Controller::success($message = '', $jumpUrl = '', $ajax = false) D:\Develop\WWW\movier\api\Application\Api\Controller\CommonController.class.php 第 142 行.

[ 2016-08-30T00:59:58+08:00 ] 192.168.1.7 /movier/api/Publish/getlist?token=asdqwe
INFO: [ app_init ] --START--
INFO: Run Behavior\BuildLiteBehavior [ RunTime:0.000015s ]
INFO: [ app_init ] --END-- [ RunTime:0.000488s ]
INFO: [ app_begin ] --START--
INFO: Run Behavior\ReadHtmlCacheBehavior [ RunTime:0.000647s ]
INFO: [ app_begin ] --END-- [ RunTime:0.000715s ]
NOTIC: [2048] Declaration of Api\Controller\CommonController::error() should be compatible with Think\Controller::error($message = '', $jumpUrl = '', $ajax = false) D:\Develop\WWW\movier\api\Application\Api\Controller\CommonController.class.php 第 142 行.
NOTIC: [2048] Declaration of Api\Controller\CommonController::success() should be compatible with Think\Controller::success($message = '', $jumpUrl = '', $ajax = false) D:\Develop\WWW\movier\api\Application\Api\Controller\CommonController.class.php 第 142 行.
SQL: SHOW COLUMNS FROM `publish` [ RunTime:0.0058s ]
NOTIC: [8] Undefined index: sortrule D:\Develop\WWW\movier\api\Application\Api\Model\PublishModel.class.php 第 107 行.
SQL: SELECT publish.*,users.nickname,users.sex,users.headpic,users.start,'http://172.20.10.2/movier/statics/uploads/' as _url FROM `publish` LEFT JOIN users on users.user_id =publish.user_id  WHERE `publishtype` = 'demand' ORDER BY publish_id desc LIMIT 0,6   [ RunTime:0.0006s ]
SQL: SHOW COLUMNS FROM `photos` [ RunTime:0.0050s ]
SQL: SELECT `photo_folder`,`photo_name`,`photo_type` FROM `photos` WHERE ( source_id=8 ) LIMIT 6   [ RunTime:0.0003s ]

[ 2016-08-30T01:13:59+08:00 ] 192.168.1.7 /movier/api/Publish/getlist?token=asdqwe
INFO: [ app_init ] --START--
INFO: Run Behavior\BuildLiteBehavior [ RunTime:0.000016s ]
INFO: [ app_init ] --END-- [ RunTime:0.000530s ]
INFO: [ app_begin ] --START--
INFO: Run Behavior\ReadHtmlCacheBehavior [ RunTime:0.000702s ]
INFO: [ app_begin ] --END-- [ RunTime:0.000768s ]
NOTIC: [2048] Declaration of Api\Controller\CommonController::error() should be compatible with Think\Controller::error($message = '', $jumpUrl = '', $ajax = false) D:\Develop\WWW\movier\api\Application\Api\Controller\CommonController.class.php 第 142 行.
NOTIC: [2048] Declaration of Api\Controller\CommonController::success() should be compatible with Think\Controller::success($message = '', $jumpUrl = '', $ajax = false) D:\Develop\WWW\movier\api\Application\Api\Controller\CommonController.class.php 第 142 行.
SQL: SHOW COLUMNS FROM `publish` [ RunTime:1.6856s ]
NOTIC: [8] Undefined index: sortrule D:\Develop\WWW\movier\api\Application\Api\Model\PublishModel.class.php 第 107 行.
SQL: SELECT publish.*,users.nickname,users.sex,users.headpic,users.start,'http://172.20.10.2/movier/statics/uploads/' as _url FROM `publish` LEFT JOIN users on users.user_id =publish.user_id  WHERE `publishtype` = 'demand' ORDER BY publish_id desc LIMIT 0,6   [ RunTime:0.0564s ]
SQL: SHOW COLUMNS FROM `photos` [ RunTime:0.0051s ]
SQL: SELECT `photo_folder`,`photo_name`,`photo_type` FROM `photos` WHERE ( source_id=8 ) LIMIT 6   [ RunTime:0.0003s ]

[ 2016-08-30T02:34:58+08:00 ] 192.168.1.7 /movier/api/User/updatepos?token=asdqwe
INFO: [ app_init ] --START--
INFO: Run Behavior\BuildLiteBehavior [ RunTime:0.000022s ]
INFO: [ app_init ] --END-- [ RunTime:0.001172s ]
INFO: [ app_begin ] --START--
INFO: Run Behavior\ReadHtmlCacheBehavior [ RunTime:0.000783s ]
INFO: [ app_begin ] --END-- [ RunTime:0.000854s ]
NOTIC: [2048] Declaration of Api\Controller\CommonController::error() should be compatible with Think\Controller::error($message = '', $jumpUrl = '', $ajax = false) D:\Develop\WWW\movier\api\Application\Api\Controller\CommonController.class.php 第 142 行.
NOTIC: [2048] Declaration of Api\Controller\CommonController::success() should be compatible with Think\Controller::success($message = '', $jumpUrl = '', $ajax = false) D:\Develop\WWW\movier\api\Application\Api\Controller\CommonController.class.php 第 142 行.

[ 2016-08-30T02:35:10+08:00 ] 192.168.1.7 /movier/api/Publish/getlist?token=asdqwe
INFO: [ app_init ] --START--
INFO: Run Behavior\BuildLiteBehavior [ RunTime:0.000015s ]
INFO: [ app_init ] --END-- [ RunTime:0.000494s ]
INFO: [ app_begin ] --START--
INFO: Run Behavior\ReadHtmlCacheBehavior [ RunTime:0.000601s ]
INFO: [ app_begin ] --END-- [ RunTime:0.000660s ]
NOTIC: [2048] Declaration of Api\Controller\CommonController::error() should be compatible with Think\Controller::error($message = '', $jumpUrl = '', $ajax = false) D:\Develop\WWW\movier\api\Application\Api\Controller\CommonController.class.php 第 142 行.
NOTIC: [2048] Declaration of Api\Controller\CommonController::success() should be compatible with Think\Controller::success($message = '', $jumpUrl = '', $ajax = false) D:\Develop\WWW\movier\api\Application\Api\Controller\CommonController.class.php 第 142 行.
SQL: SHOW COLUMNS FROM `publish` [ RunTime:0.0064s ]
NOTIC: [8] Undefined index: sortrule D:\Develop\WWW\movier\api\Application\Api\Model\PublishModel.class.php 第 107 行.
SQL: SELECT publish.*,users.nickname,users.sex,users.headpic,users.start,'http://172.20.10.2/movier/statics/uploads/' as _url FROM `publish` LEFT JOIN users on users.user_id =publish.user_id  WHERE `publishtype` = 'demand' ORDER BY publish_id desc LIMIT 0,6   [ RunTime:0.0008s ]
SQL: SHOW COLUMNS FROM `photos` [ RunTime:0.0050s ]
SQL: SELECT `photo_folder`,`photo_name`,`photo_type` FROM `photos` WHERE ( source_id=8 ) LIMIT 6   [ RunTime:0.0004s ]

[ 2016-08-30T02:40:51+08:00 ] 192.168.1.6 /movier/api/nearby/movier?token=asdqwe
INFO: [ app_init ] --START--
INFO: Run Behavior\BuildLiteBehavior [ RunTime:0.000019s ]
INFO: [ app_init ] --END-- [ RunTime:0.000716s ]
INFO: [ app_begin ] --START--
INFO: Run Behavior\ReadHtmlCacheBehavior [ RunTime:0.000709s ]
INFO: [ app_begin ] --END-- [ RunTime:0.000778s ]
NOTIC: [2048] Declaration of Api\Controller\CommonController::error() should be compatible with Think\Controller::error($message = '', $jumpUrl = '', $ajax = false) D:\Develop\WWW\movier\api\Application\Api\Controller\CommonController.class.php 第 142 行.
NOTIC: [2048] Declaration of Api\Controller\CommonController::success() should be compatible with Think\Controller::success($message = '', $jumpUrl = '', $ajax = false) D:\Develop\WWW\movier\api\Application\Api\Controller\CommonController.class.php 第 142 行.

[ 2016-08-30T02:42:11+08:00 ] 192.168.1.6 /movier/api/nearby/movier?token=asdqwe
INFO: [ app_init ] --START--
INFO: Run Behavior\BuildLiteBehavior [ RunTime:0.000027s ]
INFO: [ app_init ] --END-- [ RunTime:0.000643s ]
INFO: [ app_begin ] --START--
INFO: Run Behavior\ReadHtmlCacheBehavior [ RunTime:0.000594s ]
INFO: [ app_begin ] --END-- [ RunTime:0.000668s ]
NOTIC: [2048] Declaration of Api\Controller\CommonController::error() should be compatible with Think\Controller::error($message = '', $jumpUrl = '', $ajax = false) D:\Develop\WWW\movier\api\Application\Api\Controller\CommonController.class.php 第 142 行.
NOTIC: [2048] Declaration of Api\Controller\CommonController::success() should be compatible with Think\Controller::success($message = '', $jumpUrl = '', $ajax = false) D:\Develop\WWW\movier\api\Application\Api\Controller\CommonController.class.php 第 142 行.
NOTIC: [8] Undefined index:  D:\Develop\WWW\movier\api\Application\Api\Controller\NearbyController.class.php 第 24 行.
NOTIC: [8] Undefined index:  D:\Develop\WWW\movier\api\Application\Api\Controller\NearbyController.class.php 第 25 行.
NOTIC: [8] Undefined index:  D:\Develop\WWW\movier\api\Application\Api\Controller\NearbyController.class.php 第 26 行.
NOTIC: [8] Undefined index:  D:\Develop\WWW\movier\api\Application\Api\Controller\NearbyController.class.php 第 27 行.

[ 2016-08-30T02:42:32+08:00 ] 192.168.1.6 /movier/api/nearby/movier?token=asdqwe
INFO: [ app_init ] --START--
INFO: Run Behavior\BuildLiteBehavior [ RunTime:0.000025s ]
INFO: [ app_init ] --END-- [ RunTime:0.000716s ]
INFO: [ app_begin ] --START--
INFO: Run Behavior\ReadHtmlCacheBehavior [ RunTime:0.000613s ]
INFO: [ app_begin ] --END-- [ RunTime:0.000690s ]
NOTIC: [2048] Declaration of Api\Controller\CommonController::error() should be compatible with Think\Controller::error($message = '', $jumpUrl = '', $ajax = false) D:\Develop\WWW\movier\api\Application\Api\Controller\CommonController.class.php 第 142 行.
NOTIC: [2048] Declaration of Api\Controller\CommonController::success() should be compatible with Think\Controller::success($message = '', $jumpUrl = '', $ajax = false) D:\Develop\WWW\movier\api\Application\Api\Controller\CommonController.class.php 第 142 行.
NOTIC: [8] Undefined index:  D:\Develop\WWW\movier\api\Application\Api\Controller\NearbyController.class.php 第 24 行.
NOTIC: [8] Undefined index:  D:\Develop\WWW\movier\api\Application\Api\Controller\NearbyController.class.php 第 25 行.
NOTIC: [8] Undefined index:  D:\Develop\WWW\movier\api\Application\Api\Controller\NearbyController.class.php 第 26 行.
NOTIC: [8] Undefined index:  D:\Develop\WWW\movier\api\Application\Api\Controller\NearbyController.class.php 第 27 行.

[ 2016-08-30T02:42:55+08:00 ] 192.168.1.6 /movier/api/nearby/movier?token=asdqwe
INFO: [ app_init ] --START--
INFO: Run Behavior\BuildLiteBehavior [ RunTime:0.000019s ]
INFO: [ app_init ] --END-- [ RunTime:0.000524s ]
INFO: [ app_begin ] --START--
INFO: Run Behavior\ReadHtmlCacheBehavior [ RunTime:0.003510s ]
INFO: [ app_begin ] --END-- [ RunTime:0.003621s ]
NOTIC: [2048] Declaration of Api\Controller\CommonController::error() should be compatible with Think\Controller::error($message = '', $jumpUrl = '', $ajax = false) D:\Develop\WWW\movier\api\Application\Api\Controller\CommonController.class.php 第 142 行.
NOTIC: [2048] Declaration of Api\Controller\CommonController::success() should be compatible with Think\Controller::success($message = '', $jumpUrl = '', $ajax = false) D:\Develop\WWW\movier\api\Application\Api\Controller\CommonController.class.php 第 142 行.
NOTIC: [8] Undefined index:  D:\Develop\WWW\movier\api\Application\Api\Controller\NearbyController.class.php 第 24 行.
NOTIC: [8] Undefined index:  D:\Develop\WWW\movier\api\Application\Api\Controller\NearbyController.class.php 第 25 行.
NOTIC: [8] Undefined index:  D:\Develop\WWW\movier\api\Application\Api\Controller\NearbyController.class.php 第 26 行.
NOTIC: [8] Undefined index:  D:\Develop\WWW\movier\api\Application\Api\Controller\NearbyController.class.php 第 27 行.

[ 2016-08-30T02:44:03+08:00 ] 192.168.1.6 /movier/api/nearby/movier?token=asdqwe
INFO: [ app_init ] --START--
INFO: Run Behavior\BuildLiteBehavior [ RunTime:0.000017s ]
INFO: [ app_init ] --END-- [ RunTime:0.000480s ]
INFO: [ app_begin ] --START--
INFO: Run Behavior\ReadHtmlCacheBehavior [ RunTime:0.000863s ]
INFO: [ app_begin ] --END-- [ RunTime:0.000955s ]
NOTIC: [2048] Declaration of Api\Controller\CommonController::error() should be compatible with Think\Controller::error($message = '', $jumpUrl = '', $ajax = false) D:\Develop\WWW\movier\api\Application\Api\Controller\CommonController.class.php 第 142 行.
NOTIC: [2048] Declaration of Api\Controller\CommonController::success() should be compatible with Think\Controller::success($message = '', $jumpUrl = '', $ajax = false) D:\Develop\WWW\movier\api\Application\Api\Controller\CommonController.class.php 第 142 行.
NOTIC: [2] Illegal string offset 'longitude' D:\Develop\WWW\movier\api\Application\Api\Controller\NearbyController.class.php 第 25 行.
NOTIC: [2] Illegal string offset 'latitude' D:\Develop\WWW\movier\api\Application\Api\Controller\NearbyController.class.php 第 25 行.
NOTIC: [8] Undefined index:  D:\Develop\WWW\movier\api\Application\Api\Controller\NearbyController.class.php 第 26 行.
NOTIC: [8] Undefined index:  D:\Develop\WWW\movier\api\Application\Api\Controller\NearbyController.class.php 第 27 行.
NOTIC: [8] Undefined index:  D:\Develop\WWW\movier\api\Application\Api\Controller\NearbyController.class.php 第 28 行.

[ 2016-08-30T02:44:39+08:00 ] 192.168.1.6 /movier/api/nearby/movier?token=asdqwe
INFO: [ app_init ] --START--
INFO: Run Behavior\BuildLiteBehavior [ RunTime:0.000017s ]
INFO: [ app_init ] --END-- [ RunTime:0.000476s ]
INFO: [ app_begin ] --START--
INFO: Run Behavior\ReadHtmlCacheBehavior [ RunTime:0.000696s ]
INFO: [ app_begin ] --END-- [ RunTime:0.000787s ]
NOTIC: [2048] Declaration of Api\Controller\CommonController::error() should be compatible with Think\Controller::error($message = '', $jumpUrl = '', $ajax = false) D:\Develop\WWW\movier\api\Application\Api\Controller\CommonController.class.php 第 142 行.
NOTIC: [2048] Declaration of Api\Controller\CommonController::success() should be compatible with Think\Controller::success($message = '', $jumpUrl = '', $ajax = false) D:\Develop\WWW\movier\api\Application\Api\Controller\CommonController.class.php 第 142 行.
NOTIC: [2] Illegal string offset 'longitude' D:\Develop\WWW\movier\api\Application\Api\Controller\NearbyController.class.php 第 25 行.
NOTIC: [2] Illegal string offset 'latitude' D:\Develop\WWW\movier\api\Application\Api\Controller\NearbyController.class.php 第 25 行.

[ 2016-08-30T02:44:41+08:00 ] 192.168.1.6 /movier/api/nearby/movier?token=asdqwe
INFO: [ app_init ] --START--
INFO: Run Behavior\BuildLiteBehavior [ RunTime:0.000017s ]
INFO: [ app_init ] --END-- [ RunTime:0.000489s ]
INFO: [ app_begin ] --START--
INFO: Run Behavior\ReadHtmlCacheBehavior [ RunTime:0.000641s ]
INFO: [ app_begin ] --END-- [ RunTime:0.000719s ]
NOTIC: [2048] Declaration of Api\Controller\CommonController::error() should be compatible with Think\Controller::error($message = '', $jumpUrl = '', $ajax = false) D:\Develop\WWW\movier\api\Application\Api\Controller\CommonController.class.php 第 142 行.
NOTIC: [2048] Declaration of Api\Controller\CommonController::success() should be compatible with Think\Controller::success($message = '', $jumpUrl = '', $ajax = false) D:\Develop\WWW\movier\api\Application\Api\Controller\CommonController.class.php 第 142 行.
NOTIC: [2] Illegal string offset 'longitude' D:\Develop\WWW\movier\api\Application\Api\Controller\NearbyController.class.php 第 25 行.
NOTIC: [2] Illegal string offset 'latitude' D:\Develop\WWW\movier\api\Application\Api\Controller\NearbyController.class.php 第 25 行.

[ 2016-08-30T02:46:21+08:00 ] 192.168.1.6 /movier/api/nearby/movier?token=asdqwe
INFO: [ app_init ] --START--
INFO: Run Behavior\BuildLiteBehavior [ RunTime:0.000018s ]
INFO: [ app_init ] --END-- [ RunTime:0.000589s ]
INFO: [ app_begin ] --START--
INFO: Run Behavior\ReadHtmlCacheBehavior [ RunTime:0.000948s ]
INFO: [ app_begin ] --END-- [ RunTime:0.001051s ]
NOTIC: [2048] Declaration of Api\Controller\CommonController::error() should be compatible with Think\Controller::error($message = '', $jumpUrl = '', $ajax = false) D:\Develop\WWW\movier\api\Application\Api\Controller\CommonController.class.php 第 142 行.
NOTIC: [2048] Declaration of Api\Controller\CommonController::success() should be compatible with Think\Controller::success($message = '', $jumpUrl = '', $ajax = false) D:\Develop\WWW\movier\api\Application\Api\Controller\CommonController.class.php 第 142 行.

[ 2016-08-30T04:17:02+08:00 ] 192.168.1.6 /movier/api/nearby/movier?token=asdqwe
INFO: [ app_init ] --START--
INFO: Run Behavior\BuildLiteBehavior [ RunTime:0.000024s ]
INFO: [ app_init ] --END-- [ RunTime:0.000579s ]
INFO: [ app_begin ] --START--
INFO: Run Behavior\ReadHtmlCacheBehavior [ RunTime:0.000777s ]
INFO: [ app_begin ] --END-- [ RunTime:0.000851s ]
NOTIC: [2048] Declaration of Api\Controller\CommonController::error() should be compatible with Think\Controller::error($message = '', $jumpUrl = '', $ajax = false) D:\Develop\WWW\movier\api\Application\Api\Controller\CommonController.class.php 第 142 行.
NOTIC: [2048] Declaration of Api\Controller\CommonController::success() should be compatible with Think\Controller::success($message = '', $jumpUrl = '', $ajax = false) D:\Develop\WWW\movier\api\Application\Api\Controller\CommonController.class.php 第 142 行.
NOTIC: [8] Undefined index: radius D:\Develop\WWW\movier\api\Application\Api\Controller\NearbyController.class.php 第 26 行.

[ 2016-08-30T04:30:43+08:00 ] 192.168.1.7 /movier/api/User/updatepos?token=asdqwe
INFO: [ app_init ] --START--
INFO: Run Behavior\BuildLiteBehavior [ RunTime:0.000017s ]
INFO: [ app_init ] --END-- [ RunTime:0.000559s ]
INFO: [ app_begin ] --START--
INFO: Run Behavior\ReadHtmlCacheBehavior [ RunTime:0.000734s ]
INFO: [ app_begin ] --END-- [ RunTime:0.000801s ]
NOTIC: [2048] Declaration of Api\Controller\CommonController::error() should be compatible with Think\Controller::error($message = '', $jumpUrl = '', $ajax = false) D:\Develop\WWW\movier\api\Application\Api\Controller\CommonController.class.php 第 142 行.
NOTIC: [2048] Declaration of Api\Controller\CommonController::success() should be compatible with Think\Controller::success($message = '', $jumpUrl = '', $ajax = false) D:\Develop\WWW\movier\api\Application\Api\Controller\CommonController.class.php 第 142 行.

[ 2016-08-30T04:31:21+08:00 ] 192.168.1.7 /movier/api/Publish/getlist?token=asdqwe
INFO: [ app_init ] --START--
INFO: Run Behavior\BuildLiteBehavior [ RunTime:0.000018s ]
INFO: [ app_init ] --END-- [ RunTime:0.000503s ]
INFO: [ app_begin ] --START--
INFO: Run Behavior\ReadHtmlCacheBehavior [ RunTime:0.000612s ]
INFO: [ app_begin ] --END-- [ RunTime:0.000685s ]
NOTIC: [2048] Declaration of Api\Controller\CommonController::error() should be compatible with Think\Controller::error($message = '', $jumpUrl = '', $ajax = false) D:\Develop\WWW\movier\api\Application\Api\Controller\CommonController.class.php 第 142 行.
NOTIC: [2048] Declaration of Api\Controller\CommonController::success() should be compatible with Think\Controller::success($message = '', $jumpUrl = '', $ajax = false) D:\Develop\WWW\movier\api\Application\Api\Controller\CommonController.class.php 第 142 行.
SQL: SHOW COLUMNS FROM `publish` [ RunTime:0.0073s ]
NOTIC: [8] Undefined index: sortrule D:\Develop\WWW\movier\api\Application\Api\Model\PublishModel.class.php 第 107 行.
SQL: SELECT publish.*,users.nickname,users.sex,users.headpic,users.start,'http://172.20.10.2/movier/statics/uploads/' as _url FROM `publish` LEFT JOIN users on users.user_id =publish.user_id  WHERE `publishtype` = 'demand' ORDER BY publish_id desc LIMIT 0,6   [ RunTime:0.0012s ]
SQL: SHOW COLUMNS FROM `photos` [ RunTime:0.0059s ]
SQL: SELECT `photo_folder`,`photo_name`,`photo_type` FROM `photos` WHERE ( source_id=8 ) LIMIT 6   [ RunTime:0.0004s ]

[ 2016-08-30T05:07:09+08:00 ] 192.168.1.6 /movier/api/nearby/movier?token=asdqwe
INFO: [ app_init ] --START--
INFO: Run Behavior\BuildLiteBehavior [ RunTime:0.000021s ]
INFO: [ app_init ] --END-- [ RunTime:0.000819s ]
INFO: [ app_begin ] --START--
INFO: Run Behavior\ReadHtmlCacheBehavior [ RunTime:0.000974s ]
INFO: [ app_begin ] --END-- [ RunTime:0.001073s ]
NOTIC: [2048] Declaration of Api\Controller\CommonController::error() should be compatible with Think\Controller::error($message = '', $jumpUrl = '', $ajax = false) D:\Develop\WWW\movier\api\Application\Api\Controller\CommonController.class.php 第 142 行.
NOTIC: [2048] Declaration of Api\Controller\CommonController::success() should be compatible with Think\Controller::success($message = '', $jumpUrl = '', $ajax = false) D:\Develop\WWW\movier\api\Application\Api\Controller\CommonController.class.php 第 142 行.
NOTIC: [8] Undefined index: radius D:\Develop\WWW\movier\api\Application\Api\Controller\NearbyController.class.php 第 26 行.

[ 2016-08-30T05:07:56+08:00 ] 192.168.1.6 /movier/api/nearby/movier?token=asdqwe
INFO: [ app_init ] --START--
INFO: Run Behavior\BuildLiteBehavior [ RunTime:0.000025s ]
INFO: [ app_init ] --END-- [ RunTime:0.000779s ]
INFO: [ app_begin ] --START--
INFO: Run Behavior\ReadHtmlCacheBehavior [ RunTime:0.000683s ]
INFO: [ app_begin ] --END-- [ RunTime:0.000776s ]
NOTIC: [2048] Declaration of Api\Controller\CommonController::error() should be compatible with Think\Controller::error($message = '', $jumpUrl = '', $ajax = false) D:\Develop\WWW\movier\api\Application\Api\Controller\CommonController.class.php 第 142 行.
NOTIC: [2048] Declaration of Api\Controller\CommonController::success() should be compatible with Think\Controller::success($message = '', $jumpUrl = '', $ajax = false) D:\Develop\WWW\movier\api\Application\Api\Controller\CommonController.class.php 第 142 行.

[ 2016-08-30T05:08:01+08:00 ] 192.168.1.6 /movier/api/nearby/movier?token=asdqwe
INFO: [ app_init ] --START--
INFO: Run Behavior\BuildLiteBehavior [ RunTime:0.000019s ]
INFO: [ app_init ] --END-- [ RunTime:0.000593s ]
INFO: [ app_begin ] --START--
INFO: Run Behavior\ReadHtmlCacheBehavior [ RunTime:0.000763s ]
INFO: [ app_begin ] --END-- [ RunTime:0.000840s ]
NOTIC: [2048] Declaration of Api\Controller\CommonController::error() should be compatible with Think\Controller::error($message = '', $jumpUrl = '', $ajax = false) D:\Develop\WWW\movier\api\Application\Api\Controller\CommonController.class.php 第 142 行.
NOTIC: [2048] Declaration of Api\Controller\CommonController::success() should be compatible with Think\Controller::success($message = '', $jumpUrl = '', $ajax = false) D:\Develop\WWW\movier\api\Application\Api\Controller\CommonController.class.php 第 142 行.

[ 2016-08-30T14:36:51+08:00 ] 192.168.1.7 /movier/api/User/updatepos?token=asdqwe
INFO: [ app_init ] --START--
INFO: Run Behavior\BuildLiteBehavior [ RunTime:0.000016s ]
INFO: [ app_init ] --END-- [ RunTime:0.000620s ]
INFO: [ app_begin ] --START--
INFO: Run Behavior\ReadHtmlCacheBehavior [ RunTime:0.000775s ]
INFO: [ app_begin ] --END-- [ RunTime:0.000840s ]
NOTIC: [2048] Declaration of Api\Controller\CommonController::error() should be compatible with Think\Controller::error($message = '', $jumpUrl = '', $ajax = false) D:\Develop\WWW\movier\api\Application\Api\Controller\CommonController.class.php 第 142 行.
NOTIC: [2048] Declaration of Api\Controller\CommonController::success() should be compatible with Think\Controller::success($message = '', $jumpUrl = '', $ajax = false) D:\Develop\WWW\movier\api\Application\Api\Controller\CommonController.class.php 第 142 行.

[ 2016-08-30T14:40:10+08:00 ] 192.168.1.7 /movier/api/Publish/getlist?token=asdqwe
INFO: [ app_init ] --START--
INFO: Run Behavior\BuildLiteBehavior [ RunTime:0.000015s ]
INFO: [ app_init ] --END-- [ RunTime:0.000528s ]
INFO: [ app_begin ] --START--
INFO: Run Behavior\ReadHtmlCacheBehavior [ RunTime:0.000712s ]
INFO: [ app_begin ] --END-- [ RunTime:0.000772s ]
NOTIC: [2048] Declaration of Api\Controller\CommonController::error() should be compatible with Think\Controller::error($message = '', $jumpUrl = '', $ajax = false) D:\Develop\WWW\movier\api\Application\Api\Controller\CommonController.class.php 第 142 行.
NOTIC: [2048] Declaration of Api\Controller\CommonController::success() should be compatible with Think\Controller::success($message = '', $jumpUrl = '', $ajax = false) D:\Develop\WWW\movier\api\Application\Api\Controller\CommonController.class.php 第 142 行.
SQL: SHOW COLUMNS FROM `publish` [ RunTime:0.0060s ]
NOTIC: [8] Undefined index: sortrule D:\Develop\WWW\movier\api\Application\Api\Model\PublishModel.class.php 第 107 行.
SQL: SELECT publish.*,users.nickname,users.sex,users.headpic,users.start,'http://172.20.10.2/movier/statics/uploads/' as _url FROM `publish` LEFT JOIN users on users.user_id =publish.user_id  WHERE `publishtype` = null AND `severtype` = '0' ORDER BY publish_id desc LIMIT 0,6   [ RunTime:0.0473s ]
SQL: SHOW COLUMNS FROM `photos` [ RunTime:0.0046s ]

[ 2016-08-30T15:26:17+08:00 ] 192.168.1.7 /movier/api/Publish/getlist?token=asdqwe
INFO: [ app_init ] --START--
INFO: Run Behavior\BuildLiteBehavior [ RunTime:0.000017s ]
INFO: [ app_init ] --END-- [ RunTime:0.000540s ]
INFO: [ app_begin ] --START--
INFO: Run Behavior\ReadHtmlCacheBehavior [ RunTime:0.000759s ]
INFO: [ app_begin ] --END-- [ RunTime:0.000829s ]
NOTIC: [2048] Declaration of Api\Controller\CommonController::error() should be compatible with Think\Controller::error($message = '', $jumpUrl = '', $ajax = false) D:\Develop\WWW\movier\api\Application\Api\Controller\CommonController.class.php 第 142 行.
NOTIC: [2048] Declaration of Api\Controller\CommonController::success() should be compatible with Think\Controller::success($message = '', $jumpUrl = '', $ajax = false) D:\Develop\WWW\movier\api\Application\Api\Controller\CommonController.class.php 第 142 行.
SQL: SHOW COLUMNS FROM `publish` [ RunTime:1.2968s ]
NOTIC: [8] Undefined index: sortrule D:\Develop\WWW\movier\api\Application\Api\Model\PublishModel.class.php 第 107 行.
SQL: SELECT publish.*,users.nickname,users.sex,users.headpic,users.start,'http://172.20.10.2/movier/statics/uploads/' as _url FROM `publish` LEFT JOIN users on users.user_id =publish.user_id  WHERE `publishtype` = null AND `severtype` = '2' ORDER BY publish_id desc LIMIT 0,6   [ RunTime:0.0006s ]
SQL: SHOW COLUMNS FROM `photos` [ RunTime:0.0053s ]

[ 2016-08-30T15:26:27+08:00 ] 192.168.1.7 /movier/api/Publish/getlist?token=asdqwe
INFO: [ app_init ] --START--
INFO: Run Behavior\BuildLiteBehavior [ RunTime:0.000017s ]
INFO: [ app_init ] --END-- [ RunTime:0.000493s ]
INFO: [ app_begin ] --START--
INFO: Run Behavior\ReadHtmlCacheBehavior [ RunTime:0.000707s ]
INFO: [ app_begin ] --END-- [ RunTime:0.000792s ]
NOTIC: [2048] Declaration of Api\Controller\CommonController::error() should be compatible with Think\Controller::error($message = '', $jumpUrl = '', $ajax = false) D:\Develop\WWW\movier\api\Application\Api\Controller\CommonController.class.php 第 142 行.
NOTIC: [2048] Declaration of Api\Controller\CommonController::success() should be compatible with Think\Controller::success($message = '', $jumpUrl = '', $ajax = false) D:\Develop\WWW\movier\api\Application\Api\Controller\CommonController.class.php 第 142 行.
SQL: SHOW COLUMNS FROM `publish` [ RunTime:0.0064s ]
NOTIC: [8] Undefined index: sortrule D:\Develop\WWW\movier\api\Application\Api\Model\PublishModel.class.php 第 107 行.
SQL: SELECT publish.*,users.nickname,users.sex,users.headpic,users.start,'http://172.20.10.2/movier/statics/uploads/' as _url FROM `publish` LEFT JOIN users on users.user_id =publish.user_id  WHERE `publishtype` = null AND `severtype` = '0' ORDER BY publish_id desc LIMIT 0,6   [ RunTime:0.0006s ]
SQL: SHOW COLUMNS FROM `photos` [ RunTime:0.0056s ]

[ 2016-08-30T15:26:33+08:00 ] 192.168.1.7 /movier/api/Publish/getlist?token=asdqwe
INFO: [ app_init ] --START--
INFO: Run Behavior\BuildLiteBehavior [ RunTime:0.000017s ]
INFO: [ app_init ] --END-- [ RunTime:0.000540s ]
INFO: [ app_begin ] --START--
INFO: Run Behavior\ReadHtmlCacheBehavior [ RunTime:0.000619s ]
INFO: [ app_begin ] --END-- [ RunTime:0.000688s ]
NOTIC: [2048] Declaration of Api\Controller\CommonController::error() should be compatible with Think\Controller::error($message = '', $jumpUrl = '', $ajax = false) D:\Develop\WWW\movier\api\Application\Api\Controller\CommonController.class.php 第 142 行.
NOTIC: [2048] Declaration of Api\Controller\CommonController::success() should be compatible with Think\Controller::success($message = '', $jumpUrl = '', $ajax = false) D:\Develop\WWW\movier\api\Application\Api\Controller\CommonController.class.php 第 142 行.
SQL: SHOW COLUMNS FROM `publish` [ RunTime:0.0059s ]
NOTIC: [8] Undefined index: sortrule D:\Develop\WWW\movier\api\Application\Api\Model\PublishModel.class.php 第 107 行.
SQL: SELECT publish.*,users.nickname,users.sex,users.headpic,users.start,'http://172.20.10.2/movier/statics/uploads/' as _url FROM `publish` LEFT JOIN users on users.user_id =publish.user_id  WHERE `publishtype` = null AND `severtype` = '0' ORDER BY publish_id desc LIMIT 0,6   [ RunTime:0.0005s ]
SQL: SHOW COLUMNS FROM `photos` [ RunTime:0.0062s ]

[ 2016-08-30T17:19:59+08:00 ] 192.168.1.7 /movier/api/User/updatepos?token=asdqwe
INFO: [ app_init ] --START--
INFO: Run Behavior\BuildLiteBehavior [ RunTime:0.000018s ]
INFO: [ app_init ] --END-- [ RunTime:0.000594s ]
INFO: [ app_begin ] --START--
INFO: Run Behavior\ReadHtmlCacheBehavior [ RunTime:0.000947s ]
INFO: [ app_begin ] --END-- [ RunTime:0.001032s ]
NOTIC: [2048] Declaration of Api\Controller\CommonController::error() should be compatible with Think\Controller::error($message = '', $jumpUrl = '', $ajax = false) D:\Develop\WWW\movier\api\Application\Api\Controller\CommonController.class.php 第 142 行.
NOTIC: [2048] Declaration of Api\Controller\CommonController::success() should be compatible with Think\Controller::success($message = '', $jumpUrl = '', $ajax = false) D:\Develop\WWW\movier\api\Application\Api\Controller\CommonController.class.php 第 142 行.

[ 2016-08-30T17:25:03+08:00 ] 192.168.1.7 /movier/api/Publish/getlist?token=asdqwe
INFO: [ app_init ] --START--
INFO: Run Behavior\BuildLiteBehavior [ RunTime:0.000018s ]
INFO: [ app_init ] --END-- [ RunTime:0.000628s ]
INFO: [ app_begin ] --START--
INFO: Run Behavior\ReadHtmlCacheBehavior [ RunTime:0.000838s ]
INFO: [ app_begin ] --END-- [ RunTime:0.000948s ]
NOTIC: [2048] Declaration of Api\Controller\CommonController::error() should be compatible with Think\Controller::error($message = '', $jumpUrl = '', $ajax = false) D:\Develop\WWW\movier\api\Application\Api\Controller\CommonController.class.php 第 142 行.
NOTIC: [2048] Declaration of Api\Controller\CommonController::success() should be compatible with Think\Controller::success($message = '', $jumpUrl = '', $ajax = false) D:\Develop\WWW\movier\api\Application\Api\Controller\CommonController.class.php 第 142 行.
SQL: SHOW COLUMNS FROM `publish` [ RunTime:1.7430s ]
NOTIC: [8] Undefined index: sortrule D:\Develop\WWW\movier\api\Application\Api\Model\PublishModel.class.php 第 107 行.
SQL: SELECT publish.*,users.nickname,users.sex,users.headpic,users.start,'http://172.20.10.2/movier/statics/uploads/' as _url FROM `publish` LEFT JOIN users on users.user_id =publish.user_id  WHERE `publishtype` = 'demand' ORDER BY publish_id desc LIMIT 0,6   [ RunTime:0.0013s ]
SQL: SHOW COLUMNS FROM `photos` [ RunTime:0.0063s ]
SQL: SELECT `photo_folder`,`photo_name`,`photo_type` FROM `photos` WHERE ( source_id=8 ) LIMIT 6   [ RunTime:0.0004s ]

